INFO:root:discriminator/aggregate/transform_aggregate/fully_connected/biases:0 ((200,)): 200 params
INFO:root:discriminator/aggregate/transform_aggregate/fully_connected_1/weights:0 ((200, 200)): 40000 params
INFO:root:discriminator/aggregate/transform_aggregate/fully_connected_1/biases:0 ((200,)): 200 params
INFO:root:discriminator/aggregate/fully_connected/weights:0 ((200, 3)): 600 params
INFO:root:discriminator/aggregate/fully_connected/biases:0 ((3,)): 3 params
INFO:nli-debug-cli.py:Total Trainable Discriminator Parameters: 12075203
INFO:tensorflow:Restoring parameters from models/snli/dam_1/acl/batch_dsearch_reg_v11/dam_1_0
INFO:tensorflow:Restoring parameters from models/snli/dam_1/acl/batch_dsearch_reg_v11/dam_1_0
  0%|          | 0/8 [00:00<?, ?it/s] 12%|█▎        | 1/8 [00:02<00:19,  2.79s/it] 25%|██▌       | 2/8 [00:03<00:11,  1.89s/it] 38%|███▊      | 3/8 [00:04<00:07,  1.53s/it] 50%|█████     | 4/8 [00:05<00:05,  1.37s/it] 62%|██████▎   | 5/8 [00:06<00:04,  1.34s/it] 75%|███████▌  | 6/8 [00:07<00:02,  1.30s/it] 88%|████████▊ | 7/8 [00:09<00:01,  1.32s/it]100%|██████████| 8/8 [00:10<00:00,  1.26s/it]
INFO:nli-debug-cli.py:Number of examples: 960
INFO:nli-debug-cli.py:Accuracy: 0.6094
INFO:nli-debug-cli.py:(S1 contradicts S2) XOR (S2 contradicts S1): 498
INFO:nli-debug-cli.py:(S1 contradicts S2): 411
INFO:nli-debug-cli.py:(S1 contradicts S2) AND NOT(S2 contradicts S1): 249 (0.6058)
INFO:nli-debug-cli.py:(S1 entailment S2): 105
INFO:nli-debug-cli.py:(S1 entailment S2) AND (S2 contradicts S1): 46 (0.4381)
INFO:nli-debug-cli.py:(S1 neutral S2): 411
INFO:nli-debug-cli.py:(S1 neutral S2) AND (S2 contradicts S1): 203 (0.4939)
INFO:nli-debug-cli.py:(True): 1920 [960 + 960]
INFO:nli-debug-cli.py:(True) AND NOT(S1 entails S1): 4 [2 + 2] (0.0021)
