INFO:root:discriminator/aggregate/transform_aggregate/fully_connected/biases:0 ((200,)): 200 params
INFO:root:discriminator/aggregate/transform_aggregate/fully_connected_1/weights:0 ((200, 200)): 40000 params
INFO:root:discriminator/aggregate/transform_aggregate/fully_connected_1/biases:0 ((200,)): 200 params
INFO:root:discriminator/aggregate/fully_connected/weights:0 ((200, 3)): 600 params
INFO:root:discriminator/aggregate/fully_connected/biases:0 ((3,)): 3 params
INFO:nli-debug-cli.py:Total Trainable Discriminator Parameters: 12075203
INFO:tensorflow:Restoring parameters from models/snli/dam_1/acl/batch_dsearch_reg_v11/dam_1_9
INFO:tensorflow:Restoring parameters from models/snli/dam_1/acl/batch_dsearch_reg_v11/dam_1_9
  0%|          | 0/16 [00:00<?, ?it/s]  6%|▋         | 1/16 [00:02<00:31,  2.08s/it] 12%|█▎        | 2/16 [00:02<00:18,  1.35s/it] 19%|█▉        | 3/16 [00:03<00:16,  1.24s/it] 25%|██▌       | 4/16 [00:04<00:12,  1.08s/it] 31%|███▏      | 5/16 [00:05<00:11,  1.06s/it] 38%|███▊      | 6/16 [00:06<00:11,  1.17s/it] 44%|████▍     | 7/16 [00:07<00:10,  1.14s/it] 50%|█████     | 8/16 [00:08<00:08,  1.10s/it] 56%|█████▋    | 9/16 [00:09<00:07,  1.07s/it] 62%|██████▎   | 10/16 [00:10<00:06,  1.05s/it] 69%|██████▉   | 11/16 [00:11<00:05,  1.02s/it] 75%|███████▌  | 12/16 [00:11<00:03,  1.03it/s] 81%|████████▏ | 13/16 [00:12<00:02,  1.06it/s] 88%|████████▊ | 14/16 [00:12<00:01,  1.09it/s] 94%|█████████▍| 15/16 [00:13<00:00,  1.09it/s]100%|██████████| 16/16 [00:13<00:00,  1.16it/s]
INFO:nli-debug-cli.py:Number of examples: 1924
INFO:nli-debug-cli.py:Accuracy: 0.6705
INFO:nli-debug-cli.py:(S1 contradicts S2) XOR (S2 contradicts S1): 974
INFO:nli-debug-cli.py:(S1 contradicts S2): 519
INFO:nli-debug-cli.py:(S1 contradicts S2) AND NOT(S2 contradicts S1): 487 (0.9383)
INFO:nli-debug-cli.py:(S1 entailment S2): 226
INFO:nli-debug-cli.py:(S1 entailment S2) AND (S2 contradicts S1): 35 (0.1549)
INFO:nli-debug-cli.py:(S1 neutral S2): 519
INFO:nli-debug-cli.py:(S1 neutral S2) AND (S2 contradicts S1): 452 (0.8709)
INFO:nli-debug-cli.py:(True): 3848 [1924 + 1924]
INFO:nli-debug-cli.py:(True) AND NOT(S1 entails S1): 10 [5 + 5] (0.0026)
