INFO:root:discriminator/aggregate/transform_aggregate/fully_connected/biases:0 ((200,)): 200 params
INFO:root:discriminator/aggregate/transform_aggregate/fully_connected_1/weights:0 ((200, 200)): 40000 params
INFO:root:discriminator/aggregate/transform_aggregate/fully_connected_1/biases:0 ((200,)): 200 params
INFO:root:discriminator/aggregate/fully_connected/weights:0 ((200, 3)): 600 params
INFO:root:discriminator/aggregate/fully_connected/biases:0 ((3,)): 3 params
INFO:nli-debug-cli.py:Total Trainable Discriminator Parameters: 12075203
INFO:tensorflow:Restoring parameters from models/snli/dam_1/acl/batch_dsearch_reg_v11/dam_1_9
INFO:tensorflow:Restoring parameters from models/snli/dam_1/acl/batch_dsearch_reg_v11/dam_1_9
  0%|          | 0/16 [00:00<?, ?it/s]  6%|▋         | 1/16 [00:06<01:37,  6.49s/it] 12%|█▎        | 2/16 [00:07<00:49,  3.55s/it] 19%|█▉        | 3/16 [00:07<00:32,  2.52s/it] 25%|██▌       | 4/16 [00:07<00:23,  2.00s/it] 31%|███▏      | 5/16 [00:08<00:19,  1.74s/it] 38%|███▊      | 6/16 [00:09<00:15,  1.53s/it] 44%|████▍     | 7/16 [00:09<00:12,  1.39s/it] 50%|█████     | 8/16 [00:10<00:10,  1.30s/it] 56%|█████▋    | 9/16 [00:11<00:08,  1.23s/it] 62%|██████▎   | 10/16 [00:11<00:06,  1.16s/it] 69%|██████▉   | 11/16 [00:11<00:05,  1.09s/it] 75%|███████▌  | 12/16 [00:12<00:04,  1.04s/it] 81%|████████▏ | 13/16 [00:13<00:03,  1.01s/it] 88%|████████▊ | 14/16 [00:14<00:02,  1.01s/it] 94%|█████████▍| 15/16 [00:14<00:00,  1.01it/s]100%|██████████| 16/16 [00:14<00:00,  1.08it/s]
INFO:nli-debug-cli.py:Number of examples: 1930
INFO:nli-debug-cli.py:Accuracy: 0.6523
INFO:nli-debug-cli.py:(S1 contradicts S2) XOR (S2 contradicts S1): 650
INFO:nli-debug-cli.py:(S1 contradicts S2): 559
INFO:nli-debug-cli.py:(S1 contradicts S2) AND NOT(S2 contradicts S1): 325 (0.5814)
INFO:nli-debug-cli.py:(S1 entailment S2): 205
INFO:nli-debug-cli.py:(S1 entailment S2) AND (S2 contradicts S1): 22 (0.1073)
INFO:nli-debug-cli.py:(S1 neutral S2): 559
INFO:nli-debug-cli.py:(S1 neutral S2) AND (S2 contradicts S1): 303 (0.5420)
INFO:nli-debug-cli.py:(True): 3860 [1930 + 1930]
INFO:nli-debug-cli.py:(True) AND NOT(S1 entails S1): 12 [6 + 6] (0.0031)
