INFO:root:discriminator/aggregate/transform_aggregate/fully_connected/biases:0 ((200,)): 200 params
INFO:root:discriminator/aggregate/transform_aggregate/fully_connected_1/weights:0 ((200, 200)): 40000 params
INFO:root:discriminator/aggregate/transform_aggregate/fully_connected_1/biases:0 ((200,)): 200 params
INFO:root:discriminator/aggregate/fully_connected/weights:0 ((200, 3)): 600 params
INFO:root:discriminator/aggregate/fully_connected/biases:0 ((3,)): 3 params
INFO:nli-debug-cli.py:Total Trainable Discriminator Parameters: 12075203
INFO:tensorflow:Restoring parameters from models/snli/dam_1/acl/batch_dsearch_reg_v11/dam_1_12
INFO:tensorflow:Restoring parameters from models/snli/dam_1/acl/batch_dsearch_reg_v11/dam_1_12
  0%|          | 0/16 [00:00<?, ?it/s]  6%|▋         | 1/16 [00:02<00:42,  2.81s/it] 12%|█▎        | 2/16 [00:03<00:24,  1.73s/it] 19%|█▉        | 3/16 [00:04<00:18,  1.39s/it] 25%|██▌       | 4/16 [00:04<00:14,  1.21s/it] 31%|███▏      | 5/16 [00:05<00:12,  1.13s/it] 38%|███▊      | 6/16 [00:06<00:11,  1.14s/it] 44%|████▍     | 7/16 [00:08<00:10,  1.19s/it] 50%|█████     | 8/16 [00:09<00:09,  1.16s/it] 56%|█████▋    | 9/16 [00:10<00:08,  1.17s/it] 62%|██████▎   | 10/16 [00:11<00:06,  1.13s/it] 69%|██████▉   | 11/16 [00:12<00:05,  1.13s/it] 75%|███████▌  | 12/16 [00:14<00:04,  1.17s/it] 81%|████████▏ | 13/16 [00:15<00:03,  1.20s/it] 88%|████████▊ | 14/16 [00:16<00:02,  1.20s/it] 94%|█████████▍| 15/16 [00:17<00:01,  1.19s/it]100%|██████████| 16/16 [00:17<00:00,  1.12s/it]
INFO:nli-debug-cli.py:Number of examples: 1928
INFO:nli-debug-cli.py:Accuracy: 0.6727
INFO:nli-debug-cli.py:(S1 contradicts S2) XOR (S2 contradicts S1): 818
INFO:nli-debug-cli.py:(S1 contradicts S2): 491
INFO:nli-debug-cli.py:(S1 contradicts S2) AND NOT(S2 contradicts S1): 409 (0.8330)
INFO:nli-debug-cli.py:(S1 entailment S2): 197
INFO:nli-debug-cli.py:(S1 entailment S2) AND (S2 contradicts S1): 10 (0.0508)
INFO:nli-debug-cli.py:(S1 neutral S2): 491
INFO:nli-debug-cli.py:(S1 neutral S2) AND (S2 contradicts S1): 399 (0.8126)
INFO:nli-debug-cli.py:(True): 3856 [1928 + 1928]
INFO:nli-debug-cli.py:(True) AND NOT(S1 entails S1): 3016 [1508 + 1508] (0.7822)
