INFO:root:discriminator/aggregate/transform_aggregate/fully_connected/biases:0 ((200,)): 200 params
INFO:root:discriminator/aggregate/transform_aggregate/fully_connected_1/weights:0 ((200, 200)): 40000 params
INFO:root:discriminator/aggregate/transform_aggregate/fully_connected_1/biases:0 ((200,)): 200 params
INFO:root:discriminator/aggregate/fully_connected/weights:0 ((200, 3)): 600 params
INFO:root:discriminator/aggregate/fully_connected/biases:0 ((3,)): 3 params
INFO:nli-debug-cli.py:Total Trainable Discriminator Parameters: 12075203
INFO:tensorflow:Restoring parameters from models/snli/dam_1/acl/batch_dsearch_reg_v11/dam_1_12
INFO:tensorflow:Restoring parameters from models/snli/dam_1/acl/batch_dsearch_reg_v11/dam_1_12
  0%|          | 0/8 [00:00<?, ?it/s] 12%|█▎        | 1/8 [00:03<00:23,  3.39s/it] 25%|██▌       | 2/8 [00:04<00:13,  2.32s/it] 38%|███▊      | 3/8 [00:06<00:11,  2.23s/it] 50%|█████     | 4/8 [00:08<00:08,  2.05s/it] 62%|██████▎   | 5/8 [00:10<00:06,  2.07s/it] 75%|███████▌  | 6/8 [00:12<00:04,  2.11s/it] 88%|████████▊ | 7/8 [00:14<00:02,  2.01s/it]100%|██████████| 8/8 [00:14<00:00,  1.84s/it]
INFO:nli-debug-cli.py:Number of examples: 964
INFO:nli-debug-cli.py:Accuracy: 0.6691
INFO:nli-debug-cli.py:(S1 contradicts S2) XOR (S2 contradicts S1): 454
INFO:nli-debug-cli.py:(S1 contradicts S2): 231
INFO:nli-debug-cli.py:(S1 contradicts S2) AND NOT(S2 contradicts S1): 227 (0.9827)
INFO:nli-debug-cli.py:(S1 entailment S2): 114
INFO:nli-debug-cli.py:(S1 entailment S2) AND (S2 contradicts S1): 9 (0.0789)
INFO:nli-debug-cli.py:(S1 neutral S2): 231
INFO:nli-debug-cli.py:(S1 neutral S2) AND (S2 contradicts S1): 218 (0.9437)
INFO:nli-debug-cli.py:(True): 1928 [964 + 964]
INFO:nli-debug-cli.py:(True) AND NOT(S1 entails S1): 1494 [747 + 747] (0.7749)
