INFO:root:discriminator/aggregate/transform_aggregate/fully_connected/biases:0 ((200,)): 200 params
INFO:root:discriminator/aggregate/transform_aggregate/fully_connected_1/weights:0 ((200, 200)): 40000 params
INFO:root:discriminator/aggregate/transform_aggregate/fully_connected_1/biases:0 ((200,)): 200 params
INFO:root:discriminator/aggregate/fully_connected/weights:0 ((200, 3)): 600 params
INFO:root:discriminator/aggregate/fully_connected/biases:0 ((3,)): 3 params
INFO:nli-debug-cli.py:Total Trainable Discriminator Parameters: 12075203
INFO:tensorflow:Restoring parameters from models/snli/dam_1/acl/batch_dsearch_reg_v11/dam_1_12
INFO:tensorflow:Restoring parameters from models/snli/dam_1/acl/batch_dsearch_reg_v11/dam_1_12
  0%|          | 0/8 [00:00<?, ?it/s] 12%|█▎        | 1/8 [00:02<00:15,  2.26s/it] 25%|██▌       | 2/8 [00:03<00:10,  1.80s/it] 38%|███▊      | 3/8 [00:04<00:07,  1.54s/it] 50%|█████     | 4/8 [00:05<00:05,  1.35s/it] 62%|██████▎   | 5/8 [00:06<00:03,  1.29s/it] 75%|███████▌  | 6/8 [00:07<00:02,  1.19s/it] 88%|████████▊ | 7/8 [00:08<00:01,  1.15s/it]100%|██████████| 8/8 [00:08<00:00,  1.10s/it]
INFO:nli-debug-cli.py:Number of examples: 960
INFO:nli-debug-cli.py:Accuracy: 0.6500
INFO:nli-debug-cli.py:(S1 contradicts S2) XOR (S2 contradicts S1): 366
INFO:nli-debug-cli.py:(S1 contradicts S2): 271
INFO:nli-debug-cli.py:(S1 contradicts S2) AND NOT(S2 contradicts S1): 183 (0.6753)
INFO:nli-debug-cli.py:(S1 entailment S2): 90
INFO:nli-debug-cli.py:(S1 entailment S2) AND (S2 contradicts S1): 6 (0.0667)
INFO:nli-debug-cli.py:(S1 neutral S2): 271
INFO:nli-debug-cli.py:(S1 neutral S2) AND (S2 contradicts S1): 177 (0.6531)
INFO:nli-debug-cli.py:(True): 1920 [960 + 960]
INFO:nli-debug-cli.py:(True) AND NOT(S1 entails S1): 1548 [774 + 774] (0.8063)
