INFO:root:discriminator/aggregate/transform_aggregate/fully_connected/biases:0 ((200,)): 200 params
INFO:root:discriminator/aggregate/transform_aggregate/fully_connected_1/weights:0 ((200, 200)): 40000 params
INFO:root:discriminator/aggregate/transform_aggregate/fully_connected_1/biases:0 ((200,)): 200 params
INFO:root:discriminator/aggregate/fully_connected/weights:0 ((200, 3)): 600 params
INFO:root:discriminator/aggregate/fully_connected/biases:0 ((3,)): 3 params
INFO:nli-debug-cli.py:Total Trainable Discriminator Parameters: 12075203
INFO:tensorflow:Restoring parameters from models/snli/dam_1/acl/batch_dsearch_reg_v11/dam_1_15
INFO:tensorflow:Restoring parameters from models/snli/dam_1/acl/batch_dsearch_reg_v11/dam_1_15
  0%|          | 0/16 [00:00<?, ?it/s]  6%|▋         | 1/16 [00:03<00:51,  3.46s/it] 12%|█▎        | 2/16 [00:04<00:31,  2.23s/it] 19%|█▉        | 3/16 [00:05<00:25,  1.93s/it] 25%|██▌       | 4/16 [00:06<00:20,  1.70s/it] 31%|███▏      | 5/16 [00:07<00:17,  1.56s/it] 38%|███▊      | 6/16 [00:09<00:15,  1.52s/it] 44%|████▍     | 7/16 [00:10<00:13,  1.54s/it] 50%|█████     | 8/16 [00:11<00:11,  1.48s/it] 56%|█████▋    | 9/16 [00:13<00:10,  1.46s/it] 62%|██████▎   | 10/16 [00:14<00:08,  1.42s/it] 69%|██████▉   | 11/16 [00:15<00:06,  1.37s/it] 75%|███████▌  | 12/16 [00:17<00:05,  1.44s/it] 81%|████████▏ | 13/16 [00:18<00:04,  1.42s/it] 88%|████████▊ | 14/16 [00:19<00:02,  1.36s/it] 94%|█████████▍| 15/16 [00:19<00:01,  1.33s/it]100%|██████████| 16/16 [00:19<00:00,  1.25s/it]
INFO:nli-debug-cli.py:Number of examples: 1928
INFO:nli-debug-cli.py:Accuracy: 0.6795
INFO:nli-debug-cli.py:(S1 contradicts S2) XOR (S2 contradicts S1): 734
INFO:nli-debug-cli.py:(S1 contradicts S2): 419
INFO:nli-debug-cli.py:(S1 contradicts S2) AND NOT(S2 contradicts S1): 367 (0.8759)
INFO:nli-debug-cli.py:(S1 entailment S2): 193
INFO:nli-debug-cli.py:(S1 entailment S2) AND (S2 contradicts S1): 3 (0.0155)
INFO:nli-debug-cli.py:(S1 neutral S2): 419
INFO:nli-debug-cli.py:(S1 neutral S2) AND (S2 contradicts S1): 364 (0.8687)
INFO:nli-debug-cli.py:(True): 3856 [1928 + 1928]
INFO:nli-debug-cli.py:(True) AND NOT(S1 entails S1): 3834 [1917 + 1917] (0.9943)
