INFO:root:discriminator/aggregate/transform_aggregate/fully_connected/biases:0 ((200,)): 200 params
INFO:root:discriminator/aggregate/transform_aggregate/fully_connected_1/weights:0 ((200, 200)): 40000 params
INFO:root:discriminator/aggregate/transform_aggregate/fully_connected_1/biases:0 ((200,)): 200 params
INFO:root:discriminator/aggregate/fully_connected/weights:0 ((200, 3)): 600 params
INFO:root:discriminator/aggregate/fully_connected/biases:0 ((3,)): 3 params
INFO:nli-debug-cli.py:Total Trainable Discriminator Parameters: 12075203
INFO:tensorflow:Restoring parameters from models/snli/dam_1/acl/batch_dsearch_reg_v11/dam_1_15
INFO:tensorflow:Restoring parameters from models/snli/dam_1/acl/batch_dsearch_reg_v11/dam_1_15
  0%|          | 0/16 [00:00<?, ?it/s]  6%|▋         | 1/16 [00:05<01:20,  5.36s/it] 12%|█▎        | 2/16 [00:05<00:41,  2.96s/it] 19%|█▉        | 3/16 [00:06<00:28,  2.20s/it] 25%|██▌       | 4/16 [00:07<00:21,  1.81s/it] 31%|███▏      | 5/16 [00:08<00:17,  1.63s/it] 38%|███▊      | 6/16 [00:09<00:15,  1.51s/it] 44%|████▍     | 7/16 [00:09<00:12,  1.39s/it] 50%|█████     | 8/16 [00:10<00:10,  1.29s/it] 56%|█████▋    | 9/16 [00:10<00:08,  1.21s/it] 62%|██████▎   | 10/16 [00:11<00:06,  1.15s/it] 69%|██████▉   | 11/16 [00:12<00:05,  1.12s/it] 75%|███████▌  | 12/16 [00:12<00:04,  1.06s/it] 81%|████████▏ | 13/16 [00:13<00:03,  1.06s/it] 88%|████████▊ | 14/16 [00:14<00:02,  1.06s/it] 94%|█████████▍| 15/16 [00:16<00:01,  1.08s/it]100%|██████████| 16/16 [00:16<00:00,  1.02s/it]
INFO:nli-debug-cli.py:Number of examples: 1924
INFO:nli-debug-cli.py:Accuracy: 0.7043
INFO:nli-debug-cli.py:(S1 contradicts S2) XOR (S2 contradicts S1): 774
INFO:nli-debug-cli.py:(S1 contradicts S2): 415
INFO:nli-debug-cli.py:(S1 contradicts S2) AND NOT(S2 contradicts S1): 387 (0.9325)
INFO:nli-debug-cli.py:(S1 entailment S2): 209
INFO:nli-debug-cli.py:(S1 entailment S2) AND (S2 contradicts S1): 3 (0.0144)
INFO:nli-debug-cli.py:(S1 neutral S2): 415
INFO:nli-debug-cli.py:(S1 neutral S2) AND (S2 contradicts S1): 384 (0.9253)
INFO:nli-debug-cli.py:(True): 3848 [1924 + 1924]
INFO:nli-debug-cli.py:(True) AND NOT(S1 entails S1): 3812 [1906 + 1906] (0.9906)
