INFO:root:discriminator/aggregate/transform_aggregate/fully_connected/biases:0 ((200,)): 200 params
INFO:root:discriminator/aggregate/transform_aggregate/fully_connected_1/weights:0 ((200, 200)): 40000 params
INFO:root:discriminator/aggregate/transform_aggregate/fully_connected_1/biases:0 ((200,)): 200 params
INFO:root:discriminator/aggregate/fully_connected/weights:0 ((200, 3)): 600 params
INFO:root:discriminator/aggregate/fully_connected/biases:0 ((3,)): 3 params
INFO:nli-debug-cli.py:Total Trainable Discriminator Parameters: 12075203
INFO:tensorflow:Restoring parameters from models/snli/dam_1/acl/batch_dsearch_reg_v7/dam_1_0
INFO:tensorflow:Restoring parameters from models/snli/dam_1/acl/batch_dsearch_reg_v7/dam_1_0
  0%|          | 0/16 [00:00<?, ?it/s]  6%|▋         | 1/16 [00:02<00:42,  2.81s/it] 12%|█▎        | 2/16 [00:03<00:27,  1.93s/it] 19%|█▉        | 3/16 [00:04<00:20,  1.55s/it] 25%|██▌       | 4/16 [00:05<00:15,  1.31s/it] 31%|███▏      | 5/16 [00:05<00:12,  1.17s/it] 38%|███▊      | 6/16 [00:06<00:11,  1.10s/it] 44%|████▍     | 7/16 [00:07<00:09,  1.08s/it] 50%|█████     | 8/16 [00:08<00:08,  1.05s/it] 56%|█████▋    | 9/16 [00:09<00:07,  1.02s/it] 62%|██████▎   | 10/16 [00:10<00:06,  1.01s/it] 69%|██████▉   | 11/16 [00:10<00:04,  1.03it/s] 75%|███████▌  | 12/16 [00:11<00:03,  1.04it/s] 81%|████████▏ | 13/16 [00:12<00:02,  1.07it/s] 88%|████████▊ | 14/16 [00:12<00:01,  1.09it/s] 94%|█████████▍| 15/16 [00:13<00:00,  1.12it/s]100%|██████████| 16/16 [00:13<00:00,  1.19it/s]
INFO:nli-debug-cli.py:Number of examples: 1930
INFO:nli-debug-cli.py:Accuracy: 0.6088
INFO:nli-debug-cli.py:(S1 contradicts S2) XOR (S2 contradicts S1): 864
INFO:nli-debug-cli.py:(S1 contradicts S2): 764
INFO:nli-debug-cli.py:(S1 contradicts S2) AND NOT(S2 contradicts S1): 432 (0.5654)
INFO:nli-debug-cli.py:(S1 entailment S2): 226
INFO:nli-debug-cli.py:(S1 entailment S2) AND (S2 contradicts S1): 78 (0.3451)
INFO:nli-debug-cli.py:(S1 neutral S2): 764
INFO:nli-debug-cli.py:(S1 neutral S2) AND (S2 contradicts S1): 354 (0.4634)
INFO:nli-debug-cli.py:(True): 3860 [1930 + 1930]
INFO:nli-debug-cli.py:(True) AND NOT(S1 entails S1): 6 [3 + 3] (0.0016)
