INFO:root:discriminator/aggregate/transform_aggregate/fully_connected/biases:0 ((200,)): 200 params
INFO:root:discriminator/aggregate/transform_aggregate/fully_connected_1/weights:0 ((200, 200)): 40000 params
INFO:root:discriminator/aggregate/transform_aggregate/fully_connected_1/biases:0 ((200,)): 200 params
INFO:root:discriminator/aggregate/fully_connected/weights:0 ((200, 3)): 600 params
INFO:root:discriminator/aggregate/fully_connected/biases:0 ((3,)): 3 params
INFO:nli-debug-cli.py:Total Trainable Discriminator Parameters: 12075203
INFO:tensorflow:Restoring parameters from models/snli/dam_1/acl/batch_dsearch_reg_v7/dam_1_0
INFO:tensorflow:Restoring parameters from models/snli/dam_1/acl/batch_dsearch_reg_v7/dam_1_0
  0%|          | 0/8 [00:00<?, ?it/s] 12%|█▎        | 1/8 [00:04<00:33,  4.78s/it] 25%|██▌       | 2/8 [00:05<00:17,  2.99s/it] 38%|███▊      | 3/8 [00:06<00:11,  2.23s/it] 50%|█████     | 4/8 [00:08<00:08,  2.00s/it] 62%|██████▎   | 5/8 [00:09<00:05,  1.88s/it] 75%|███████▌  | 6/8 [00:10<00:03,  1.78s/it] 88%|████████▊ | 7/8 [00:12<00:01,  1.75s/it]100%|██████████| 8/8 [00:12<00:00,  1.60s/it]
INFO:nli-debug-cli.py:Number of examples: 960
INFO:nli-debug-cli.py:Accuracy: 0.6115
INFO:nli-debug-cli.py:(S1 contradicts S2) XOR (S2 contradicts S1): 494
INFO:nli-debug-cli.py:(S1 contradicts S2): 411
INFO:nli-debug-cli.py:(S1 contradicts S2) AND NOT(S2 contradicts S1): 247 (0.6010)
INFO:nli-debug-cli.py:(S1 entailment S2): 105
INFO:nli-debug-cli.py:(S1 entailment S2) AND (S2 contradicts S1): 45 (0.4286)
INFO:nli-debug-cli.py:(S1 neutral S2): 411
INFO:nli-debug-cli.py:(S1 neutral S2) AND (S2 contradicts S1): 202 (0.4915)
INFO:nli-debug-cli.py:(True): 1920 [960 + 960]
INFO:nli-debug-cli.py:(True) AND NOT(S1 entails S1): 4 [2 + 2] (0.0021)
