INFO:root:discriminator/aggregate/transform_aggregate/fully_connected/biases:0 ((200,)): 200 params
INFO:root:discriminator/aggregate/transform_aggregate/fully_connected_1/weights:0 ((200, 200)): 40000 params
INFO:root:discriminator/aggregate/transform_aggregate/fully_connected_1/biases:0 ((200,)): 200 params
INFO:root:discriminator/aggregate/fully_connected/weights:0 ((200, 3)): 600 params
INFO:root:discriminator/aggregate/fully_connected/biases:0 ((3,)): 3 params
INFO:nli-debug-cli.py:Total Trainable Discriminator Parameters: 12075203
INFO:tensorflow:Restoring parameters from models/snli/dam_1/acl/batch_dsearch_reg_v7/dam_1_6
INFO:tensorflow:Restoring parameters from models/snli/dam_1/acl/batch_dsearch_reg_v7/dam_1_6
  0%|          | 0/8 [00:00<?, ?it/s] 12%|█▎        | 1/8 [00:04<00:31,  4.46s/it] 25%|██▌       | 2/8 [00:05<00:16,  2.76s/it] 38%|███▊      | 3/8 [00:07<00:11,  2.37s/it] 50%|█████     | 4/8 [00:08<00:08,  2.15s/it] 62%|██████▎   | 5/8 [00:10<00:06,  2.06s/it] 75%|███████▌  | 6/8 [00:12<00:04,  2.12s/it] 88%|████████▊ | 7/8 [00:14<00:02,  2.09s/it]100%|██████████| 8/8 [00:15<00:00,  1.92s/it]
INFO:nli-debug-cli.py:Number of examples: 964
INFO:nli-debug-cli.py:Accuracy: 0.4772
INFO:nli-debug-cli.py:(S1 contradicts S2) XOR (S2 contradicts S1): 642
INFO:nli-debug-cli.py:(S1 contradicts S2): 333
INFO:nli-debug-cli.py:(S1 contradicts S2) AND NOT(S2 contradicts S1): 321 (0.9640)
INFO:nli-debug-cli.py:(S1 entailment S2): 300
INFO:nli-debug-cli.py:(S1 entailment S2) AND (S2 contradicts S1): 113 (0.3767)
INFO:nli-debug-cli.py:(S1 neutral S2): 333
INFO:nli-debug-cli.py:(S1 neutral S2) AND (S2 contradicts S1): 208 (0.6246)
INFO:nli-debug-cli.py:(True): 1928 [964 + 964]
INFO:nli-debug-cli.py:(True) AND NOT(S1 entails S1): 0 [0 + 0] (0.0000)
