INFO:root:discriminator/aggregate/transform_aggregate/fully_connected/biases:0 ((200,)): 200 params
INFO:root:discriminator/aggregate/transform_aggregate/fully_connected_1/weights:0 ((200, 200)): 40000 params
INFO:root:discriminator/aggregate/transform_aggregate/fully_connected_1/biases:0 ((200,)): 200 params
INFO:root:discriminator/aggregate/fully_connected/weights:0 ((200, 3)): 600 params
INFO:root:discriminator/aggregate/fully_connected/biases:0 ((3,)): 3 params
INFO:nli-debug-cli.py:Total Trainable Discriminator Parameters: 12075203
INFO:tensorflow:Restoring parameters from models/snli/dam_1/acl/batch_dsearch_reg_v7/dam_1_9
INFO:tensorflow:Restoring parameters from models/snli/dam_1/acl/batch_dsearch_reg_v7/dam_1_9
  0%|          | 0/2 [00:00<?, ?it/s] 50%|█████     | 1/2 [00:02<00:02,  2.50s/it]100%|██████████| 2/2 [00:02<00:00,  1.48s/it]
INFO:nli-debug-cli.py:Number of examples: 192
INFO:nli-debug-cli.py:Accuracy: 0.4531
INFO:nli-debug-cli.py:(S1 contradicts S2) XOR (S2 contradicts S1): 76
INFO:nli-debug-cli.py:(S1 contradicts S2): 38
INFO:nli-debug-cli.py:(S1 contradicts S2) AND NOT(S2 contradicts S1): 38 (1.0000)
INFO:nli-debug-cli.py:(S1 entailment S2): 111
INFO:nli-debug-cli.py:(S1 entailment S2) AND (S2 contradicts S1): 28 (0.2523)
INFO:nli-debug-cli.py:(S1 neutral S2): 38
INFO:nli-debug-cli.py:(S1 neutral S2) AND (S2 contradicts S1): 10 (0.2632)
INFO:nli-debug-cli.py:(True): 384 [192 + 192]
INFO:nli-debug-cli.py:(True) AND NOT(S1 entails S1): 0 [0 + 0] (0.0000)
