INFO:root:discriminator/aggregate/transform_aggregate/fully_connected/biases:0 ((200,)): 200 params
INFO:root:discriminator/aggregate/transform_aggregate/fully_connected_1/weights:0 ((200, 200)): 40000 params
INFO:root:discriminator/aggregate/transform_aggregate/fully_connected_1/biases:0 ((200,)): 200 params
INFO:root:discriminator/aggregate/fully_connected/weights:0 ((200, 3)): 600 params
INFO:root:discriminator/aggregate/fully_connected/biases:0 ((3,)): 3 params
INFO:nli-debug-cli.py:Total Trainable Discriminator Parameters: 12075203
INFO:tensorflow:Restoring parameters from models/snli/dam_1/acl/batch_dsearch_reg_v7/dam_1_12
INFO:tensorflow:Restoring parameters from models/snli/dam_1/acl/batch_dsearch_reg_v7/dam_1_12
  0%|          | 0/8 [00:00<?, ?it/s] 12%|█▎        | 1/8 [00:02<00:19,  2.76s/it] 25%|██▌       | 2/8 [00:03<00:10,  1.81s/it] 38%|███▊      | 3/8 [00:05<00:09,  2.00s/it] 50%|█████     | 4/8 [00:07<00:07,  1.94s/it] 62%|██████▎   | 5/8 [00:09<00:05,  1.87s/it] 75%|███████▌  | 6/8 [00:12<00:04,  2.01s/it] 88%|████████▊ | 7/8 [00:13<00:01,  1.98s/it]100%|██████████| 8/8 [00:14<00:00,  1.84s/it]
INFO:nli-debug-cli.py:Number of examples: 964
INFO:nli-debug-cli.py:Accuracy: 0.4305
INFO:nli-debug-cli.py:(S1 contradicts S2) XOR (S2 contradicts S1): 332
INFO:nli-debug-cli.py:(S1 contradicts S2): 180
INFO:nli-debug-cli.py:(S1 contradicts S2) AND NOT(S2 contradicts S1): 166 (0.9222)
INFO:nli-debug-cli.py:(S1 entailment S2): 564
INFO:nli-debug-cli.py:(S1 entailment S2) AND (S2 contradicts S1): 159 (0.2819)
INFO:nli-debug-cli.py:(S1 neutral S2): 180
INFO:nli-debug-cli.py:(S1 neutral S2) AND (S2 contradicts S1): 7 (0.0389)
INFO:nli-debug-cli.py:(True): 1928 [964 + 964]
INFO:nli-debug-cli.py:(True) AND NOT(S1 entails S1): 0 [0 + 0] (0.0000)
