INFO:root:discriminator/aggregate/transform_aggregate/fully_connected/biases:0 ((200,)): 200 params
INFO:root:discriminator/aggregate/transform_aggregate/fully_connected_1/weights:0 ((200, 200)): 40000 params
INFO:root:discriminator/aggregate/transform_aggregate/fully_connected_1/biases:0 ((200,)): 200 params
INFO:root:discriminator/aggregate/fully_connected/weights:0 ((200, 3)): 600 params
INFO:root:discriminator/aggregate/fully_connected/biases:0 ((3,)): 3 params
INFO:nli-debug-cli.py:Total Trainable Discriminator Parameters: 12075203
INFO:tensorflow:Restoring parameters from models/snli/dam_1/acl/batch_dsearch_reg_v7/dam_1_12
INFO:tensorflow:Restoring parameters from models/snli/dam_1/acl/batch_dsearch_reg_v7/dam_1_12
  0%|          | 0/16 [00:00<?, ?it/s]  6%|▋         | 1/16 [00:03<00:47,  3.19s/it] 12%|█▎        | 2/16 [00:04<00:30,  2.16s/it] 19%|█▉        | 3/16 [00:05<00:22,  1.72s/it] 25%|██▌       | 4/16 [00:05<00:17,  1.49s/it] 31%|███▏      | 5/16 [00:06<00:14,  1.36s/it] 38%|███▊      | 6/16 [00:07<00:12,  1.26s/it] 44%|████▍     | 7/16 [00:08<00:11,  1.24s/it] 50%|█████     | 8/16 [00:09<00:09,  1.16s/it] 56%|█████▋    | 9/16 [00:10<00:07,  1.11s/it] 62%|██████▎   | 10/16 [00:10<00:06,  1.09s/it] 69%|██████▉   | 11/16 [00:11<00:05,  1.06s/it] 75%|███████▌  | 12/16 [00:12<00:04,  1.04s/it] 81%|████████▏ | 13/16 [00:13<00:03,  1.02s/it] 88%|████████▊ | 14/16 [00:13<00:01,  1.01it/s] 94%|█████████▍| 15/16 [00:14<00:00,  1.01it/s]100%|██████████| 16/16 [00:14<00:00,  1.07it/s]
INFO:nli-debug-cli.py:Number of examples: 1930
INFO:nli-debug-cli.py:Accuracy: 0.4135
INFO:nli-debug-cli.py:(S1 contradicts S2) XOR (S2 contradicts S1): 606
INFO:nli-debug-cli.py:(S1 contradicts S2): 393
INFO:nli-debug-cli.py:(S1 contradicts S2) AND NOT(S2 contradicts S1): 303 (0.7710)
INFO:nli-debug-cli.py:(S1 entailment S2): 1003
INFO:nli-debug-cli.py:(S1 entailment S2) AND (S2 contradicts S1): 299 (0.2981)
INFO:nli-debug-cli.py:(S1 neutral S2): 393
INFO:nli-debug-cli.py:(S1 neutral S2) AND (S2 contradicts S1): 4 (0.0102)
INFO:nli-debug-cli.py:(True): 3860 [1930 + 1930]
INFO:nli-debug-cli.py:(True) AND NOT(S1 entails S1): 4 [2 + 2] (0.0010)
