INFO:root:discriminator/aggregate/transform_aggregate/fully_connected/biases:0 ((200,)): 200 params
INFO:root:discriminator/aggregate/transform_aggregate/fully_connected_1/weights:0 ((200, 200)): 40000 params
INFO:root:discriminator/aggregate/transform_aggregate/fully_connected_1/biases:0 ((200,)): 200 params
INFO:root:discriminator/aggregate/fully_connected/weights:0 ((200, 3)): 600 params
INFO:root:discriminator/aggregate/fully_connected/biases:0 ((3,)): 3 params
INFO:nli-debug-cli.py:Total Trainable Discriminator Parameters: 12075203
INFO:tensorflow:Restoring parameters from models/snli/dam_1/acl/batch_dsearch_reg_v7/dam_1_12
INFO:tensorflow:Restoring parameters from models/snli/dam_1/acl/batch_dsearch_reg_v7/dam_1_12
  0%|          | 0/1 [00:00<?, ?it/s]100%|██████████| 1/1 [00:00<00:00,  1.38it/s]
INFO:nli-debug-cli.py:Number of examples: 98
INFO:nli-debug-cli.py:Accuracy: 0.2959
INFO:nli-debug-cli.py:(S1 contradicts S2) XOR (S2 contradicts S1): 24
INFO:nli-debug-cli.py:(S1 contradicts S2): 5
INFO:nli-debug-cli.py:(S1 contradicts S2) AND NOT(S2 contradicts S1): 1 (0.2000)
INFO:nli-debug-cli.py:(S1 entailment S2): 70
INFO:nli-debug-cli.py:(S1 entailment S2) AND (S2 contradicts S1): 23 (0.3286)
INFO:nli-debug-cli.py:(S1 neutral S2): 5
INFO:nli-debug-cli.py:(S1 neutral S2) AND (S2 contradicts S1): 0 (0.0000)
INFO:nli-debug-cli.py:(True): 196 [98 + 98]
INFO:nli-debug-cli.py:(True) AND NOT(S1 entails S1): 0 [0 + 0] (0.0000)
