INFO:root:discriminator/lstm/sequence2_rnn/BW/bias:0 ((1200,)): 1200 params
INFO:root:discriminator/lstm/hidden/kernel:0 ((600, 300)): 180000 params
INFO:root:discriminator/lstm/hidden/bias:0 ((300,)): 300 params
INFO:root:discriminator/lstm/classification/kernel:0 ((300, 3)): 900 params
INFO:root:discriminator/lstm/classification/bias:0 ((3,)): 3 params
INFO:nli-debug-cli.py:Total Trainable Discriminator Parameters: 14759403
INFO:tensorflow:Restoring parameters from models/snli/cbilstm_1/acl//batch_dsearch_reg_v12c/cbilstm_1_3
INFO:tensorflow:Restoring parameters from models/snli/cbilstm_1/acl//batch_dsearch_reg_v12c/cbilstm_1_3
  0%|          | 0/1 [00:00<?, ?it/s]100%|██████████| 1/1 [00:02<00:00,  2.13s/it]
INFO:nli-debug-cli.py:Number of examples: 98
INFO:nli-debug-cli.py:Accuracy: 0.6429
INFO:nli-debug-cli.py:(S1 contradicts S2) XOR (S2 contradicts S1): 21
INFO:nli-debug-cli.py:(S1 contradicts S2): 17
INFO:nli-debug-cli.py:(S1 contradicts S2) AND NOT(S2 contradicts S1): 6 (0.3529)
INFO:nli-debug-cli.py:(S1 entailment S2): 13
INFO:nli-debug-cli.py:(S1 entailment S2) AND (S2 contradicts S1): 4 (0.3077)
INFO:nli-debug-cli.py:(S1 neutral S2): 68
INFO:nli-debug-cli.py:(S1 neutral S2) AND (S2 contradicts S1): 11 (0.1618)
INFO:nli-debug-cli.py:(True): 196 [98 + 98]
INFO:nli-debug-cli.py:(True) AND NOT(S1 entails S1): 42 [16 + 26] (0.2143)
