INFO:root:discriminator/aggregate/transform_aggregate/fully_connected/biases:0 ((200,)): 200 params
INFO:root:discriminator/aggregate/transform_aggregate/fully_connected_1/weights:0 ((200, 200)): 40000 params
INFO:root:discriminator/aggregate/transform_aggregate/fully_connected_1/biases:0 ((200,)): 200 params
INFO:root:discriminator/aggregate/fully_connected/weights:0 ((200, 3)): 600 params
INFO:root:discriminator/aggregate/fully_connected/biases:0 ((3,)): 3 params
INFO:nli-debug-cli.py:Total Trainable Discriminator Parameters: 12075203
INFO:tensorflow:Restoring parameters from models/snli/dam_1/acl/batch_dsearch_reg_v6/dam_1_6
INFO:tensorflow:Restoring parameters from models/snli/dam_1/acl/batch_dsearch_reg_v6/dam_1_6
  0%|          | 0/16 [00:00<?, ?it/s]  6%|▋         | 1/16 [00:06<01:44,  6.98s/it] 12%|█▎        | 2/16 [00:07<00:54,  3.93s/it] 19%|█▉        | 3/16 [00:09<00:39,  3.05s/it] 25%|██▌       | 4/16 [00:10<00:30,  2.57s/it] 31%|███▏      | 5/16 [00:11<00:25,  2.30s/it] 38%|███▊      | 6/16 [00:13<00:22,  2.22s/it] 44%|████▍     | 7/16 [00:14<00:18,  2.11s/it] 50%|█████     | 8/16 [00:15<00:15,  1.98s/it] 56%|█████▋    | 9/16 [00:16<00:13,  1.87s/it] 62%|██████▎   | 10/16 [00:17<00:10,  1.78s/it] 69%|██████▉   | 11/16 [00:18<00:08,  1.71s/it] 75%|███████▌  | 12/16 [00:19<00:06,  1.63s/it] 81%|████████▏ | 13/16 [00:20<00:04,  1.58s/it] 88%|████████▊ | 14/16 [00:21<00:03,  1.53s/it] 94%|█████████▍| 15/16 [00:22<00:01,  1.51s/it]100%|██████████| 16/16 [00:22<00:00,  1.42s/it]
INFO:nli-debug-cli.py:Number of examples: 1924
INFO:nli-debug-cli.py:Accuracy: 0.6206
INFO:nli-debug-cli.py:(S1 contradicts S2) XOR (S2 contradicts S1): 1250
INFO:nli-debug-cli.py:(S1 contradicts S2): 673
INFO:nli-debug-cli.py:(S1 contradicts S2) AND NOT(S2 contradicts S1): 625 (0.9287)
INFO:nli-debug-cli.py:(S1 entailment S2): 237
INFO:nli-debug-cli.py:(S1 entailment S2) AND (S2 contradicts S1): 90 (0.3797)
INFO:nli-debug-cli.py:(S1 neutral S2): 673
INFO:nli-debug-cli.py:(S1 neutral S2) AND (S2 contradicts S1): 535 (0.7949)
INFO:nli-debug-cli.py:(True): 3848 [1924 + 1924]
INFO:nli-debug-cli.py:(True) AND NOT(S1 entails S1): 8 [4 + 4] (0.0021)
