INFO:root:discriminator/aggregate/transform_aggregate/fully_connected/biases:0 ((200,)): 200 params
INFO:root:discriminator/aggregate/transform_aggregate/fully_connected_1/weights:0 ((200, 200)): 40000 params
INFO:root:discriminator/aggregate/transform_aggregate/fully_connected_1/biases:0 ((200,)): 200 params
INFO:root:discriminator/aggregate/fully_connected/weights:0 ((200, 3)): 600 params
INFO:root:discriminator/aggregate/fully_connected/biases:0 ((3,)): 3 params
INFO:nli-debug-cli.py:Total Trainable Discriminator Parameters: 12075203
INFO:tensorflow:Restoring parameters from models/snli/dam_1/acl/batch_dsearch_reg_v6/dam_1_15
INFO:tensorflow:Restoring parameters from models/snli/dam_1/acl/batch_dsearch_reg_v6/dam_1_15
  0%|          | 0/16 [00:00<?, ?it/s]  6%|▋         | 1/16 [00:02<00:36,  2.42s/it] 12%|█▎        | 2/16 [00:03<00:22,  1.57s/it] 19%|█▉        | 3/16 [00:03<00:16,  1.25s/it] 25%|██▌       | 4/16 [00:04<00:13,  1.11s/it] 31%|███▏      | 5/16 [00:05<00:11,  1.00s/it] 38%|███▊      | 6/16 [00:05<00:09,  1.07it/s] 44%|████▍     | 7/16 [00:06<00:08,  1.04it/s] 50%|█████     | 8/16 [00:07<00:07,  1.06it/s] 56%|█████▋    | 9/16 [00:08<00:06,  1.06it/s] 62%|██████▎   | 10/16 [00:09<00:05,  1.09it/s] 69%|██████▉   | 11/16 [00:09<00:04,  1.13it/s] 75%|███████▌  | 12/16 [00:10<00:03,  1.10it/s] 81%|████████▏ | 13/16 [00:11<00:02,  1.13it/s] 88%|████████▊ | 14/16 [00:11<00:01,  1.17it/s] 94%|█████████▍| 15/16 [00:12<00:00,  1.20it/s]100%|██████████| 16/16 [00:12<00:00,  1.27it/s]
INFO:nli-debug-cli.py:Number of examples: 1928
INFO:nli-debug-cli.py:Accuracy: 0.6800
INFO:nli-debug-cli.py:(S1 contradicts S2) XOR (S2 contradicts S1): 752
INFO:nli-debug-cli.py:(S1 contradicts S2): 438
INFO:nli-debug-cli.py:(S1 contradicts S2) AND NOT(S2 contradicts S1): 376 (0.8584)
INFO:nli-debug-cli.py:(S1 entailment S2): 183
INFO:nli-debug-cli.py:(S1 entailment S2) AND (S2 contradicts S1): 0 (0.0000)
INFO:nli-debug-cli.py:(S1 neutral S2): 438
INFO:nli-debug-cli.py:(S1 neutral S2) AND (S2 contradicts S1): 376 (0.8584)
INFO:nli-debug-cli.py:(True): 3856 [1928 + 1928]
INFO:nli-debug-cli.py:(True) AND NOT(S1 entails S1): 14 [7 + 7] (0.0036)
