INFO:root:discriminator/aggregate/transform_aggregate/fully_connected/biases:0 ((200,)): 200 params
INFO:root:discriminator/aggregate/transform_aggregate/fully_connected_1/weights:0 ((200, 200)): 40000 params
INFO:root:discriminator/aggregate/transform_aggregate/fully_connected_1/biases:0 ((200,)): 200 params
INFO:root:discriminator/aggregate/fully_connected/weights:0 ((200, 3)): 600 params
INFO:root:discriminator/aggregate/fully_connected/biases:0 ((3,)): 3 params
INFO:nli-debug-cli.py:Total Trainable Discriminator Parameters: 12075203
INFO:tensorflow:Restoring parameters from models/snli/dam_1/acl/batch_dsearch_reg_v2/dam_1_0
INFO:tensorflow:Restoring parameters from models/snli/dam_1/acl/batch_dsearch_reg_v2/dam_1_0
  0%|          | 0/8 [00:00<?, ?it/s] 12%|█▎        | 1/8 [00:06<00:47,  6.83s/it] 25%|██▌       | 2/8 [00:07<00:23,  3.94s/it] 38%|███▊      | 3/8 [00:09<00:15,  3.20s/it] 50%|█████     | 4/8 [00:11<00:11,  2.79s/it] 62%|██████▎   | 5/8 [00:13<00:07,  2.64s/it] 75%|███████▌  | 6/8 [00:15<00:05,  2.57s/it] 88%|████████▊ | 7/8 [00:17<00:02,  2.44s/it]100%|██████████| 8/8 [00:18<00:00,  2.25s/it]
INFO:nli-debug-cli.py:Number of examples: 964
INFO:nli-debug-cli.py:Accuracy: 0.4813
INFO:nli-debug-cli.py:(S1 contradicts S2) XOR (S2 contradicts S1): 950
INFO:nli-debug-cli.py:(S1 contradicts S2): 479
INFO:nli-debug-cli.py:(S1 contradicts S2) AND NOT(S2 contradicts S1): 475 (0.9916)
INFO:nli-debug-cli.py:(S1 entailment S2): 130
INFO:nli-debug-cli.py:(S1 entailment S2) AND (S2 contradicts S1): 127 (0.9769)
INFO:nli-debug-cli.py:(S1 neutral S2): 479
INFO:nli-debug-cli.py:(S1 neutral S2) AND (S2 contradicts S1): 348 (0.7265)
INFO:nli-debug-cli.py:(True): 1928 [964 + 964]
INFO:nli-debug-cli.py:(True) AND NOT(S1 entails S1): 0 [0 + 0] (0.0000)
