INFO:root:discriminator/aggregate/transform_aggregate/fully_connected/biases:0 ((200,)): 200 params
INFO:root:discriminator/aggregate/transform_aggregate/fully_connected_1/weights:0 ((200, 200)): 40000 params
INFO:root:discriminator/aggregate/transform_aggregate/fully_connected_1/biases:0 ((200,)): 200 params
INFO:root:discriminator/aggregate/fully_connected/weights:0 ((200, 3)): 600 params
INFO:root:discriminator/aggregate/fully_connected/biases:0 ((3,)): 3 params
INFO:nli-debug-cli.py:Total Trainable Discriminator Parameters: 12075203
INFO:tensorflow:Restoring parameters from models/snli/dam_1/acl/batch_dsearch_reg_v2/dam_1_0
INFO:tensorflow:Restoring parameters from models/snli/dam_1/acl/batch_dsearch_reg_v2/dam_1_0
  0%|          | 0/16 [00:00<?, ?it/s]  6%|▋         | 1/16 [00:03<00:47,  3.19s/it] 12%|█▎        | 2/16 [00:04<00:28,  2.06s/it] 19%|█▉        | 3/16 [00:05<00:23,  1.80s/it] 25%|██▌       | 4/16 [00:06<00:19,  1.66s/it] 31%|███▏      | 5/16 [00:07<00:16,  1.52s/it] 38%|███▊      | 6/16 [00:09<00:15,  1.53s/it] 44%|████▍     | 7/16 [00:10<00:12,  1.43s/it] 50%|█████     | 8/16 [00:10<00:10,  1.35s/it] 56%|█████▋    | 9/16 [00:11<00:09,  1.32s/it] 62%|██████▎   | 10/16 [00:13<00:07,  1.31s/it] 69%|██████▉   | 11/16 [00:14<00:06,  1.29s/it] 75%|███████▌  | 12/16 [00:14<00:04,  1.24s/it] 81%|████████▏ | 13/16 [00:15<00:03,  1.19s/it] 88%|████████▊ | 14/16 [00:16<00:02,  1.17s/it] 94%|█████████▍| 15/16 [00:17<00:01,  1.17s/it]100%|██████████| 16/16 [00:17<00:00,  1.10s/it]
INFO:nli-debug-cli.py:Number of examples: 1924
INFO:nli-debug-cli.py:Accuracy: 0.5156
INFO:nli-debug-cli.py:(S1 contradicts S2) XOR (S2 contradicts S1): 1736
INFO:nli-debug-cli.py:(S1 contradicts S2): 936
INFO:nli-debug-cli.py:(S1 contradicts S2) AND NOT(S2 contradicts S1): 868 (0.9274)
INFO:nli-debug-cli.py:(S1 entailment S2): 241
INFO:nli-debug-cli.py:(S1 entailment S2) AND (S2 contradicts S1): 206 (0.8548)
INFO:nli-debug-cli.py:(S1 neutral S2): 936
INFO:nli-debug-cli.py:(S1 neutral S2) AND (S2 contradicts S1): 662 (0.7073)
INFO:nli-debug-cli.py:(True): 3848 [1924 + 1924]
INFO:nli-debug-cli.py:(True) AND NOT(S1 entails S1): 8 [4 + 4] (0.0021)
