INFO:root:discriminator/aggregate/transform_aggregate/fully_connected/biases:0 ((200,)): 200 params
INFO:root:discriminator/aggregate/transform_aggregate/fully_connected_1/weights:0 ((200, 200)): 40000 params
INFO:root:discriminator/aggregate/transform_aggregate/fully_connected_1/biases:0 ((200,)): 200 params
INFO:root:discriminator/aggregate/fully_connected/weights:0 ((200, 3)): 600 params
INFO:root:discriminator/aggregate/fully_connected/biases:0 ((3,)): 3 params
INFO:nli-debug-cli.py:Total Trainable Discriminator Parameters: 12075203
INFO:tensorflow:Restoring parameters from models/snli/dam_1/acl/batch_dsearch_reg_v2/dam_1_0
INFO:tensorflow:Restoring parameters from models/snli/dam_1/acl/batch_dsearch_reg_v2/dam_1_0
  0%|          | 0/16 [00:00<?, ?it/s]  6%|▋         | 1/16 [00:06<01:36,  6.45s/it] 12%|█▎        | 2/16 [00:07<00:51,  3.68s/it] 19%|█▉        | 3/16 [00:08<00:35,  2.71s/it] 25%|██▌       | 4/16 [00:08<00:25,  2.16s/it] 31%|███▏      | 5/16 [00:09<00:20,  1.91s/it] 38%|███▊      | 6/16 [00:10<00:17,  1.76s/it] 44%|████▍     | 7/16 [00:11<00:15,  1.70s/it] 50%|█████     | 8/16 [00:13<00:13,  1.65s/it] 56%|█████▋    | 9/16 [00:14<00:11,  1.65s/it] 62%|██████▎   | 10/16 [00:15<00:09,  1.60s/it] 69%|██████▉   | 11/16 [00:16<00:07,  1.52s/it] 75%|███████▌  | 12/16 [00:17<00:05,  1.47s/it] 81%|████████▏ | 13/16 [00:18<00:04,  1.44s/it] 88%|████████▊ | 14/16 [00:19<00:02,  1.42s/it] 94%|█████████▍| 15/16 [00:21<00:01,  1.42s/it]100%|██████████| 16/16 [00:21<00:00,  1.33s/it]
INFO:nli-debug-cli.py:Number of examples: 1930
INFO:nli-debug-cli.py:Accuracy: 0.6062
INFO:nli-debug-cli.py:(S1 contradicts S2) XOR (S2 contradicts S1): 878
INFO:nli-debug-cli.py:(S1 contradicts S2): 767
INFO:nli-debug-cli.py:(S1 contradicts S2) AND NOT(S2 contradicts S1): 439 (0.5724)
INFO:nli-debug-cli.py:(S1 entailment S2): 226
INFO:nli-debug-cli.py:(S1 entailment S2) AND (S2 contradicts S1): 79 (0.3496)
INFO:nli-debug-cli.py:(S1 neutral S2): 767
INFO:nli-debug-cli.py:(S1 neutral S2) AND (S2 contradicts S1): 360 (0.4694)
INFO:nli-debug-cli.py:(True): 3860 [1930 + 1930]
INFO:nli-debug-cli.py:(True) AND NOT(S1 entails S1): 6 [3 + 3] (0.0016)
