INFO:root:discriminator/aggregate/transform_aggregate/fully_connected/biases:0 ((200,)): 200 params
INFO:root:discriminator/aggregate/transform_aggregate/fully_connected_1/weights:0 ((200, 200)): 40000 params
INFO:root:discriminator/aggregate/transform_aggregate/fully_connected_1/biases:0 ((200,)): 200 params
INFO:root:discriminator/aggregate/fully_connected/weights:0 ((200, 3)): 600 params
INFO:root:discriminator/aggregate/fully_connected/biases:0 ((3,)): 3 params
INFO:nli-debug-cli.py:Total Trainable Discriminator Parameters: 12075203
INFO:tensorflow:Restoring parameters from models/snli/dam_1/acl/batch_dsearch_reg_v2/dam_1_3
INFO:tensorflow:Restoring parameters from models/snli/dam_1/acl/batch_dsearch_reg_v2/dam_1_3
  0%|          | 0/16 [00:00<?, ?it/s]  6%|▋         | 1/16 [00:03<00:57,  3.80s/it] 12%|█▎        | 2/16 [00:04<00:33,  2.41s/it] 19%|█▉        | 3/16 [00:05<00:25,  1.93s/it] 25%|██▌       | 4/16 [00:06<00:20,  1.75s/it] 31%|███▏      | 5/16 [00:08<00:17,  1.61s/it] 38%|███▊      | 6/16 [00:08<00:14,  1.47s/it] 44%|████▍     | 7/16 [00:10<00:13,  1.48s/it] 50%|█████     | 8/16 [00:11<00:11,  1.40s/it] 56%|█████▋    | 9/16 [00:12<00:09,  1.35s/it] 62%|██████▎   | 10/16 [00:12<00:07,  1.28s/it] 69%|██████▉   | 11/16 [00:13<00:06,  1.22s/it] 75%|███████▌  | 12/16 [00:14<00:04,  1.24s/it] 81%|████████▏ | 13/16 [00:16<00:03,  1.26s/it] 88%|████████▊ | 14/16 [00:17<00:02,  1.26s/it] 94%|█████████▍| 15/16 [00:18<00:01,  1.25s/it]100%|██████████| 16/16 [00:18<00:00,  1.18s/it]
INFO:nli-debug-cli.py:Number of examples: 1928
INFO:nli-debug-cli.py:Accuracy: 0.5384
INFO:nli-debug-cli.py:(S1 contradicts S2) XOR (S2 contradicts S1): 1474
INFO:nli-debug-cli.py:(S1 contradicts S2): 915
INFO:nli-debug-cli.py:(S1 contradicts S2) AND NOT(S2 contradicts S1): 737 (0.8055)
INFO:nli-debug-cli.py:(S1 entailment S2): 229
INFO:nli-debug-cli.py:(S1 entailment S2) AND (S2 contradicts S1): 173 (0.7555)
INFO:nli-debug-cli.py:(S1 neutral S2): 915
INFO:nli-debug-cli.py:(S1 neutral S2) AND (S2 contradicts S1): 564 (0.6164)
INFO:nli-debug-cli.py:(True): 3856 [1928 + 1928]
INFO:nli-debug-cli.py:(True) AND NOT(S1 entails S1): 8 [4 + 4] (0.0021)
