INFO:root:discriminator/aggregate/transform_aggregate/fully_connected/biases:0 ((200,)): 200 params
INFO:root:discriminator/aggregate/transform_aggregate/fully_connected_1/weights:0 ((200, 200)): 40000 params
INFO:root:discriminator/aggregate/transform_aggregate/fully_connected_1/biases:0 ((200,)): 200 params
INFO:root:discriminator/aggregate/fully_connected/weights:0 ((200, 3)): 600 params
INFO:root:discriminator/aggregate/fully_connected/biases:0 ((3,)): 3 params
INFO:nli-debug-cli.py:Total Trainable Discriminator Parameters: 12075203
INFO:tensorflow:Restoring parameters from models/snli/dam_1/acl/batch_dsearch_reg_v2/dam_1_6
INFO:tensorflow:Restoring parameters from models/snli/dam_1/acl/batch_dsearch_reg_v2/dam_1_6
  0%|          | 0/8 [00:00<?, ?it/s] 12%|█▎        | 1/8 [00:04<00:28,  4.08s/it] 25%|██▌       | 2/8 [00:05<00:16,  2.67s/it] 38%|███▊      | 3/8 [00:06<00:10,  2.16s/it] 50%|█████     | 4/8 [00:08<00:08,  2.00s/it] 62%|██████▎   | 5/8 [00:09<00:05,  1.84s/it] 75%|███████▌  | 6/8 [00:10<00:03,  1.68s/it] 88%|████████▊ | 7/8 [00:11<00:01,  1.62s/it]100%|██████████| 8/8 [00:11<00:00,  1.49s/it]
INFO:nli-debug-cli.py:Number of examples: 964
INFO:nli-debug-cli.py:Accuracy: 0.5228
INFO:nli-debug-cli.py:(S1 contradicts S2) XOR (S2 contradicts S1): 778
INFO:nli-debug-cli.py:(S1 contradicts S2): 503
INFO:nli-debug-cli.py:(S1 contradicts S2) AND NOT(S2 contradicts S1): 389 (0.7734)
INFO:nli-debug-cli.py:(S1 entailment S2): 103
INFO:nli-debug-cli.py:(S1 entailment S2) AND (S2 contradicts S1): 91 (0.8835)
INFO:nli-debug-cli.py:(S1 neutral S2): 503
INFO:nli-debug-cli.py:(S1 neutral S2) AND (S2 contradicts S1): 298 (0.5924)
INFO:nli-debug-cli.py:(True): 1928 [964 + 964]
INFO:nli-debug-cli.py:(True) AND NOT(S1 entails S1): 4 [2 + 2] (0.0021)
