INFO:root:discriminator/aggregate/transform_aggregate/fully_connected/biases:0 ((200,)): 200 params
INFO:root:discriminator/aggregate/transform_aggregate/fully_connected_1/weights:0 ((200, 200)): 40000 params
INFO:root:discriminator/aggregate/transform_aggregate/fully_connected_1/biases:0 ((200,)): 200 params
INFO:root:discriminator/aggregate/fully_connected/weights:0 ((200, 3)): 600 params
INFO:root:discriminator/aggregate/fully_connected/biases:0 ((3,)): 3 params
INFO:nli-debug-cli.py:Total Trainable Discriminator Parameters: 12075203
INFO:tensorflow:Restoring parameters from models/snli/dam_1/acl/batch_dsearch_reg_v2/dam_1_6
INFO:tensorflow:Restoring parameters from models/snli/dam_1/acl/batch_dsearch_reg_v2/dam_1_6
  0%|          | 0/16 [00:00<?, ?it/s]  6%|▋         | 1/16 [00:05<01:16,  5.09s/it] 12%|█▎        | 2/16 [00:06<00:45,  3.24s/it] 19%|█▉        | 3/16 [00:07<00:30,  2.36s/it] 25%|██▌       | 4/16 [00:07<00:23,  1.97s/it] 31%|███▏      | 5/16 [00:09<00:20,  1.90s/it] 38%|███▊      | 6/16 [00:10<00:17,  1.78s/it] 44%|████▍     | 7/16 [00:12<00:15,  1.75s/it] 50%|█████     | 8/16 [00:13<00:13,  1.68s/it] 56%|█████▋    | 9/16 [00:14<00:11,  1.62s/it] 62%|██████▎   | 10/16 [00:15<00:09,  1.53s/it] 69%|██████▉   | 11/16 [00:15<00:07,  1.44s/it] 75%|███████▌  | 12/16 [00:16<00:05,  1.36s/it] 81%|████████▏ | 13/16 [00:17<00:03,  1.32s/it] 88%|████████▊ | 14/16 [00:17<00:02,  1.27s/it] 94%|█████████▍| 15/16 [00:18<00:01,  1.22s/it]100%|██████████| 16/16 [00:18<00:00,  1.15s/it]
INFO:nli-debug-cli.py:Number of examples: 1930
INFO:nli-debug-cli.py:Accuracy: 0.5907
INFO:nli-debug-cli.py:(S1 contradicts S2) XOR (S2 contradicts S1): 930
INFO:nli-debug-cli.py:(S1 contradicts S2): 885
INFO:nli-debug-cli.py:(S1 contradicts S2) AND NOT(S2 contradicts S1): 465 (0.5254)
INFO:nli-debug-cli.py:(S1 entailment S2): 220
INFO:nli-debug-cli.py:(S1 entailment S2) AND (S2 contradicts S1): 98 (0.4455)
INFO:nli-debug-cli.py:(S1 neutral S2): 885
INFO:nli-debug-cli.py:(S1 neutral S2) AND (S2 contradicts S1): 367 (0.4147)
INFO:nli-debug-cli.py:(True): 3860 [1930 + 1930]
INFO:nli-debug-cli.py:(True) AND NOT(S1 entails S1): 6 [3 + 3] (0.0016)
