INFO:root:discriminator/aggregate/transform_aggregate/fully_connected/biases:0 ((200,)): 200 params
INFO:root:discriminator/aggregate/transform_aggregate/fully_connected_1/weights:0 ((200, 200)): 40000 params
INFO:root:discriminator/aggregate/transform_aggregate/fully_connected_1/biases:0 ((200,)): 200 params
INFO:root:discriminator/aggregate/fully_connected/weights:0 ((200, 3)): 600 params
INFO:root:discriminator/aggregate/fully_connected/biases:0 ((3,)): 3 params
INFO:nli-debug-cli.py:Total Trainable Discriminator Parameters: 12075203
INFO:tensorflow:Restoring parameters from models/snli/dam_1/acl/batch_dsearch_reg_v2/dam_1_6
INFO:tensorflow:Restoring parameters from models/snli/dam_1/acl/batch_dsearch_reg_v2/dam_1_6
  0%|          | 0/8 [00:00<?, ?it/s] 12%|█▎        | 1/8 [00:05<00:37,  5.43s/it] 25%|██▌       | 2/8 [00:06<00:20,  3.46s/it] 38%|███▊      | 3/8 [00:07<00:13,  2.63s/it] 50%|█████     | 4/8 [00:08<00:08,  2.20s/it] 62%|██████▎   | 5/8 [00:09<00:05,  2.00s/it] 75%|███████▌  | 6/8 [00:10<00:03,  1.80s/it] 88%|████████▊ | 7/8 [00:11<00:01,  1.71s/it]100%|██████████| 8/8 [00:12<00:00,  1.59s/it]
INFO:nli-debug-cli.py:Number of examples: 960
INFO:nli-debug-cli.py:Accuracy: 0.6010
INFO:nli-debug-cli.py:(S1 contradicts S2) XOR (S2 contradicts S1): 514
INFO:nli-debug-cli.py:(S1 contradicts S2): 465
INFO:nli-debug-cli.py:(S1 contradicts S2) AND NOT(S2 contradicts S1): 257 (0.5527)
INFO:nli-debug-cli.py:(S1 entailment S2): 102
INFO:nli-debug-cli.py:(S1 entailment S2) AND (S2 contradicts S1): 53 (0.5196)
INFO:nli-debug-cli.py:(S1 neutral S2): 465
INFO:nli-debug-cli.py:(S1 neutral S2) AND (S2 contradicts S1): 204 (0.4387)
INFO:nli-debug-cli.py:(True): 1920 [960 + 960]
INFO:nli-debug-cli.py:(True) AND NOT(S1 entails S1): 4 [2 + 2] (0.0021)
