INFO:root:discriminator/aggregate/transform_aggregate/fully_connected/biases:0 ((200,)): 200 params
INFO:root:discriminator/aggregate/transform_aggregate/fully_connected_1/weights:0 ((200, 200)): 40000 params
INFO:root:discriminator/aggregate/transform_aggregate/fully_connected_1/biases:0 ((200,)): 200 params
INFO:root:discriminator/aggregate/fully_connected/weights:0 ((200, 3)): 600 params
INFO:root:discriminator/aggregate/fully_connected/biases:0 ((3,)): 3 params
INFO:nli-debug-cli.py:Total Trainable Discriminator Parameters: 12075203
INFO:tensorflow:Restoring parameters from models/snli/dam_1/acl/batch_dsearch_reg_v2/dam_1_9
INFO:tensorflow:Restoring parameters from models/snli/dam_1/acl/batch_dsearch_reg_v2/dam_1_9
  0%|          | 0/16 [00:00<?, ?it/s]  6%|▋         | 1/16 [00:01<00:22,  1.49s/it] 12%|█▎        | 2/16 [00:02<00:17,  1.24s/it] 19%|█▉        | 3/16 [00:03<00:14,  1.09s/it] 25%|██▌       | 4/16 [00:04<00:12,  1.03s/it] 31%|███▏      | 5/16 [00:04<00:10,  1.01it/s] 38%|███▊      | 6/16 [00:05<00:09,  1.03it/s] 44%|████▍     | 7/16 [00:07<00:09,  1.00s/it] 50%|█████     | 8/16 [00:07<00:07,  1.07it/s] 56%|█████▋    | 9/16 [00:08<00:06,  1.06it/s] 62%|██████▎   | 10/16 [00:09<00:05,  1.11it/s] 69%|██████▉   | 11/16 [00:09<00:04,  1.16it/s] 75%|███████▌  | 12/16 [00:10<00:03,  1.14it/s] 81%|████████▏ | 13/16 [00:11<00:02,  1.13it/s] 88%|████████▊ | 14/16 [00:12<00:01,  1.15it/s] 94%|█████████▍| 15/16 [00:12<00:00,  1.16it/s]100%|██████████| 16/16 [00:13<00:00,  1.23it/s]
INFO:nli-debug-cli.py:Number of examples: 1928
INFO:nli-debug-cli.py:Accuracy: 0.5877
INFO:nli-debug-cli.py:(S1 contradicts S2) XOR (S2 contradicts S1): 1234
INFO:nli-debug-cli.py:(S1 contradicts S2): 1183
INFO:nli-debug-cli.py:(S1 contradicts S2) AND NOT(S2 contradicts S1): 617 (0.5216)
INFO:nli-debug-cli.py:(S1 entailment S2): 216
INFO:nli-debug-cli.py:(S1 entailment S2) AND (S2 contradicts S1): 186 (0.8611)
INFO:nli-debug-cli.py:(S1 neutral S2): 1183
INFO:nli-debug-cli.py:(S1 neutral S2) AND (S2 contradicts S1): 431 (0.3643)
INFO:nli-debug-cli.py:(True): 3856 [1928 + 1928]
INFO:nli-debug-cli.py:(True) AND NOT(S1 entails S1): 8 [4 + 4] (0.0021)
