INFO:root:discriminator/aggregate/transform_aggregate/fully_connected/biases:0 ((200,)): 200 params
INFO:root:discriminator/aggregate/transform_aggregate/fully_connected_1/weights:0 ((200, 200)): 40000 params
INFO:root:discriminator/aggregate/transform_aggregate/fully_connected_1/biases:0 ((200,)): 200 params
INFO:root:discriminator/aggregate/fully_connected/weights:0 ((200, 3)): 600 params
INFO:root:discriminator/aggregate/fully_connected/biases:0 ((3,)): 3 params
INFO:nli-debug-cli.py:Total Trainable Discriminator Parameters: 12075203
INFO:tensorflow:Restoring parameters from models/snli/dam_1/acl/batch_dsearch_reg_v2/dam_1_9
INFO:tensorflow:Restoring parameters from models/snli/dam_1/acl/batch_dsearch_reg_v2/dam_1_9
  0%|          | 0/8 [00:00<?, ?it/s] 12%|█▎        | 1/8 [00:03<00:21,  3.10s/it] 25%|██▌       | 2/8 [00:03<00:11,  1.92s/it] 38%|███▊      | 3/8 [00:04<00:08,  1.60s/it] 50%|█████     | 4/8 [00:05<00:05,  1.42s/it] 62%|██████▎   | 5/8 [00:06<00:03,  1.30s/it] 75%|███████▌  | 6/8 [00:07<00:02,  1.22s/it] 88%|████████▊ | 7/8 [00:08<00:01,  1.21s/it]100%|██████████| 8/8 [00:09<00:00,  1.13s/it]
INFO:nli-debug-cli.py:Number of examples: 964
INFO:nli-debug-cli.py:Accuracy: 0.5705
INFO:nli-debug-cli.py:(S1 contradicts S2) XOR (S2 contradicts S1): 674
INFO:nli-debug-cli.py:(S1 contradicts S2): 579
INFO:nli-debug-cli.py:(S1 contradicts S2) AND NOT(S2 contradicts S1): 337 (0.5820)
INFO:nli-debug-cli.py:(S1 entailment S2): 104
INFO:nli-debug-cli.py:(S1 entailment S2) AND (S2 contradicts S1): 95 (0.9135)
INFO:nli-debug-cli.py:(S1 neutral S2): 579
INFO:nli-debug-cli.py:(S1 neutral S2) AND (S2 contradicts S1): 242 (0.4180)
INFO:nli-debug-cli.py:(True): 1928 [964 + 964]
INFO:nli-debug-cli.py:(True) AND NOT(S1 entails S1): 4 [2 + 2] (0.0021)
