INFO:root:discriminator/aggregate/transform_aggregate/fully_connected/biases:0 ((200,)): 200 params
INFO:root:discriminator/aggregate/transform_aggregate/fully_connected_1/weights:0 ((200, 200)): 40000 params
INFO:root:discriminator/aggregate/transform_aggregate/fully_connected_1/biases:0 ((200,)): 200 params
INFO:root:discriminator/aggregate/fully_connected/weights:0 ((200, 3)): 600 params
INFO:root:discriminator/aggregate/fully_connected/biases:0 ((3,)): 3 params
INFO:nli-debug-cli.py:Total Trainable Discriminator Parameters: 12075203
INFO:tensorflow:Restoring parameters from models/snli/dam_1/acl/batch_dsearch_reg_v2/dam_1_12
INFO:tensorflow:Restoring parameters from models/snli/dam_1/acl/batch_dsearch_reg_v2/dam_1_12
  0%|          | 0/8 [00:00<?, ?it/s] 12%|█▎        | 1/8 [00:03<00:22,  3.16s/it] 25%|██▌       | 2/8 [00:04<00:13,  2.21s/it] 38%|███▊      | 3/8 [00:06<00:10,  2.04s/it] 50%|█████     | 4/8 [00:07<00:07,  1.78s/it] 62%|██████▎   | 5/8 [00:08<00:05,  1.76s/it] 75%|███████▌  | 6/8 [00:11<00:03,  1.84s/it] 88%|████████▊ | 7/8 [00:12<00:01,  1.81s/it]100%|██████████| 8/8 [00:13<00:00,  1.65s/it]
INFO:nli-debug-cli.py:Number of examples: 964
INFO:nli-debug-cli.py:Accuracy: 0.6120
INFO:nli-debug-cli.py:(S1 contradicts S2) XOR (S2 contradicts S1): 628
INFO:nli-debug-cli.py:(S1 contradicts S2): 636
INFO:nli-debug-cli.py:(S1 contradicts S2) AND NOT(S2 contradicts S1): 314 (0.4937)
INFO:nli-debug-cli.py:(S1 entailment S2): 112
INFO:nli-debug-cli.py:(S1 entailment S2) AND (S2 contradicts S1): 111 (0.9911)
INFO:nli-debug-cli.py:(S1 neutral S2): 636
INFO:nli-debug-cli.py:(S1 neutral S2) AND (S2 contradicts S1): 203 (0.3192)
INFO:nli-debug-cli.py:(True): 1928 [964 + 964]
INFO:nli-debug-cli.py:(True) AND NOT(S1 entails S1): 0 [0 + 0] (0.0000)
