INFO:root:discriminator/aggregate/transform_aggregate/fully_connected/biases:0 ((200,)): 200 params
INFO:root:discriminator/aggregate/transform_aggregate/fully_connected_1/weights:0 ((200, 200)): 40000 params
INFO:root:discriminator/aggregate/transform_aggregate/fully_connected_1/biases:0 ((200,)): 200 params
INFO:root:discriminator/aggregate/fully_connected/weights:0 ((200, 3)): 600 params
INFO:root:discriminator/aggregate/fully_connected/biases:0 ((3,)): 3 params
INFO:nli-debug-cli.py:Total Trainable Discriminator Parameters: 12075203
INFO:tensorflow:Restoring parameters from models/snli/dam_1/acl/batch_dsearch_reg_v2/dam_1_12
INFO:tensorflow:Restoring parameters from models/snli/dam_1/acl/batch_dsearch_reg_v2/dam_1_12
  0%|          | 0/16 [00:00<?, ?it/s]  6%|▋         | 1/16 [00:06<01:35,  6.37s/it] 12%|█▎        | 2/16 [00:07<00:49,  3.52s/it] 19%|█▉        | 3/16 [00:07<00:32,  2.54s/it] 25%|██▌       | 4/16 [00:08<00:24,  2.06s/it] 31%|███▏      | 5/16 [00:09<00:20,  1.82s/it] 38%|███▊      | 6/16 [00:09<00:16,  1.65s/it] 44%|████▍     | 7/16 [00:11<00:15,  1.70s/it] 50%|█████     | 8/16 [00:13<00:13,  1.69s/it] 56%|█████▋    | 9/16 [00:14<00:11,  1.64s/it] 62%|██████▎   | 10/16 [00:15<00:09,  1.60s/it] 69%|██████▉   | 11/16 [00:16<00:07,  1.54s/it] 75%|███████▌  | 12/16 [00:17<00:05,  1.50s/it] 81%|████████▏ | 13/16 [00:19<00:04,  1.48s/it] 88%|████████▊ | 14/16 [00:20<00:02,  1.47s/it] 94%|█████████▍| 15/16 [00:21<00:01,  1.46s/it]100%|██████████| 16/16 [00:22<00:00,  1.38s/it]
INFO:nli-debug-cli.py:Number of examples: 1930
INFO:nli-debug-cli.py:Accuracy: 0.6026
INFO:nli-debug-cli.py:(S1 contradicts S2) XOR (S2 contradicts S1): 970
INFO:nli-debug-cli.py:(S1 contradicts S2): 1143
INFO:nli-debug-cli.py:(S1 contradicts S2) AND NOT(S2 contradicts S1): 485 (0.4243)
INFO:nli-debug-cli.py:(S1 entailment S2): 203
INFO:nli-debug-cli.py:(S1 entailment S2) AND (S2 contradicts S1): 124 (0.6108)
INFO:nli-debug-cli.py:(S1 neutral S2): 1143
INFO:nli-debug-cli.py:(S1 neutral S2) AND (S2 contradicts S1): 361 (0.3158)
INFO:nli-debug-cli.py:(True): 3860 [1930 + 1930]
INFO:nli-debug-cli.py:(True) AND NOT(S1 entails S1): 6 [3 + 3] (0.0016)
