INFO:root:discriminator/aggregate/transform_aggregate/fully_connected/biases:0 ((200,)): 200 params
INFO:root:discriminator/aggregate/transform_aggregate/fully_connected_1/weights:0 ((200, 200)): 40000 params
INFO:root:discriminator/aggregate/transform_aggregate/fully_connected_1/biases:0 ((200,)): 200 params
INFO:root:discriminator/aggregate/fully_connected/weights:0 ((200, 3)): 600 params
INFO:root:discriminator/aggregate/fully_connected/biases:0 ((3,)): 3 params
INFO:nli-debug-cli.py:Total Trainable Discriminator Parameters: 12075203
INFO:tensorflow:Restoring parameters from models/snli/dam_1/acl/batch_dsearch_reg_v2/dam_1_15
INFO:tensorflow:Restoring parameters from models/snli/dam_1/acl/batch_dsearch_reg_v2/dam_1_15
  0%|          | 0/8 [00:00<?, ?it/s] 12%|█▎        | 1/8 [00:03<00:24,  3.55s/it] 25%|██▌       | 2/8 [00:04<00:12,  2.15s/it] 38%|███▊      | 3/8 [00:05<00:08,  1.79s/it] 50%|█████     | 4/8 [00:06<00:06,  1.59s/it] 62%|██████▎   | 5/8 [00:07<00:04,  1.44s/it] 75%|███████▌  | 6/8 [00:08<00:02,  1.41s/it] 88%|████████▊ | 7/8 [00:10<00:01,  1.46s/it]100%|██████████| 8/8 [00:10<00:00,  1.34s/it]
INFO:nli-debug-cli.py:Number of examples: 964
INFO:nli-debug-cli.py:Accuracy: 0.5747
INFO:nli-debug-cli.py:(S1 contradicts S2) XOR (S2 contradicts S1): 584
INFO:nli-debug-cli.py:(S1 contradicts S2): 528
INFO:nli-debug-cli.py:(S1 contradicts S2) AND NOT(S2 contradicts S1): 292 (0.5530)
INFO:nli-debug-cli.py:(S1 entailment S2): 111
INFO:nli-debug-cli.py:(S1 entailment S2) AND (S2 contradicts S1): 85 (0.7658)
INFO:nli-debug-cli.py:(S1 neutral S2): 528
INFO:nli-debug-cli.py:(S1 neutral S2) AND (S2 contradicts S1): 207 (0.3920)
INFO:nli-debug-cli.py:(True): 1928 [964 + 964]
INFO:nli-debug-cli.py:(True) AND NOT(S1 entails S1): 2 [1 + 1] (0.0010)
