INFO:root:discriminator/aggregate/transform_aggregate/fully_connected/biases:0 ((200,)): 200 params
INFO:root:discriminator/aggregate/transform_aggregate/fully_connected_1/weights:0 ((200, 200)): 40000 params
INFO:root:discriminator/aggregate/transform_aggregate/fully_connected_1/biases:0 ((200,)): 200 params
INFO:root:discriminator/aggregate/fully_connected/weights:0 ((200, 3)): 600 params
INFO:root:discriminator/aggregate/fully_connected/biases:0 ((3,)): 3 params
INFO:nli-debug-cli.py:Total Trainable Discriminator Parameters: 12075203
INFO:tensorflow:Restoring parameters from models/snli/dam_1/acl/batch_dsearch_reg_v2/dam_1_15
INFO:tensorflow:Restoring parameters from models/snli/dam_1/acl/batch_dsearch_reg_v2/dam_1_15
  0%|          | 0/8 [00:00<?, ?it/s] 12%|█▎        | 1/8 [00:02<00:16,  2.32s/it] 25%|██▌       | 2/8 [00:03<00:10,  1.73s/it] 38%|███▊      | 3/8 [00:04<00:07,  1.45s/it] 50%|█████     | 4/8 [00:04<00:04,  1.24s/it] 62%|██████▎   | 5/8 [00:05<00:03,  1.20s/it] 75%|███████▌  | 6/8 [00:07<00:02,  1.19s/it] 88%|████████▊ | 7/8 [00:08<00:01,  1.26s/it]100%|██████████| 8/8 [00:09<00:00,  1.16s/it]
INFO:nli-debug-cli.py:Number of examples: 960
INFO:nli-debug-cli.py:Accuracy: 0.6094
INFO:nli-debug-cli.py:(S1 contradicts S2) XOR (S2 contradicts S1): 480
INFO:nli-debug-cli.py:(S1 contradicts S2): 514
INFO:nli-debug-cli.py:(S1 contradicts S2) AND NOT(S2 contradicts S1): 240 (0.4669)
INFO:nli-debug-cli.py:(S1 entailment S2): 107
INFO:nli-debug-cli.py:(S1 entailment S2) AND (S2 contradicts S1): 59 (0.5514)
INFO:nli-debug-cli.py:(S1 neutral S2): 514
INFO:nli-debug-cli.py:(S1 neutral S2) AND (S2 contradicts S1): 181 (0.3521)
INFO:nli-debug-cli.py:(True): 1920 [960 + 960]
INFO:nli-debug-cli.py:(True) AND NOT(S1 entails S1): 2 [1 + 1] (0.0010)
