INFO:root:discriminator/aggregate/transform_aggregate/fully_connected/biases:0 ((200,)): 200 params
INFO:root:discriminator/aggregate/transform_aggregate/fully_connected_1/weights:0 ((200, 200)): 40000 params
INFO:root:discriminator/aggregate/transform_aggregate/fully_connected_1/biases:0 ((200,)): 200 params
INFO:root:discriminator/aggregate/fully_connected/weights:0 ((200, 3)): 600 params
INFO:root:discriminator/aggregate/fully_connected/biases:0 ((3,)): 3 params
INFO:nli-debug-cli.py:Total Trainable Discriminator Parameters: 3848903
INFO:tensorflow:Restoring parameters from models/snli/dam_1/acl/batch_dsearch_reg_v2_001/dam_1_001_0
INFO:tensorflow:Restoring parameters from models/snli/dam_1/acl/batch_dsearch_reg_v2_001/dam_1_001_0
  0%|          | 0/8 [00:00<?, ?it/s] 12%|█▎        | 1/8 [00:05<00:35,  5.10s/it] 25%|██▌       | 2/8 [00:06<00:18,  3.07s/it] 38%|███▊      | 3/8 [00:08<00:14,  2.82s/it] 50%|█████     | 4/8 [00:09<00:09,  2.39s/it] 62%|██████▎   | 5/8 [00:10<00:06,  2.17s/it] 75%|███████▌  | 6/8 [00:12<00:04,  2.13s/it] 88%|████████▊ | 7/8 [00:14<00:02,  2.08s/it]100%|██████████| 8/8 [00:15<00:00,  1.92s/it]
INFO:nli-debug-cli.py:Number of examples: 964
INFO:nli-debug-cli.py:Accuracy: 0.5539
INFO:nli-debug-cli.py:(S1 contradicts S2) XOR (S2 contradicts S1): 648
INFO:nli-debug-cli.py:(S1 contradicts S2): 412
INFO:nli-debug-cli.py:(S1 contradicts S2) AND NOT(S2 contradicts S1): 324 (0.7864)
INFO:nli-debug-cli.py:(S1 entailment S2): 127
INFO:nli-debug-cli.py:(S1 entailment S2) AND (S2 contradicts S1): 57 (0.4488)
INFO:nli-debug-cli.py:(S1 neutral S2): 412
INFO:nli-debug-cli.py:(S1 neutral S2) AND (S2 contradicts S1): 267 (0.6481)
INFO:nli-debug-cli.py:(True): 1928 [964 + 964]
INFO:nli-debug-cli.py:(True) AND NOT(S1 entails S1): 0 [0 + 0] (0.0000)
