INFO:root:discriminator/aggregate/transform_aggregate/fully_connected/biases:0 ((200,)): 200 params
INFO:root:discriminator/aggregate/transform_aggregate/fully_connected_1/weights:0 ((200, 200)): 40000 params
INFO:root:discriminator/aggregate/transform_aggregate/fully_connected_1/biases:0 ((200,)): 200 params
INFO:root:discriminator/aggregate/fully_connected/weights:0 ((200, 3)): 600 params
INFO:root:discriminator/aggregate/fully_connected/biases:0 ((3,)): 3 params
INFO:nli-debug-cli.py:Total Trainable Discriminator Parameters: 3848903
INFO:tensorflow:Restoring parameters from models/snli/dam_1/acl/batch_dsearch_reg_v2_001/dam_1_001_0
INFO:tensorflow:Restoring parameters from models/snli/dam_1/acl/batch_dsearch_reg_v2_001/dam_1_001_0
  0%|          | 0/2 [00:00<?, ?it/s] 50%|█████     | 1/2 [00:08<00:08,  8.21s/it]100%|██████████| 2/2 [00:08<00:00,  4.22s/it]
INFO:nli-debug-cli.py:Number of examples: 192
INFO:nli-debug-cli.py:Accuracy: 0.5365
INFO:nli-debug-cli.py:(S1 contradicts S2) XOR (S2 contradicts S1): 128
INFO:nli-debug-cli.py:(S1 contradicts S2): 82
INFO:nli-debug-cli.py:(S1 contradicts S2) AND NOT(S2 contradicts S1): 64 (0.7805)
INFO:nli-debug-cli.py:(S1 entailment S2): 24
INFO:nli-debug-cli.py:(S1 entailment S2) AND (S2 contradicts S1): 12 (0.5000)
INFO:nli-debug-cli.py:(S1 neutral S2): 82
INFO:nli-debug-cli.py:(S1 neutral S2) AND (S2 contradicts S1): 52 (0.6341)
INFO:nli-debug-cli.py:(True): 384 [192 + 192]
INFO:nli-debug-cli.py:(True) AND NOT(S1 entails S1): 2 [1 + 1] (0.0052)
