INFO:root:discriminator/aggregate/transform_aggregate/fully_connected/biases:0 ((200,)): 200 params
INFO:root:discriminator/aggregate/transform_aggregate/fully_connected_1/weights:0 ((200, 200)): 40000 params
INFO:root:discriminator/aggregate/transform_aggregate/fully_connected_1/biases:0 ((200,)): 200 params
INFO:root:discriminator/aggregate/fully_connected/weights:0 ((200, 3)): 600 params
INFO:root:discriminator/aggregate/fully_connected/biases:0 ((3,)): 3 params
INFO:nli-debug-cli.py:Total Trainable Discriminator Parameters: 3848903
INFO:tensorflow:Restoring parameters from models/snli/dam_1/acl/batch_dsearch_reg_v2_001/dam_1_001_0
INFO:tensorflow:Restoring parameters from models/snli/dam_1/acl/batch_dsearch_reg_v2_001/dam_1_001_0
  0%|          | 0/8 [00:00<?, ?it/s] 12%|█▎        | 1/8 [00:04<00:28,  4.05s/it] 25%|██▌       | 2/8 [00:05<00:15,  2.56s/it] 38%|███▊      | 3/8 [00:05<00:09,  1.98s/it] 50%|█████     | 4/8 [00:06<00:06,  1.71s/it] 62%|██████▎   | 5/8 [00:07<00:04,  1.57s/it] 75%|███████▌  | 6/8 [00:09<00:03,  1.52s/it] 88%|████████▊ | 7/8 [00:10<00:01,  1.45s/it]100%|██████████| 8/8 [00:10<00:00,  1.34s/it]
INFO:nli-debug-cli.py:Number of examples: 960
INFO:nli-debug-cli.py:Accuracy: 0.5802
INFO:nli-debug-cli.py:(S1 contradicts S2) XOR (S2 contradicts S1): 536
INFO:nli-debug-cli.py:(S1 contradicts S2): 432
INFO:nli-debug-cli.py:(S1 contradicts S2) AND NOT(S2 contradicts S1): 268 (0.6204)
INFO:nli-debug-cli.py:(S1 entailment S2): 104
INFO:nli-debug-cli.py:(S1 entailment S2) AND (S2 contradicts S1): 40 (0.3846)
INFO:nli-debug-cli.py:(S1 neutral S2): 432
INFO:nli-debug-cli.py:(S1 neutral S2) AND (S2 contradicts S1): 228 (0.5278)
INFO:nli-debug-cli.py:(True): 1920 [960 + 960]
INFO:nli-debug-cli.py:(True) AND NOT(S1 entails S1): 2 [1 + 1] (0.0010)
