INFO:root:discriminator/aggregate/transform_aggregate/fully_connected/biases:0 ((200,)): 200 params
INFO:root:discriminator/aggregate/transform_aggregate/fully_connected_1/weights:0 ((200, 200)): 40000 params
INFO:root:discriminator/aggregate/transform_aggregate/fully_connected_1/biases:0 ((200,)): 200 params
INFO:root:discriminator/aggregate/fully_connected/weights:0 ((200, 3)): 600 params
INFO:root:discriminator/aggregate/fully_connected/biases:0 ((3,)): 3 params
INFO:nli-debug-cli.py:Total Trainable Discriminator Parameters: 3848903
INFO:tensorflow:Restoring parameters from models/snli/dam_1/acl/batch_dsearch_reg_v2_001/dam_1_001_3
INFO:tensorflow:Restoring parameters from models/snli/dam_1/acl/batch_dsearch_reg_v2_001/dam_1_001_3
  0%|          | 0/16 [00:00<?, ?it/s]  6%|▋         | 1/16 [00:02<00:35,  2.34s/it] 12%|█▎        | 2/16 [00:03<00:23,  1.69s/it] 19%|█▉        | 3/16 [00:04<00:19,  1.52s/it] 25%|██▌       | 4/16 [00:05<00:16,  1.34s/it] 31%|███▏      | 5/16 [00:06<00:13,  1.23s/it] 38%|███▊      | 6/16 [00:07<00:11,  1.18s/it] 44%|████▍     | 7/16 [00:08<00:10,  1.19s/it] 50%|█████     | 8/16 [00:09<00:09,  1.13s/it] 56%|█████▋    | 9/16 [00:10<00:08,  1.14s/it] 62%|██████▎   | 10/16 [00:11<00:06,  1.11s/it] 69%|██████▉   | 11/16 [00:12<00:05,  1.10s/it] 75%|███████▌  | 12/16 [00:13<00:04,  1.14s/it] 81%|████████▏ | 13/16 [00:14<00:03,  1.13s/it] 88%|████████▊ | 14/16 [00:15<00:02,  1.10s/it] 94%|█████████▍| 15/16 [00:16<00:01,  1.08s/it]100%|██████████| 16/16 [00:16<00:00,  1.02s/it]
INFO:nli-debug-cli.py:Number of examples: 1928
INFO:nli-debug-cli.py:Accuracy: 0.5555
INFO:nli-debug-cli.py:(S1 contradicts S2) XOR (S2 contradicts S1): 1172
INFO:nli-debug-cli.py:(S1 contradicts S2): 894
INFO:nli-debug-cli.py:(S1 contradicts S2) AND NOT(S2 contradicts S1): 586 (0.6555)
INFO:nli-debug-cli.py:(S1 entailment S2): 242
INFO:nli-debug-cli.py:(S1 entailment S2) AND (S2 contradicts S1): 133 (0.5496)
INFO:nli-debug-cli.py:(S1 neutral S2): 894
INFO:nli-debug-cli.py:(S1 neutral S2) AND (S2 contradicts S1): 453 (0.5067)
INFO:nli-debug-cli.py:(True): 3856 [1928 + 1928]
INFO:nli-debug-cli.py:(True) AND NOT(S1 entails S1): 0 [0 + 0] (0.0000)
