INFO:root:discriminator/aggregate/transform_aggregate/fully_connected/biases:0 ((200,)): 200 params
INFO:root:discriminator/aggregate/transform_aggregate/fully_connected_1/weights:0 ((200, 200)): 40000 params
INFO:root:discriminator/aggregate/transform_aggregate/fully_connected_1/biases:0 ((200,)): 200 params
INFO:root:discriminator/aggregate/fully_connected/weights:0 ((200, 3)): 600 params
INFO:root:discriminator/aggregate/fully_connected/biases:0 ((3,)): 3 params
INFO:nli-debug-cli.py:Total Trainable Discriminator Parameters: 3848903
INFO:tensorflow:Restoring parameters from models/snli/dam_1/acl/batch_dsearch_reg_v2_001/dam_1_001_6
INFO:tensorflow:Restoring parameters from models/snli/dam_1/acl/batch_dsearch_reg_v2_001/dam_1_001_6
  0%|          | 0/2 [00:00<?, ?it/s] 50%|█████     | 1/2 [00:02<00:02,  2.77s/it]100%|██████████| 2/2 [00:03<00:00,  1.54s/it]
INFO:nli-debug-cli.py:Number of examples: 192
INFO:nli-debug-cli.py:Accuracy: 0.5312
INFO:nli-debug-cli.py:(S1 contradicts S2) XOR (S2 contradicts S1): 152
INFO:nli-debug-cli.py:(S1 contradicts S2): 102
INFO:nli-debug-cli.py:(S1 contradicts S2) AND NOT(S2 contradicts S1): 76 (0.7451)
INFO:nli-debug-cli.py:(S1 entailment S2): 36
INFO:nli-debug-cli.py:(S1 entailment S2) AND (S2 contradicts S1): 30 (0.8333)
INFO:nli-debug-cli.py:(S1 neutral S2): 102
INFO:nli-debug-cli.py:(S1 neutral S2) AND (S2 contradicts S1): 46 (0.4510)
INFO:nli-debug-cli.py:(True): 384 [192 + 192]
INFO:nli-debug-cli.py:(True) AND NOT(S1 entails S1): 0 [0 + 0] (0.0000)
