INFO:root:discriminator/aggregate/transform_aggregate/fully_connected/biases:0 ((200,)): 200 params
INFO:root:discriminator/aggregate/transform_aggregate/fully_connected_1/weights:0 ((200, 200)): 40000 params
INFO:root:discriminator/aggregate/transform_aggregate/fully_connected_1/biases:0 ((200,)): 200 params
INFO:root:discriminator/aggregate/fully_connected/weights:0 ((200, 3)): 600 params
INFO:root:discriminator/aggregate/fully_connected/biases:0 ((3,)): 3 params
INFO:nli-debug-cli.py:Total Trainable Discriminator Parameters: 3848903
INFO:tensorflow:Restoring parameters from models/snli/dam_1/acl/batch_dsearch_reg_v2_001/dam_1_001_6
INFO:tensorflow:Restoring parameters from models/snli/dam_1/acl/batch_dsearch_reg_v2_001/dam_1_001_6
  0%|          | 0/8 [00:00<?, ?it/s] 12%|█▎        | 1/8 [00:04<00:32,  4.69s/it] 25%|██▌       | 2/8 [00:05<00:16,  2.81s/it] 38%|███▊      | 3/8 [00:08<00:13,  2.74s/it] 50%|█████     | 4/8 [00:10<00:10,  2.52s/it] 62%|██████▎   | 5/8 [00:11<00:07,  2.36s/it] 75%|███████▌  | 6/8 [00:14<00:04,  2.37s/it] 88%|████████▊ | 7/8 [00:16<00:02,  2.29s/it]100%|██████████| 8/8 [00:17<00:00,  2.13s/it]
INFO:nli-debug-cli.py:Number of examples: 964
INFO:nli-debug-cli.py:Accuracy: 0.5415
INFO:nli-debug-cli.py:(S1 contradicts S2) XOR (S2 contradicts S1): 666
INFO:nli-debug-cli.py:(S1 contradicts S2): 519
INFO:nli-debug-cli.py:(S1 contradicts S2) AND NOT(S2 contradicts S1): 333 (0.6416)
INFO:nli-debug-cli.py:(S1 entailment S2): 127
INFO:nli-debug-cli.py:(S1 entailment S2) AND (S2 contradicts S1): 94 (0.7402)
INFO:nli-debug-cli.py:(S1 neutral S2): 519
INFO:nli-debug-cli.py:(S1 neutral S2) AND (S2 contradicts S1): 239 (0.4605)
INFO:nli-debug-cli.py:(True): 1928 [964 + 964]
INFO:nli-debug-cli.py:(True) AND NOT(S1 entails S1): 0 [0 + 0] (0.0000)
