INFO:root:discriminator/aggregate/transform_aggregate/fully_connected/biases:0 ((200,)): 200 params
INFO:root:discriminator/aggregate/transform_aggregate/fully_connected_1/weights:0 ((200, 200)): 40000 params
INFO:root:discriminator/aggregate/transform_aggregate/fully_connected_1/biases:0 ((200,)): 200 params
INFO:root:discriminator/aggregate/fully_connected/weights:0 ((200, 3)): 600 params
INFO:root:discriminator/aggregate/fully_connected/biases:0 ((3,)): 3 params
INFO:nli-debug-cli.py:Total Trainable Discriminator Parameters: 3848903
INFO:tensorflow:Restoring parameters from models/snli/dam_1/acl/batch_dsearch_reg_v2_001/dam_1_001_9
INFO:tensorflow:Restoring parameters from models/snli/dam_1/acl/batch_dsearch_reg_v2_001/dam_1_001_9
  0%|          | 0/8 [00:00<?, ?it/s] 12%|█▎        | 1/8 [00:04<00:33,  4.83s/it] 25%|██▌       | 2/8 [00:06<00:18,  3.09s/it] 38%|███▊      | 3/8 [00:07<00:12,  2.43s/it] 50%|█████     | 4/8 [00:08<00:08,  2.22s/it] 62%|██████▎   | 5/8 [00:09<00:05,  1.98s/it] 75%|███████▌  | 6/8 [00:11<00:03,  1.91s/it] 88%|████████▊ | 7/8 [00:13<00:01,  1.91s/it]100%|██████████| 8/8 [00:13<00:00,  1.72s/it]
INFO:nli-debug-cli.py:Number of examples: 964
INFO:nli-debug-cli.py:Accuracy: 0.5674
INFO:nli-debug-cli.py:(S1 contradicts S2) XOR (S2 contradicts S1): 562
INFO:nli-debug-cli.py:(S1 contradicts S2): 559
INFO:nli-debug-cli.py:(S1 contradicts S2) AND NOT(S2 contradicts S1): 281 (0.5027)
INFO:nli-debug-cli.py:(S1 entailment S2): 104
INFO:nli-debug-cli.py:(S1 entailment S2) AND (S2 contradicts S1): 70 (0.6731)
INFO:nli-debug-cli.py:(S1 neutral S2): 559
INFO:nli-debug-cli.py:(S1 neutral S2) AND (S2 contradicts S1): 211 (0.3775)
INFO:nli-debug-cli.py:(True): 1928 [964 + 964]
INFO:nli-debug-cli.py:(True) AND NOT(S1 entails S1): 0 [0 + 0] (0.0000)
