INFO:root:discriminator/aggregate/transform_aggregate/fully_connected/biases:0 ((200,)): 200 params
INFO:root:discriminator/aggregate/transform_aggregate/fully_connected_1/weights:0 ((200, 200)): 40000 params
INFO:root:discriminator/aggregate/transform_aggregate/fully_connected_1/biases:0 ((200,)): 200 params
INFO:root:discriminator/aggregate/fully_connected/weights:0 ((200, 3)): 600 params
INFO:root:discriminator/aggregate/fully_connected/biases:0 ((3,)): 3 params
INFO:nli-debug-cli.py:Total Trainable Discriminator Parameters: 3848903
INFO:tensorflow:Restoring parameters from models/snli/dam_1/acl/batch_dsearch_reg_v2_001/dam_1_001_12
INFO:tensorflow:Restoring parameters from models/snli/dam_1/acl/batch_dsearch_reg_v2_001/dam_1_001_12
  0%|          | 0/8 [00:00<?, ?it/s] 12%|█▎        | 1/8 [00:04<00:29,  4.25s/it] 25%|██▌       | 2/8 [00:05<00:16,  2.71s/it] 38%|███▊      | 3/8 [00:06<00:11,  2.31s/it] 50%|█████     | 4/8 [00:08<00:08,  2.02s/it] 62%|██████▎   | 5/8 [00:09<00:05,  1.89s/it] 75%|███████▌  | 6/8 [00:11<00:03,  1.87s/it] 88%|████████▊ | 7/8 [00:13<00:01,  1.93s/it]100%|██████████| 8/8 [00:14<00:00,  1.79s/it]
INFO:nli-debug-cli.py:Number of examples: 964
INFO:nli-debug-cli.py:Accuracy: 0.5778
INFO:nli-debug-cli.py:(S1 contradicts S2) XOR (S2 contradicts S1): 498
INFO:nli-debug-cli.py:(S1 contradicts S2): 591
INFO:nli-debug-cli.py:(S1 contradicts S2) AND NOT(S2 contradicts S1): 249 (0.4213)
INFO:nli-debug-cli.py:(S1 entailment S2): 100
INFO:nli-debug-cli.py:(S1 entailment S2) AND (S2 contradicts S1): 68 (0.6800)
INFO:nli-debug-cli.py:(S1 neutral S2): 591
INFO:nli-debug-cli.py:(S1 neutral S2) AND (S2 contradicts S1): 181 (0.3063)
INFO:nli-debug-cli.py:(True): 1928 [964 + 964]
INFO:nli-debug-cli.py:(True) AND NOT(S1 entails S1): 0 [0 + 0] (0.0000)
