INFO:root:discriminator/aggregate/transform_aggregate/fully_connected/biases:0 ((200,)): 200 params
INFO:root:discriminator/aggregate/transform_aggregate/fully_connected_1/weights:0 ((200, 200)): 40000 params
INFO:root:discriminator/aggregate/transform_aggregate/fully_connected_1/biases:0 ((200,)): 200 params
INFO:root:discriminator/aggregate/fully_connected/weights:0 ((200, 3)): 600 params
INFO:root:discriminator/aggregate/fully_connected/biases:0 ((3,)): 3 params
INFO:nli-debug-cli.py:Total Trainable Discriminator Parameters: 3848903
INFO:tensorflow:Restoring parameters from models/snli/dam_1/acl/batch_dsearch_reg_v2_001/dam_1_001_12
INFO:tensorflow:Restoring parameters from models/snli/dam_1/acl/batch_dsearch_reg_v2_001/dam_1_001_12
  0%|          | 0/16 [00:00<?, ?it/s]  6%|▋         | 1/16 [00:03<00:48,  3.25s/it] 12%|█▎        | 2/16 [00:04<00:29,  2.08s/it] 19%|█▉        | 3/16 [00:04<00:20,  1.58s/it] 25%|██▌       | 4/16 [00:05<00:15,  1.33s/it] 31%|███▏      | 5/16 [00:06<00:14,  1.34s/it] 38%|███▊      | 6/16 [00:07<00:12,  1.23s/it] 44%|████▍     | 7/16 [00:08<00:10,  1.22s/it] 50%|█████     | 8/16 [00:09<00:09,  1.15s/it] 56%|█████▋    | 9/16 [00:09<00:07,  1.10s/it] 62%|██████▎   | 10/16 [00:10<00:06,  1.05s/it] 69%|██████▉   | 11/16 [00:10<00:04,  1.00it/s] 75%|███████▌  | 12/16 [00:11<00:03,  1.05it/s] 81%|████████▏ | 13/16 [00:12<00:02,  1.06it/s] 88%|████████▊ | 14/16 [00:12<00:01,  1.08it/s] 94%|█████████▍| 15/16 [00:13<00:00,  1.08it/s]100%|██████████| 16/16 [00:13<00:00,  1.15it/s]
INFO:nli-debug-cli.py:Number of examples: 1930
INFO:nli-debug-cli.py:Accuracy: 0.5705
INFO:nli-debug-cli.py:(S1 contradicts S2) XOR (S2 contradicts S1): 900
INFO:nli-debug-cli.py:(S1 contradicts S2): 1148
INFO:nli-debug-cli.py:(S1 contradicts S2) AND NOT(S2 contradicts S1): 450 (0.3920)
INFO:nli-debug-cli.py:(S1 entailment S2): 203
INFO:nli-debug-cli.py:(S1 entailment S2) AND (S2 contradicts S1): 103 (0.5074)
INFO:nli-debug-cli.py:(S1 neutral S2): 1148
INFO:nli-debug-cli.py:(S1 neutral S2) AND (S2 contradicts S1): 347 (0.3023)
INFO:nli-debug-cli.py:(True): 3860 [1930 + 1930]
INFO:nli-debug-cli.py:(True) AND NOT(S1 entails S1): 0 [0 + 0] (0.0000)
