INFO:root:discriminator/aggregate/transform_aggregate/fully_connected/biases:0 ((200,)): 200 params
INFO:root:discriminator/aggregate/transform_aggregate/fully_connected_1/weights:0 ((200, 200)): 40000 params
INFO:root:discriminator/aggregate/transform_aggregate/fully_connected_1/biases:0 ((200,)): 200 params
INFO:root:discriminator/aggregate/fully_connected/weights:0 ((200, 3)): 600 params
INFO:root:discriminator/aggregate/fully_connected/biases:0 ((3,)): 3 params
INFO:nli-debug-cli.py:Total Trainable Discriminator Parameters: 3848903
INFO:tensorflow:Restoring parameters from models/snli/dam_1/acl/batch_dsearch_reg_v2_001/dam_1_001_12
INFO:tensorflow:Restoring parameters from models/snli/dam_1/acl/batch_dsearch_reg_v2_001/dam_1_001_12
  0%|          | 0/2 [00:00<?, ?it/s] 50%|█████     | 1/2 [00:03<00:03,  3.93s/it]100%|██████████| 2/2 [00:04<00:00,  2.26s/it]
INFO:nli-debug-cli.py:Number of examples: 192
INFO:nli-debug-cli.py:Accuracy: 0.6510
INFO:nli-debug-cli.py:(S1 contradicts S2) XOR (S2 contradicts S1): 74
INFO:nli-debug-cli.py:(S1 contradicts S2): 109
INFO:nli-debug-cli.py:(S1 contradicts S2) AND NOT(S2 contradicts S1): 37 (0.3394)
INFO:nli-debug-cli.py:(S1 entailment S2): 19
INFO:nli-debug-cli.py:(S1 entailment S2) AND (S2 contradicts S1): 12 (0.6316)
INFO:nli-debug-cli.py:(S1 neutral S2): 109
INFO:nli-debug-cli.py:(S1 neutral S2) AND (S2 contradicts S1): 25 (0.2294)
INFO:nli-debug-cli.py:(True): 384 [192 + 192]
INFO:nli-debug-cli.py:(True) AND NOT(S1 entails S1): 0 [0 + 0] (0.0000)
