INFO:root:discriminator/aggregate/transform_aggregate/fully_connected/biases:0 ((200,)): 200 params
INFO:root:discriminator/aggregate/transform_aggregate/fully_connected_1/weights:0 ((200, 200)): 40000 params
INFO:root:discriminator/aggregate/transform_aggregate/fully_connected_1/biases:0 ((200,)): 200 params
INFO:root:discriminator/aggregate/fully_connected/weights:0 ((200, 3)): 600 params
INFO:root:discriminator/aggregate/fully_connected/biases:0 ((3,)): 3 params
INFO:nli-debug-cli.py:Total Trainable Discriminator Parameters: 3848903
INFO:tensorflow:Restoring parameters from models/snli/dam_1/acl/batch_dsearch_reg_v2_001/dam_1_001_15
INFO:tensorflow:Restoring parameters from models/snli/dam_1/acl/batch_dsearch_reg_v2_001/dam_1_001_15
  0%|          | 0/8 [00:00<?, ?it/s] 12%|█▎        | 1/8 [00:04<00:29,  4.20s/it] 25%|██▌       | 2/8 [00:05<00:17,  2.88s/it] 38%|███▊      | 3/8 [00:06<00:11,  2.25s/it] 50%|█████     | 4/8 [00:07<00:07,  1.93s/it] 62%|██████▎   | 5/8 [00:08<00:05,  1.74s/it] 75%|███████▌  | 6/8 [00:09<00:03,  1.60s/it] 88%|████████▊ | 7/8 [00:11<00:01,  1.65s/it]100%|██████████| 8/8 [00:12<00:00,  1.56s/it]
INFO:nli-debug-cli.py:Number of examples: 960
INFO:nli-debug-cli.py:Accuracy: 0.5719
INFO:nli-debug-cli.py:(S1 contradicts S2) XOR (S2 contradicts S1): 378
INFO:nli-debug-cli.py:(S1 contradicts S2): 383
INFO:nli-debug-cli.py:(S1 contradicts S2) AND NOT(S2 contradicts S1): 189 (0.4935)
INFO:nli-debug-cli.py:(S1 entailment S2): 110
INFO:nli-debug-cli.py:(S1 entailment S2) AND (S2 contradicts S1): 51 (0.4636)
INFO:nli-debug-cli.py:(S1 neutral S2): 383
INFO:nli-debug-cli.py:(S1 neutral S2) AND (S2 contradicts S1): 138 (0.3603)
INFO:nli-debug-cli.py:(True): 1920 [960 + 960]
INFO:nli-debug-cli.py:(True) AND NOT(S1 entails S1): 56 [28 + 28] (0.0292)
