INFO:root:discriminator/aggregate/transform_aggregate/fully_connected/biases:0 ((200,)): 200 params
INFO:root:discriminator/aggregate/transform_aggregate/fully_connected_1/weights:0 ((200, 200)): 40000 params
INFO:root:discriminator/aggregate/transform_aggregate/fully_connected_1/biases:0 ((200,)): 200 params
INFO:root:discriminator/aggregate/fully_connected/weights:0 ((200, 3)): 600 params
INFO:root:discriminator/aggregate/fully_connected/biases:0 ((3,)): 3 params
INFO:nli-debug-cli.py:Total Trainable Discriminator Parameters: 12075203
INFO:tensorflow:Restoring parameters from models/snli/dam_1/acl/batch_dsearch_reg_v10/dam_1_3
INFO:tensorflow:Restoring parameters from models/snli/dam_1/acl/batch_dsearch_reg_v10/dam_1_3
  0%|          | 0/16 [00:00<?, ?it/s]  6%|▋         | 1/16 [00:02<00:37,  2.51s/it] 12%|█▎        | 2/16 [00:03<00:22,  1.57s/it] 19%|█▉        | 3/16 [00:03<00:15,  1.17s/it] 25%|██▌       | 4/16 [00:04<00:12,  1.00s/it] 31%|███▏      | 5/16 [00:04<00:09,  1.10it/s] 38%|███▊      | 6/16 [00:05<00:08,  1.16it/s] 44%|████▍     | 7/16 [00:05<00:07,  1.20it/s] 50%|█████     | 8/16 [00:06<00:06,  1.23it/s] 56%|█████▋    | 9/16 [00:07<00:05,  1.25it/s] 62%|██████▎   | 10/16 [00:07<00:04,  1.30it/s] 69%|██████▉   | 11/16 [00:08<00:03,  1.31it/s] 75%|███████▌  | 12/16 [00:09<00:03,  1.33it/s] 81%|████████▏ | 13/16 [00:09<00:02,  1.34it/s] 88%|████████▊ | 14/16 [00:10<00:01,  1.34it/s] 94%|█████████▍| 15/16 [00:11<00:00,  1.35it/s]100%|██████████| 16/16 [00:11<00:00,  1.43it/s]
INFO:nli-debug-cli.py:Number of examples: 1930
INFO:nli-debug-cli.py:Accuracy: 0.6078
INFO:nli-debug-cli.py:(S1 contradicts S2) XOR (S2 contradicts S1): 872
INFO:nli-debug-cli.py:(S1 contradicts S2): 764
INFO:nli-debug-cli.py:(S1 contradicts S2) AND NOT(S2 contradicts S1): 436 (0.5707)
INFO:nli-debug-cli.py:(S1 entailment S2): 223
INFO:nli-debug-cli.py:(S1 entailment S2) AND (S2 contradicts S1): 78 (0.3498)
INFO:nli-debug-cli.py:(S1 neutral S2): 764
INFO:nli-debug-cli.py:(S1 neutral S2) AND (S2 contradicts S1): 358 (0.4686)
INFO:nli-debug-cli.py:(True): 3860 [1930 + 1930]
INFO:nli-debug-cli.py:(True) AND NOT(S1 entails S1): 4 [2 + 2] (0.0010)
