INFO:root:discriminator/aggregate/transform_aggregate/fully_connected/biases:0 ((200,)): 200 params
INFO:root:discriminator/aggregate/transform_aggregate/fully_connected_1/weights:0 ((200, 200)): 40000 params
INFO:root:discriminator/aggregate/transform_aggregate/fully_connected_1/biases:0 ((200,)): 200 params
INFO:root:discriminator/aggregate/fully_connected/weights:0 ((200, 3)): 600 params
INFO:root:discriminator/aggregate/fully_connected/biases:0 ((3,)): 3 params
INFO:nli-debug-cli.py:Total Trainable Discriminator Parameters: 12075203
INFO:tensorflow:Restoring parameters from models/snli/dam_1/acl/batch_dsearch_reg_v10/dam_1_6
INFO:tensorflow:Restoring parameters from models/snli/dam_1/acl/batch_dsearch_reg_v10/dam_1_6
  0%|          | 0/16 [00:00<?, ?it/s]  6%|▋         | 1/16 [00:02<00:35,  2.40s/it] 12%|█▎        | 2/16 [00:03<00:23,  1.67s/it] 19%|█▉        | 3/16 [00:03<00:17,  1.33s/it] 25%|██▌       | 4/16 [00:04<00:13,  1.16s/it] 31%|███▏      | 5/16 [00:05<00:11,  1.07s/it] 38%|███▊      | 6/16 [00:06<00:10,  1.01s/it] 44%|████▍     | 7/16 [00:06<00:08,  1.02it/s] 50%|█████     | 8/16 [00:07<00:07,  1.05it/s] 56%|█████▋    | 9/16 [00:08<00:06,  1.06it/s] 62%|██████▎   | 10/16 [00:09<00:05,  1.09it/s] 69%|██████▉   | 11/16 [00:09<00:04,  1.15it/s] 75%|███████▌  | 12/16 [00:10<00:03,  1.19it/s] 81%|████████▏ | 13/16 [00:10<00:02,  1.22it/s] 88%|████████▊ | 14/16 [00:11<00:01,  1.21it/s] 94%|█████████▍| 15/16 [00:12<00:00,  1.20it/s]100%|██████████| 16/16 [00:12<00:00,  1.28it/s]
INFO:nli-debug-cli.py:Number of examples: 1930
INFO:nli-debug-cli.py:Accuracy: 0.6130
INFO:nli-debug-cli.py:(S1 contradicts S2) XOR (S2 contradicts S1): 864
INFO:nli-debug-cli.py:(S1 contradicts S2): 760
INFO:nli-debug-cli.py:(S1 contradicts S2) AND NOT(S2 contradicts S1): 432 (0.5684)
INFO:nli-debug-cli.py:(S1 entailment S2): 225
INFO:nli-debug-cli.py:(S1 entailment S2) AND (S2 contradicts S1): 77 (0.3422)
INFO:nli-debug-cli.py:(S1 neutral S2): 760
INFO:nli-debug-cli.py:(S1 neutral S2) AND (S2 contradicts S1): 355 (0.4671)
INFO:nli-debug-cli.py:(True): 3860 [1930 + 1930]
INFO:nli-debug-cli.py:(True) AND NOT(S1 entails S1): 2 [1 + 1] (0.0005)
