INFO:root:discriminator/aggregate/transform_aggregate/fully_connected/biases:0 ((200,)): 200 params
INFO:root:discriminator/aggregate/transform_aggregate/fully_connected_1/weights:0 ((200, 200)): 40000 params
INFO:root:discriminator/aggregate/transform_aggregate/fully_connected_1/biases:0 ((200,)): 200 params
INFO:root:discriminator/aggregate/fully_connected/weights:0 ((200, 3)): 600 params
INFO:root:discriminator/aggregate/fully_connected/biases:0 ((3,)): 3 params
INFO:nli-debug-cli.py:Total Trainable Discriminator Parameters: 12075203
INFO:tensorflow:Restoring parameters from models/snli/dam_1/acl/batch_dsearch_reg_v10/dam_1_12
INFO:tensorflow:Restoring parameters from models/snli/dam_1/acl/batch_dsearch_reg_v10/dam_1_12
  0%|          | 0/16 [00:00<?, ?it/s]  6%|▋         | 1/16 [00:01<00:21,  1.40s/it] 12%|█▎        | 2/16 [00:02<00:15,  1.09s/it] 19%|█▉        | 3/16 [00:03<00:13,  1.02s/it] 25%|██▌       | 4/16 [00:03<00:11,  1.02it/s] 31%|███▏      | 5/16 [00:04<00:10,  1.09it/s] 38%|███▊      | 6/16 [00:05<00:08,  1.12it/s] 44%|████▍     | 7/16 [00:06<00:07,  1.14it/s] 50%|█████     | 8/16 [00:06<00:06,  1.21it/s] 56%|█████▋    | 9/16 [00:07<00:05,  1.20it/s] 62%|██████▎   | 10/16 [00:08<00:04,  1.24it/s] 69%|██████▉   | 11/16 [00:08<00:03,  1.27it/s] 75%|███████▌  | 12/16 [00:09<00:03,  1.26it/s] 81%|████████▏ | 13/16 [00:10<00:02,  1.25it/s] 88%|████████▊ | 14/16 [00:11<00:01,  1.27it/s] 94%|█████████▍| 15/16 [00:11<00:00,  1.27it/s]100%|██████████| 16/16 [00:11<00:00,  1.34it/s]
INFO:nli-debug-cli.py:Number of examples: 1928
INFO:nli-debug-cli.py:Accuracy: 0.5446
INFO:nli-debug-cli.py:(S1 contradicts S2) XOR (S2 contradicts S1): 1422
INFO:nli-debug-cli.py:(S1 contradicts S2): 871
INFO:nli-debug-cli.py:(S1 contradicts S2) AND NOT(S2 contradicts S1): 711 (0.8163)
INFO:nli-debug-cli.py:(S1 entailment S2): 236
INFO:nli-debug-cli.py:(S1 entailment S2) AND (S2 contradicts S1): 159 (0.6737)
INFO:nli-debug-cli.py:(S1 neutral S2): 871
INFO:nli-debug-cli.py:(S1 neutral S2) AND (S2 contradicts S1): 552 (0.6338)
INFO:nli-debug-cli.py:(True): 3856 [1928 + 1928]
INFO:nli-debug-cli.py:(True) AND NOT(S1 entails S1): 0 [0 + 0] (0.0000)
