INFO:root:discriminator/aggregate/transform_aggregate/fully_connected/biases:0 ((200,)): 200 params
INFO:root:discriminator/aggregate/transform_aggregate/fully_connected_1/weights:0 ((200, 200)): 40000 params
INFO:root:discriminator/aggregate/transform_aggregate/fully_connected_1/biases:0 ((200,)): 200 params
INFO:root:discriminator/aggregate/fully_connected/weights:0 ((200, 3)): 600 params
INFO:root:discriminator/aggregate/fully_connected/biases:0 ((3,)): 3 params
INFO:nli-debug-cli.py:Total Trainable Discriminator Parameters: 12075203
INFO:tensorflow:Restoring parameters from models/snli/dam_1/acl/batch_dsearch_reg_v10/dam_1_15
INFO:tensorflow:Restoring parameters from models/snli/dam_1/acl/batch_dsearch_reg_v10/dam_1_15
  0%|          | 0/2 [00:00<?, ?it/s] 50%|█████     | 1/2 [00:24<00:24, 24.08s/it]100%|██████████| 2/2 [00:24<00:00, 12.25s/it]
INFO:nli-debug-cli.py:Number of examples: 192
INFO:nli-debug-cli.py:Accuracy: 0.5312
INFO:nli-debug-cli.py:(S1 contradicts S2) XOR (S2 contradicts S1): 126
INFO:nli-debug-cli.py:(S1 contradicts S2): 77
INFO:nli-debug-cli.py:(S1 contradicts S2) AND NOT(S2 contradicts S1): 63 (0.8182)
INFO:nli-debug-cli.py:(S1 entailment S2): 32
INFO:nli-debug-cli.py:(S1 entailment S2) AND (S2 contradicts S1): 17 (0.5312)
INFO:nli-debug-cli.py:(S1 neutral S2): 77
INFO:nli-debug-cli.py:(S1 neutral S2) AND (S2 contradicts S1): 46 (0.5974)
INFO:nli-debug-cli.py:(True): 384 [192 + 192]
INFO:nli-debug-cli.py:(True) AND NOT(S1 entails S1): 0 [0 + 0] (0.0000)
