INFO:root:discriminator/aggregate/transform_aggregate/fully_connected/biases:0 ((200,)): 200 params
INFO:root:discriminator/aggregate/transform_aggregate/fully_connected_1/weights:0 ((200, 200)): 40000 params
INFO:root:discriminator/aggregate/transform_aggregate/fully_connected_1/biases:0 ((200,)): 200 params
INFO:root:discriminator/aggregate/fully_connected/weights:0 ((200, 3)): 600 params
INFO:root:discriminator/aggregate/fully_connected/biases:0 ((3,)): 3 params
INFO:nli-debug-cli.py:Total Trainable Discriminator Parameters: 12075203
INFO:tensorflow:Restoring parameters from models/snli/dam_1/acl/batch_dsearch_reg_v9/dam_1_6
INFO:tensorflow:Restoring parameters from models/snli/dam_1/acl/batch_dsearch_reg_v9/dam_1_6
  0%|          | 0/8 [00:00<?, ?it/s] 12%|█▎        | 1/8 [00:05<00:41,  5.95s/it] 25%|██▌       | 2/8 [00:07<00:22,  3.72s/it] 38%|███▊      | 3/8 [00:10<00:16,  3.38s/it] 50%|█████     | 4/8 [00:11<00:11,  2.93s/it] 62%|██████▎   | 5/8 [00:14<00:08,  2.83s/it] 75%|███████▌  | 6/8 [00:16<00:05,  2.76s/it] 88%|████████▊ | 7/8 [00:18<00:02,  2.61s/it]100%|██████████| 8/8 [00:19<00:00,  2.40s/it]
INFO:nli-debug-cli.py:Number of examples: 964
INFO:nli-debug-cli.py:Accuracy: 0.6867
INFO:nli-debug-cli.py:(S1 contradicts S2) XOR (S2 contradicts S1): 486
INFO:nli-debug-cli.py:(S1 contradicts S2): 329
INFO:nli-debug-cli.py:(S1 contradicts S2) AND NOT(S2 contradicts S1): 243 (0.7386)
INFO:nli-debug-cli.py:(S1 entailment S2): 127
INFO:nli-debug-cli.py:(S1 entailment S2) AND (S2 contradicts S1): 55 (0.4331)
INFO:nli-debug-cli.py:(S1 neutral S2): 329
INFO:nli-debug-cli.py:(S1 neutral S2) AND (S2 contradicts S1): 188 (0.5714)
INFO:nli-debug-cli.py:(True): 1928 [964 + 964]
INFO:nli-debug-cli.py:(True) AND NOT(S1 entails S1): 2 [1 + 1] (0.0010)
