INFO:root:discriminator/aggregate/transform_aggregate/fully_connected/biases:0 ((200,)): 200 params
INFO:root:discriminator/aggregate/transform_aggregate/fully_connected_1/weights:0 ((200, 200)): 40000 params
INFO:root:discriminator/aggregate/transform_aggregate/fully_connected_1/biases:0 ((200,)): 200 params
INFO:root:discriminator/aggregate/fully_connected/weights:0 ((200, 3)): 600 params
INFO:root:discriminator/aggregate/fully_connected/biases:0 ((3,)): 3 params
INFO:nli-debug-cli.py:Total Trainable Discriminator Parameters: 12075203
INFO:tensorflow:Restoring parameters from models/snli/dam_1/acl/batch_dsearch_reg_v9/dam_1_6
INFO:tensorflow:Restoring parameters from models/snli/dam_1/acl/batch_dsearch_reg_v9/dam_1_6
  0%|          | 0/8 [00:00<?, ?it/s] 12%|█▎        | 1/8 [00:06<00:42,  6.10s/it] 25%|██▌       | 2/8 [00:07<00:23,  3.85s/it] 38%|███▊      | 3/8 [00:08<00:14,  2.89s/it] 50%|█████     | 4/8 [00:09<00:09,  2.37s/it] 62%|██████▎   | 5/8 [00:10<00:06,  2.09s/it] 75%|███████▌  | 6/8 [00:11<00:03,  1.88s/it] 88%|████████▊ | 7/8 [00:12<00:01,  1.77s/it]100%|██████████| 8/8 [00:12<00:00,  1.60s/it]
INFO:nli-debug-cli.py:Number of examples: 960
INFO:nli-debug-cli.py:Accuracy: 0.6750
INFO:nli-debug-cli.py:(S1 contradicts S2) XOR (S2 contradicts S1): 328
INFO:nli-debug-cli.py:(S1 contradicts S2): 352
INFO:nli-debug-cli.py:(S1 contradicts S2) AND NOT(S2 contradicts S1): 164 (0.4659)
INFO:nli-debug-cli.py:(S1 entailment S2): 102
INFO:nli-debug-cli.py:(S1 entailment S2) AND (S2 contradicts S1): 30 (0.2941)
INFO:nli-debug-cli.py:(S1 neutral S2): 352
INFO:nli-debug-cli.py:(S1 neutral S2) AND (S2 contradicts S1): 134 (0.3807)
INFO:nli-debug-cli.py:(True): 1920 [960 + 960]
INFO:nli-debug-cli.py:(True) AND NOT(S1 entails S1): 4 [2 + 2] (0.0021)
