INFO:root:discriminator/aggregate/transform_aggregate/fully_connected/biases:0 ((200,)): 200 params
INFO:root:discriminator/aggregate/transform_aggregate/fully_connected_1/weights:0 ((200, 200)): 40000 params
INFO:root:discriminator/aggregate/transform_aggregate/fully_connected_1/biases:0 ((200,)): 200 params
INFO:root:discriminator/aggregate/fully_connected/weights:0 ((200, 3)): 600 params
INFO:root:discriminator/aggregate/fully_connected/biases:0 ((3,)): 3 params
INFO:nli-debug-cli.py:Total Trainable Discriminator Parameters: 12075203
INFO:tensorflow:Restoring parameters from models/snli/dam_1/acl/batch_dsearch_reg_v9/dam_1_9
INFO:tensorflow:Restoring parameters from models/snli/dam_1/acl/batch_dsearch_reg_v9/dam_1_9
  0%|          | 0/8 [00:00<?, ?it/s] 12%|█▎        | 1/8 [00:04<00:34,  4.95s/it] 25%|██▌       | 2/8 [00:06<00:19,  3.18s/it] 38%|███▊      | 3/8 [00:08<00:14,  2.88s/it] 50%|█████     | 4/8 [00:10<00:10,  2.66s/it] 62%|██████▎   | 5/8 [00:12<00:07,  2.55s/it] 75%|███████▌  | 6/8 [00:15<00:05,  2.51s/it] 88%|████████▊ | 7/8 [00:16<00:02,  2.41s/it]100%|██████████| 8/8 [00:17<00:00,  2.21s/it]
INFO:nli-debug-cli.py:Number of examples: 964
INFO:nli-debug-cli.py:Accuracy: 0.8195
INFO:nli-debug-cli.py:(S1 contradicts S2) XOR (S2 contradicts S1): 162
INFO:nli-debug-cli.py:(S1 contradicts S2): 323
INFO:nli-debug-cli.py:(S1 contradicts S2) AND NOT(S2 contradicts S1): 81 (0.2508)
INFO:nli-debug-cli.py:(S1 entailment S2): 115
INFO:nli-debug-cli.py:(S1 entailment S2) AND (S2 contradicts S1): 17 (0.1478)
INFO:nli-debug-cli.py:(S1 neutral S2): 323
INFO:nli-debug-cli.py:(S1 neutral S2) AND (S2 contradicts S1): 64 (0.1981)
INFO:nli-debug-cli.py:(True): 1928 [964 + 964]
INFO:nli-debug-cli.py:(True) AND NOT(S1 entails S1): 2 [1 + 1] (0.0010)
