INFO:root:discriminator/aggregate/transform_aggregate/fully_connected/biases:0 ((200,)): 200 params
INFO:root:discriminator/aggregate/transform_aggregate/fully_connected_1/weights:0 ((200, 200)): 40000 params
INFO:root:discriminator/aggregate/transform_aggregate/fully_connected_1/biases:0 ((200,)): 200 params
INFO:root:discriminator/aggregate/fully_connected/weights:0 ((200, 3)): 600 params
INFO:root:discriminator/aggregate/fully_connected/biases:0 ((3,)): 3 params
INFO:nli-debug-cli.py:Total Trainable Discriminator Parameters: 12075203
INFO:tensorflow:Restoring parameters from models/snli/dam_1/acl/batch_dsearch_reg_v9/dam_1_9
INFO:tensorflow:Restoring parameters from models/snli/dam_1/acl/batch_dsearch_reg_v9/dam_1_9
  0%|          | 0/16 [00:00<?, ?it/s]  6%|▋         | 1/16 [00:04<01:03,  4.25s/it] 12%|█▎        | 2/16 [00:05<00:37,  2.67s/it] 19%|█▉        | 3/16 [00:06<00:26,  2.03s/it] 25%|██▌       | 4/16 [00:06<00:20,  1.70s/it] 31%|███▏      | 5/16 [00:07<00:17,  1.60s/it] 38%|███▊      | 6/16 [00:08<00:14,  1.43s/it] 44%|████▍     | 7/16 [00:09<00:12,  1.40s/it] 50%|█████     | 8/16 [00:10<00:10,  1.35s/it] 56%|█████▋    | 9/16 [00:11<00:09,  1.30s/it] 62%|██████▎   | 10/16 [00:12<00:07,  1.25s/it] 69%|██████▉   | 11/16 [00:13<00:05,  1.18s/it] 75%|███████▌  | 12/16 [00:13<00:04,  1.14s/it] 81%|████████▏ | 13/16 [00:14<00:03,  1.10s/it] 88%|████████▊ | 14/16 [00:14<00:02,  1.06s/it] 94%|█████████▍| 15/16 [00:15<00:01,  1.04s/it]100%|██████████| 16/16 [00:15<00:00,  1.02it/s]
INFO:nli-debug-cli.py:Number of examples: 1930
INFO:nli-debug-cli.py:Accuracy: 0.7187
INFO:nli-debug-cli.py:(S1 contradicts S2) XOR (S2 contradicts S1): 256
INFO:nli-debug-cli.py:(S1 contradicts S2): 634
INFO:nli-debug-cli.py:(S1 contradicts S2) AND NOT(S2 contradicts S1): 128 (0.2019)
INFO:nli-debug-cli.py:(S1 entailment S2): 209
INFO:nli-debug-cli.py:(S1 entailment S2) AND (S2 contradicts S1): 18 (0.0861)
INFO:nli-debug-cli.py:(S1 neutral S2): 634
INFO:nli-debug-cli.py:(S1 neutral S2) AND (S2 contradicts S1): 110 (0.1735)
INFO:nli-debug-cli.py:(True): 3860 [1930 + 1930]
INFO:nli-debug-cli.py:(True) AND NOT(S1 entails S1): 8 [4 + 4] (0.0021)
