INFO:root:discriminator/aggregate/transform_aggregate/fully_connected/biases:0 ((200,)): 200 params
INFO:root:discriminator/aggregate/transform_aggregate/fully_connected_1/weights:0 ((200, 200)): 40000 params
INFO:root:discriminator/aggregate/transform_aggregate/fully_connected_1/biases:0 ((200,)): 200 params
INFO:root:discriminator/aggregate/fully_connected/weights:0 ((200, 3)): 600 params
INFO:root:discriminator/aggregate/fully_connected/biases:0 ((3,)): 3 params
INFO:nli-debug-cli.py:Total Trainable Discriminator Parameters: 12075203
INFO:tensorflow:Restoring parameters from models/snli/dam_1/acl/batch_dsearch_reg_v9/dam_1_12
INFO:tensorflow:Restoring parameters from models/snli/dam_1/acl/batch_dsearch_reg_v9/dam_1_12
  0%|          | 0/16 [00:00<?, ?it/s]  6%|▋         | 1/16 [00:04<01:10,  4.73s/it] 12%|█▎        | 2/16 [00:05<00:41,  2.96s/it] 19%|█▉        | 3/16 [00:07<00:31,  2.42s/it] 25%|██▌       | 4/16 [00:08<00:24,  2.02s/it] 31%|███▏      | 5/16 [00:09<00:20,  1.82s/it] 38%|███▊      | 6/16 [00:11<00:18,  1.84s/it] 44%|████▍     | 7/16 [00:12<00:15,  1.75s/it] 50%|█████     | 8/16 [00:12<00:12,  1.62s/it] 56%|█████▋    | 9/16 [00:13<00:10,  1.55s/it] 62%|██████▎   | 10/16 [00:14<00:08,  1.49s/it] 69%|██████▉   | 11/16 [00:15<00:07,  1.43s/it] 75%|███████▌  | 12/16 [00:16<00:05,  1.36s/it] 81%|████████▏ | 13/16 [00:17<00:04,  1.34s/it] 88%|████████▊ | 14/16 [00:18<00:02,  1.33s/it] 94%|█████████▍| 15/16 [00:19<00:01,  1.32s/it]100%|██████████| 16/16 [00:19<00:00,  1.24s/it]
INFO:nli-debug-cli.py:Number of examples: 1924
INFO:nli-debug-cli.py:Accuracy: 0.8150
INFO:nli-debug-cli.py:(S1 contradicts S2) XOR (S2 contradicts S1): 90
INFO:nli-debug-cli.py:(S1 contradicts S2): 657
INFO:nli-debug-cli.py:(S1 contradicts S2) AND NOT(S2 contradicts S1): 45 (0.0685)
INFO:nli-debug-cli.py:(S1 entailment S2): 223
INFO:nli-debug-cli.py:(S1 entailment S2) AND (S2 contradicts S1): 11 (0.0493)
INFO:nli-debug-cli.py:(S1 neutral S2): 657
INFO:nli-debug-cli.py:(S1 neutral S2) AND (S2 contradicts S1): 34 (0.0518)
INFO:nli-debug-cli.py:(True): 3848 [1924 + 1924]
INFO:nli-debug-cli.py:(True) AND NOT(S1 entails S1): 4 [2 + 2] (0.0010)
