INFO:root:discriminator/aggregate/transform_aggregate/fully_connected/biases:0 ((200,)): 200 params
INFO:root:discriminator/aggregate/transform_aggregate/fully_connected_1/weights:0 ((200, 200)): 40000 params
INFO:root:discriminator/aggregate/transform_aggregate/fully_connected_1/biases:0 ((200,)): 200 params
INFO:root:discriminator/aggregate/fully_connected/weights:0 ((200, 3)): 600 params
INFO:root:discriminator/aggregate/fully_connected/biases:0 ((3,)): 3 params
INFO:nli-debug-cli.py:Total Trainable Discriminator Parameters: 12075203
INFO:tensorflow:Restoring parameters from models/snli/dam_1/acl/batch_dsearch_reg_v9/dam_1_15
INFO:tensorflow:Restoring parameters from models/snli/dam_1/acl/batch_dsearch_reg_v9/dam_1_15
  0%|          | 0/8 [00:00<?, ?it/s] 12%|█▎        | 1/8 [00:01<00:12,  1.81s/it] 25%|██▌       | 2/8 [00:02<00:07,  1.18s/it] 38%|███▊      | 3/8 [00:03<00:05,  1.05s/it] 50%|█████     | 4/8 [00:04<00:04,  1.04s/it] 62%|██████▎   | 5/8 [00:05<00:03,  1.01s/it] 75%|███████▌  | 6/8 [00:05<00:01,  1.02it/s] 88%|████████▊ | 7/8 [00:07<00:01,  1.03s/it]100%|██████████| 8/8 [00:07<00:00,  1.04it/s]
INFO:nli-debug-cli.py:Number of examples: 964
INFO:nli-debug-cli.py:Accuracy: 0.6587
INFO:nli-debug-cli.py:(S1 contradicts S2) XOR (S2 contradicts S1): 46
INFO:nli-debug-cli.py:(S1 contradicts S2): 191
INFO:nli-debug-cli.py:(S1 contradicts S2) AND NOT(S2 contradicts S1): 23 (0.1204)
INFO:nli-debug-cli.py:(S1 entailment S2): 104
INFO:nli-debug-cli.py:(S1 entailment S2) AND (S2 contradicts S1): 1 (0.0096)
INFO:nli-debug-cli.py:(S1 neutral S2): 191
INFO:nli-debug-cli.py:(S1 neutral S2) AND (S2 contradicts S1): 22 (0.1152)
INFO:nli-debug-cli.py:(True): 1928 [964 + 964]
INFO:nli-debug-cli.py:(True) AND NOT(S1 entails S1): 2 [1 + 1] (0.0010)
