INFO:root:discriminator/aggregate/transform_aggregate/fully_connected/biases:0 ((200,)): 200 params
INFO:root:discriminator/aggregate/transform_aggregate/fully_connected_1/weights:0 ((200, 200)): 40000 params
INFO:root:discriminator/aggregate/transform_aggregate/fully_connected_1/biases:0 ((200,)): 200 params
INFO:root:discriminator/aggregate/fully_connected/weights:0 ((200, 3)): 600 params
INFO:root:discriminator/aggregate/fully_connected/biases:0 ((3,)): 3 params
INFO:nli-debug-cli.py:Total Trainable Discriminator Parameters: 12075203
INFO:tensorflow:Restoring parameters from models/snli/dam_1/acl/batch_dsearch_reg_v3/dam_1_0
INFO:tensorflow:Restoring parameters from models/snli/dam_1/acl/batch_dsearch_reg_v3/dam_1_0
  0%|          | 0/16 [00:00<?, ?it/s]  6%|▋         | 1/16 [00:03<00:45,  3.01s/it] 12%|█▎        | 2/16 [00:04<00:28,  2.03s/it] 19%|█▉        | 3/16 [00:05<00:23,  1.82s/it] 25%|██▌       | 4/16 [00:06<00:19,  1.62s/it] 31%|███▏      | 5/16 [00:07<00:16,  1.54s/it] 38%|███▊      | 6/16 [00:09<00:16,  1.61s/it] 44%|████▍     | 7/16 [00:11<00:14,  1.64s/it] 50%|█████     | 8/16 [00:12<00:12,  1.60s/it] 56%|█████▋    | 9/16 [00:14<00:10,  1.56s/it] 62%|██████▎   | 10/16 [00:14<00:08,  1.50s/it] 69%|██████▉   | 11/16 [00:15<00:07,  1.44s/it] 75%|███████▌  | 12/16 [00:16<00:05,  1.37s/it] 81%|████████▏ | 13/16 [00:17<00:04,  1.34s/it] 88%|████████▊ | 14/16 [00:18<00:02,  1.31s/it] 94%|█████████▍| 15/16 [00:19<00:01,  1.28s/it]100%|██████████| 16/16 [00:19<00:00,  1.21s/it]
INFO:nli-debug-cli.py:Number of examples: 1924
INFO:nli-debug-cli.py:Accuracy: 0.5166
INFO:nli-debug-cli.py:(S1 contradicts S2) XOR (S2 contradicts S1): 1726
INFO:nli-debug-cli.py:(S1 contradicts S2): 935
INFO:nli-debug-cli.py:(S1 contradicts S2) AND NOT(S2 contradicts S1): 863 (0.9230)
INFO:nli-debug-cli.py:(S1 entailment S2): 243
INFO:nli-debug-cli.py:(S1 entailment S2) AND (S2 contradicts S1): 206 (0.8477)
INFO:nli-debug-cli.py:(S1 neutral S2): 935
INFO:nli-debug-cli.py:(S1 neutral S2) AND (S2 contradicts S1): 657 (0.7027)
INFO:nli-debug-cli.py:(True): 3848 [1924 + 1924]
INFO:nli-debug-cli.py:(True) AND NOT(S1 entails S1): 8 [4 + 4] (0.0021)
