INFO:root:discriminator/aggregate/transform_aggregate/fully_connected/biases:0 ((200,)): 200 params
INFO:root:discriminator/aggregate/transform_aggregate/fully_connected_1/weights:0 ((200, 200)): 40000 params
INFO:root:discriminator/aggregate/transform_aggregate/fully_connected_1/biases:0 ((200,)): 200 params
INFO:root:discriminator/aggregate/fully_connected/weights:0 ((200, 3)): 600 params
INFO:root:discriminator/aggregate/fully_connected/biases:0 ((3,)): 3 params
INFO:nli-debug-cli.py:Total Trainable Discriminator Parameters: 12075203
INFO:tensorflow:Restoring parameters from models/snli/dam_1/acl/batch_dsearch_reg_v3/dam_1_3
INFO:tensorflow:Restoring parameters from models/snli/dam_1/acl/batch_dsearch_reg_v3/dam_1_3
  0%|          | 0/16 [00:00<?, ?it/s]  6%|▋         | 1/16 [00:03<00:50,  3.37s/it] 12%|█▎        | 2/16 [00:04<00:28,  2.05s/it] 19%|█▉        | 3/16 [00:05<00:22,  1.74s/it] 25%|██▌       | 4/16 [00:06<00:18,  1.55s/it] 31%|███▏      | 5/16 [00:07<00:15,  1.42s/it] 38%|███▊      | 6/16 [00:08<00:13,  1.37s/it] 44%|████▍     | 7/16 [00:09<00:11,  1.31s/it] 50%|█████     | 8/16 [00:09<00:09,  1.25s/it] 56%|█████▋    | 9/16 [00:10<00:08,  1.19s/it] 62%|██████▎   | 10/16 [00:11<00:07,  1.17s/it] 69%|██████▉   | 11/16 [00:12<00:05,  1.13s/it] 75%|███████▌  | 12/16 [00:12<00:04,  1.07s/it] 81%|████████▏ | 13/16 [00:13<00:03,  1.04s/it] 88%|████████▊ | 14/16 [00:14<00:02,  1.01s/it] 94%|█████████▍| 15/16 [00:14<00:00,  1.02it/s]100%|██████████| 16/16 [00:14<00:00,  1.08it/s]
INFO:nli-debug-cli.py:Number of examples: 1924
INFO:nli-debug-cli.py:Accuracy: 0.5561
INFO:nli-debug-cli.py:(S1 contradicts S2) XOR (S2 contradicts S1): 1542
INFO:nli-debug-cli.py:(S1 contradicts S2): 831
INFO:nli-debug-cli.py:(S1 contradicts S2) AND NOT(S2 contradicts S1): 771 (0.9278)
INFO:nli-debug-cli.py:(S1 entailment S2): 243
INFO:nli-debug-cli.py:(S1 entailment S2) AND (S2 contradicts S1): 153 (0.6296)
INFO:nli-debug-cli.py:(S1 neutral S2): 831
INFO:nli-debug-cli.py:(S1 neutral S2) AND (S2 contradicts S1): 618 (0.7437)
INFO:nli-debug-cli.py:(True): 3848 [1924 + 1924]
INFO:nli-debug-cli.py:(True) AND NOT(S1 entails S1): 8 [4 + 4] (0.0021)
