INFO:root:discriminator/aggregate/transform_aggregate/fully_connected/biases:0 ((200,)): 200 params
INFO:root:discriminator/aggregate/transform_aggregate/fully_connected_1/weights:0 ((200, 200)): 40000 params
INFO:root:discriminator/aggregate/transform_aggregate/fully_connected_1/biases:0 ((200,)): 200 params
INFO:root:discriminator/aggregate/fully_connected/weights:0 ((200, 3)): 600 params
INFO:root:discriminator/aggregate/fully_connected/biases:0 ((3,)): 3 params
INFO:nli-debug-cli.py:Total Trainable Discriminator Parameters: 12075203
INFO:tensorflow:Restoring parameters from models/snli/dam_1/acl/batch_dsearch_reg_v3/dam_1_6
INFO:tensorflow:Restoring parameters from models/snli/dam_1/acl/batch_dsearch_reg_v3/dam_1_6
  0%|          | 0/16 [00:00<?, ?it/s]  6%|▋         | 1/16 [00:03<00:50,  3.40s/it] 12%|█▎        | 2/16 [00:04<00:30,  2.17s/it] 19%|█▉        | 3/16 [00:05<00:25,  1.93s/it] 25%|██▌       | 4/16 [00:06<00:19,  1.66s/it] 31%|███▏      | 5/16 [00:07<00:17,  1.55s/it] 38%|███▊      | 6/16 [00:09<00:15,  1.55s/it] 44%|████▍     | 7/16 [00:10<00:13,  1.51s/it] 50%|█████     | 8/16 [00:11<00:11,  1.47s/it] 56%|█████▋    | 9/16 [00:12<00:09,  1.43s/it] 62%|██████▎   | 10/16 [00:14<00:08,  1.41s/it] 69%|██████▉   | 11/16 [00:15<00:06,  1.36s/it] 75%|███████▌  | 12/16 [00:16<00:05,  1.34s/it] 81%|████████▏ | 13/16 [00:17<00:04,  1.34s/it] 88%|████████▊ | 14/16 [00:18<00:02,  1.34s/it] 94%|█████████▍| 15/16 [00:20<00:01,  1.36s/it]100%|██████████| 16/16 [00:20<00:00,  1.28s/it]
INFO:nli-debug-cli.py:Number of examples: 1924
INFO:nli-debug-cli.py:Accuracy: 0.6159
INFO:nli-debug-cli.py:(S1 contradicts S2) XOR (S2 contradicts S1): 1268
INFO:nli-debug-cli.py:(S1 contradicts S2): 682
INFO:nli-debug-cli.py:(S1 contradicts S2) AND NOT(S2 contradicts S1): 634 (0.9296)
INFO:nli-debug-cli.py:(S1 entailment S2): 239
INFO:nli-debug-cli.py:(S1 entailment S2) AND (S2 contradicts S1): 98 (0.4100)
INFO:nli-debug-cli.py:(S1 neutral S2): 682
INFO:nli-debug-cli.py:(S1 neutral S2) AND (S2 contradicts S1): 536 (0.7859)
INFO:nli-debug-cli.py:(True): 3848 [1924 + 1924]
INFO:nli-debug-cli.py:(True) AND NOT(S1 entails S1): 8 [4 + 4] (0.0021)
