INFO:root:discriminator/aggregate/transform_aggregate/fully_connected/biases:0 ((200,)): 200 params
INFO:root:discriminator/aggregate/transform_aggregate/fully_connected_1/weights:0 ((200, 200)): 40000 params
INFO:root:discriminator/aggregate/transform_aggregate/fully_connected_1/biases:0 ((200,)): 200 params
INFO:root:discriminator/aggregate/fully_connected/weights:0 ((200, 3)): 600 params
INFO:root:discriminator/aggregate/fully_connected/biases:0 ((3,)): 3 params
INFO:nli-debug-cli.py:Total Trainable Discriminator Parameters: 12075203
INFO:tensorflow:Restoring parameters from models/snli/dam_1/acl/batch_dsearch_reg_v3/dam_1_9
INFO:tensorflow:Restoring parameters from models/snli/dam_1/acl/batch_dsearch_reg_v3/dam_1_9
  0%|          | 0/16 [00:00<?, ?it/s]  6%|▋         | 1/16 [00:04<01:03,  4.23s/it] 12%|█▎        | 2/16 [00:05<00:35,  2.53s/it] 19%|█▉        | 3/16 [00:06<00:28,  2.16s/it] 25%|██▌       | 4/16 [00:07<00:23,  1.92s/it] 31%|███▏      | 5/16 [00:08<00:18,  1.72s/it] 38%|███▊      | 6/16 [00:09<00:16,  1.65s/it] 44%|████▍     | 7/16 [00:10<00:13,  1.52s/it] 50%|█████     | 8/16 [00:11<00:11,  1.41s/it] 56%|█████▋    | 9/16 [00:11<00:09,  1.32s/it] 62%|██████▎   | 10/16 [00:12<00:07,  1.27s/it] 69%|██████▉   | 11/16 [00:13<00:06,  1.25s/it] 75%|███████▌  | 12/16 [00:14<00:04,  1.18s/it] 81%|████████▏ | 13/16 [00:14<00:03,  1.14s/it] 88%|████████▊ | 14/16 [00:15<00:02,  1.10s/it] 94%|█████████▍| 15/16 [00:16<00:01,  1.09s/it]100%|██████████| 16/16 [00:16<00:00,  1.02s/it]
INFO:nli-debug-cli.py:Number of examples: 1924
INFO:nli-debug-cli.py:Accuracy: 0.6637
INFO:nli-debug-cli.py:(S1 contradicts S2) XOR (S2 contradicts S1): 996
INFO:nli-debug-cli.py:(S1 contradicts S2): 532
INFO:nli-debug-cli.py:(S1 contradicts S2) AND NOT(S2 contradicts S1): 498 (0.9361)
INFO:nli-debug-cli.py:(S1 entailment S2): 236
INFO:nli-debug-cli.py:(S1 entailment S2) AND (S2 contradicts S1): 43 (0.1822)
INFO:nli-debug-cli.py:(S1 neutral S2): 532
INFO:nli-debug-cli.py:(S1 neutral S2) AND (S2 contradicts S1): 455 (0.8553)
INFO:nli-debug-cli.py:(True): 3848 [1924 + 1924]
INFO:nli-debug-cli.py:(True) AND NOT(S1 entails S1): 10 [5 + 5] (0.0026)
