INFO:root:discriminator/aggregate/transform_aggregate/fully_connected/biases:0 ((200,)): 200 params
INFO:root:discriminator/aggregate/transform_aggregate/fully_connected_1/weights:0 ((200, 200)): 40000 params
INFO:root:discriminator/aggregate/transform_aggregate/fully_connected_1/biases:0 ((200,)): 200 params
INFO:root:discriminator/aggregate/fully_connected/weights:0 ((200, 3)): 600 params
INFO:root:discriminator/aggregate/fully_connected/biases:0 ((3,)): 3 params
INFO:nli-debug-cli.py:Total Trainable Discriminator Parameters: 12075203
INFO:tensorflow:Restoring parameters from models/snli/dam_1/acl/batch_dsearch_reg_v3/dam_1_12
INFO:tensorflow:Restoring parameters from models/snli/dam_1/acl/batch_dsearch_reg_v3/dam_1_12
  0%|          | 0/16 [00:00<?, ?it/s]  6%|▋         | 1/16 [00:02<00:30,  2.05s/it] 12%|█▎        | 2/16 [00:02<00:19,  1.37s/it] 19%|█▉        | 3/16 [00:03<00:14,  1.11s/it] 25%|██▌       | 4/16 [00:03<00:11,  1.01it/s] 31%|███▏      | 5/16 [00:04<00:09,  1.10it/s] 38%|███▊      | 6/16 [00:05<00:08,  1.12it/s] 44%|████▍     | 7/16 [00:06<00:08,  1.11it/s] 50%|█████     | 8/16 [00:06<00:06,  1.15it/s] 56%|█████▋    | 9/16 [00:07<00:05,  1.19it/s] 62%|██████▎   | 10/16 [00:07<00:04,  1.26it/s] 69%|██████▉   | 11/16 [00:08<00:03,  1.31it/s] 75%|███████▌  | 12/16 [00:09<00:03,  1.24it/s] 81%|████████▏ | 13/16 [00:10<00:02,  1.25it/s] 88%|████████▊ | 14/16 [00:10<00:01,  1.28it/s] 94%|█████████▍| 15/16 [00:11<00:00,  1.28it/s]100%|██████████| 16/16 [00:11<00:00,  1.35it/s]
INFO:nli-debug-cli.py:Number of examples: 1928
INFO:nli-debug-cli.py:Accuracy: 0.6789
INFO:nli-debug-cli.py:(S1 contradicts S2) XOR (S2 contradicts S1): 808
INFO:nli-debug-cli.py:(S1 contradicts S2): 484
INFO:nli-debug-cli.py:(S1 contradicts S2) AND NOT(S2 contradicts S1): 404 (0.8347)
INFO:nli-debug-cli.py:(S1 entailment S2): 211
INFO:nli-debug-cli.py:(S1 entailment S2) AND (S2 contradicts S1): 17 (0.0806)
INFO:nli-debug-cli.py:(S1 neutral S2): 484
INFO:nli-debug-cli.py:(S1 neutral S2) AND (S2 contradicts S1): 387 (0.7996)
INFO:nli-debug-cli.py:(True): 3856 [1928 + 1928]
INFO:nli-debug-cli.py:(True) AND NOT(S1 entails S1): 6 [3 + 3] (0.0016)
