INFO:root:discriminator/aggregate/transform_aggregate/fully_connected/biases:0 ((200,)): 200 params
INFO:root:discriminator/aggregate/transform_aggregate/fully_connected_1/weights:0 ((200, 200)): 40000 params
INFO:root:discriminator/aggregate/transform_aggregate/fully_connected_1/biases:0 ((200,)): 200 params
INFO:root:discriminator/aggregate/fully_connected/weights:0 ((200, 3)): 600 params
INFO:root:discriminator/aggregate/fully_connected/biases:0 ((3,)): 3 params
INFO:nli-debug-cli.py:Total Trainable Discriminator Parameters: 12075203
INFO:tensorflow:Restoring parameters from models/snli/dam_1/acl/batch_dsearch_reg_v8/dam_1_0
INFO:tensorflow:Restoring parameters from models/snli/dam_1/acl/batch_dsearch_reg_v8/dam_1_0
  0%|          | 0/16 [00:00<?, ?it/s]  6%|▋         | 1/16 [00:04<01:08,  4.57s/it] 12%|█▎        | 2/16 [00:05<00:40,  2.90s/it] 19%|█▉        | 3/16 [00:07<00:30,  2.35s/it] 25%|██▌       | 4/16 [00:07<00:23,  1.94s/it] 31%|███▏      | 5/16 [00:08<00:18,  1.71s/it] 38%|███▊      | 6/16 [00:09<00:15,  1.58s/it] 44%|████▍     | 7/16 [00:10<00:13,  1.53s/it] 50%|█████     | 8/16 [00:12<00:12,  1.50s/it] 56%|█████▋    | 9/16 [00:13<00:10,  1.47s/it] 62%|██████▎   | 10/16 [00:14<00:08,  1.43s/it] 69%|██████▉   | 11/16 [00:15<00:06,  1.38s/it] 75%|███████▌  | 12/16 [00:15<00:05,  1.33s/it] 81%|████████▏ | 13/16 [00:16<00:03,  1.29s/it] 88%|████████▊ | 14/16 [00:17<00:02,  1.28s/it] 94%|█████████▍| 15/16 [00:18<00:01,  1.26s/it]100%|██████████| 16/16 [00:18<00:00,  1.19s/it]
INFO:nli-debug-cli.py:Number of examples: 1930
INFO:nli-debug-cli.py:Accuracy: 0.6093
INFO:nli-debug-cli.py:(S1 contradicts S2) XOR (S2 contradicts S1): 860
INFO:nli-debug-cli.py:(S1 contradicts S2): 762
INFO:nli-debug-cli.py:(S1 contradicts S2) AND NOT(S2 contradicts S1): 430 (0.5643)
INFO:nli-debug-cli.py:(S1 entailment S2): 226
INFO:nli-debug-cli.py:(S1 entailment S2) AND (S2 contradicts S1): 79 (0.3496)
INFO:nli-debug-cli.py:(S1 neutral S2): 762
INFO:nli-debug-cli.py:(S1 neutral S2) AND (S2 contradicts S1): 351 (0.4606)
INFO:nli-debug-cli.py:(True): 3860 [1930 + 1930]
INFO:nli-debug-cli.py:(True) AND NOT(S1 entails S1): 6 [3 + 3] (0.0016)
