INFO:root:discriminator/aggregate/transform_aggregate/fully_connected/biases:0 ((200,)): 200 params
INFO:root:discriminator/aggregate/transform_aggregate/fully_connected_1/weights:0 ((200, 200)): 40000 params
INFO:root:discriminator/aggregate/transform_aggregate/fully_connected_1/biases:0 ((200,)): 200 params
INFO:root:discriminator/aggregate/fully_connected/weights:0 ((200, 3)): 600 params
INFO:root:discriminator/aggregate/fully_connected/biases:0 ((3,)): 3 params
INFO:nli-debug-cli.py:Total Trainable Discriminator Parameters: 12075203
INFO:tensorflow:Restoring parameters from models/snli/dam_1/acl/batch_dsearch_reg_v8/dam_1_3
INFO:tensorflow:Restoring parameters from models/snli/dam_1/acl/batch_dsearch_reg_v8/dam_1_3
  0%|          | 0/8 [00:00<?, ?it/s] 12%|█▎        | 1/8 [00:04<00:31,  4.50s/it] 25%|██▌       | 2/8 [00:05<00:17,  2.93s/it] 38%|███▊      | 3/8 [00:06<00:10,  2.16s/it] 50%|█████     | 4/8 [00:07<00:07,  1.78s/it] 62%|██████▎   | 5/8 [00:08<00:04,  1.61s/it] 75%|███████▌  | 6/8 [00:08<00:02,  1.47s/it] 88%|████████▊ | 7/8 [00:10<00:01,  1.46s/it]100%|██████████| 8/8 [00:10<00:00,  1.37s/it]
INFO:nli-debug-cli.py:Number of examples: 960
INFO:nli-debug-cli.py:Accuracy: 0.6219
INFO:nli-debug-cli.py:(S1 contradicts S2) XOR (S2 contradicts S1): 472
INFO:nli-debug-cli.py:(S1 contradicts S2): 398
INFO:nli-debug-cli.py:(S1 contradicts S2) AND NOT(S2 contradicts S1): 236 (0.5930)
INFO:nli-debug-cli.py:(S1 entailment S2): 103
INFO:nli-debug-cli.py:(S1 entailment S2) AND (S2 contradicts S1): 41 (0.3981)
INFO:nli-debug-cli.py:(S1 neutral S2): 398
INFO:nli-debug-cli.py:(S1 neutral S2) AND (S2 contradicts S1): 195 (0.4899)
INFO:nli-debug-cli.py:(True): 1920 [960 + 960]
INFO:nli-debug-cli.py:(True) AND NOT(S1 entails S1): 4 [2 + 2] (0.0021)
