INFO:root:discriminator/aggregate/transform_aggregate/fully_connected/biases:0 ((200,)): 200 params
INFO:root:discriminator/aggregate/transform_aggregate/fully_connected_1/weights:0 ((200, 200)): 40000 params
INFO:root:discriminator/aggregate/transform_aggregate/fully_connected_1/biases:0 ((200,)): 200 params
INFO:root:discriminator/aggregate/fully_connected/weights:0 ((200, 3)): 600 params
INFO:root:discriminator/aggregate/fully_connected/biases:0 ((3,)): 3 params
INFO:nli-debug-cli.py:Total Trainable Discriminator Parameters: 12075203
INFO:tensorflow:Restoring parameters from models/snli/dam_1/acl/batch_dsearch_reg_v8/dam_1_9
INFO:tensorflow:Restoring parameters from models/snli/dam_1/acl/batch_dsearch_reg_v8/dam_1_9
  0%|          | 0/2 [00:00<?, ?it/s] 50%|█████     | 1/2 [00:05<00:05,  5.35s/it]100%|██████████| 2/2 [00:06<00:00,  3.09s/it]
INFO:nli-debug-cli.py:Number of examples: 188
INFO:nli-debug-cli.py:Accuracy: 0.7128
INFO:nli-debug-cli.py:(S1 contradicts S2) XOR (S2 contradicts S1): 70
INFO:nli-debug-cli.py:(S1 contradicts S2): 65
INFO:nli-debug-cli.py:(S1 contradicts S2) AND NOT(S2 contradicts S1): 35 (0.5385)
INFO:nli-debug-cli.py:(S1 entailment S2): 29
INFO:nli-debug-cli.py:(S1 entailment S2) AND (S2 contradicts S1): 14 (0.4828)
INFO:nli-debug-cli.py:(S1 neutral S2): 65
INFO:nli-debug-cli.py:(S1 neutral S2) AND (S2 contradicts S1): 21 (0.3231)
INFO:nli-debug-cli.py:(True): 376 [188 + 188]
INFO:nli-debug-cli.py:(True) AND NOT(S1 entails S1): 0 [0 + 0] (0.0000)
