INFO:root:discriminator/aggregate/transform_aggregate/fully_connected/biases:0 ((200,)): 200 params
INFO:root:discriminator/aggregate/transform_aggregate/fully_connected_1/weights:0 ((200, 200)): 40000 params
INFO:root:discriminator/aggregate/transform_aggregate/fully_connected_1/biases:0 ((200,)): 200 params
INFO:root:discriminator/aggregate/fully_connected/weights:0 ((200, 3)): 600 params
INFO:root:discriminator/aggregate/fully_connected/biases:0 ((3,)): 3 params
INFO:nli-debug-cli.py:Total Trainable Discriminator Parameters: 12075203
INFO:tensorflow:Restoring parameters from models/snli/dam_1/acl/batch_dsearch_reg_v8/dam_1_9
INFO:tensorflow:Restoring parameters from models/snli/dam_1/acl/batch_dsearch_reg_v8/dam_1_9
  0%|          | 0/16 [00:00<?, ?it/s]  6%|▋         | 1/16 [00:03<00:51,  3.42s/it] 12%|█▎        | 2/16 [00:04<00:33,  2.37s/it] 19%|█▉        | 3/16 [00:05<00:25,  2.00s/it] 25%|██▌       | 4/16 [00:06<00:20,  1.70s/it] 31%|███▏      | 5/16 [00:07<00:17,  1.56s/it] 38%|███▊      | 6/16 [00:08<00:14,  1.49s/it] 44%|████▍     | 7/16 [00:10<00:13,  1.46s/it] 50%|█████     | 8/16 [00:11<00:11,  1.46s/it] 56%|█████▋    | 9/16 [00:12<00:09,  1.41s/it] 62%|██████▎   | 10/16 [00:13<00:08,  1.35s/it] 69%|██████▉   | 11/16 [00:14<00:06,  1.31s/it] 75%|███████▌  | 12/16 [00:15<00:05,  1.26s/it] 81%|████████▏ | 13/16 [00:15<00:03,  1.22s/it] 88%|████████▊ | 14/16 [00:16<00:02,  1.19s/it] 94%|█████████▍| 15/16 [00:17<00:01,  1.18s/it]100%|██████████| 16/16 [00:17<00:00,  1.12s/it]
INFO:nli-debug-cli.py:Number of examples: 1930
INFO:nli-debug-cli.py:Accuracy: 0.6990
INFO:nli-debug-cli.py:(S1 contradicts S2) XOR (S2 contradicts S1): 308
INFO:nli-debug-cli.py:(S1 contradicts S2): 634
INFO:nli-debug-cli.py:(S1 contradicts S2) AND NOT(S2 contradicts S1): 154 (0.2429)
INFO:nli-debug-cli.py:(S1 entailment S2): 222
INFO:nli-debug-cli.py:(S1 entailment S2) AND (S2 contradicts S1): 26 (0.1171)
INFO:nli-debug-cli.py:(S1 neutral S2): 634
INFO:nli-debug-cli.py:(S1 neutral S2) AND (S2 contradicts S1): 128 (0.2019)
INFO:nli-debug-cli.py:(True): 3860 [1930 + 1930]
INFO:nli-debug-cli.py:(True) AND NOT(S1 entails S1): 6 [3 + 3] (0.0016)
