INFO:root:discriminator/aggregate/transform_aggregate/fully_connected/biases:0 ((200,)): 200 params
INFO:root:discriminator/aggregate/transform_aggregate/fully_connected_1/weights:0 ((200, 200)): 40000 params
INFO:root:discriminator/aggregate/transform_aggregate/fully_connected_1/biases:0 ((200,)): 200 params
INFO:root:discriminator/aggregate/fully_connected/weights:0 ((200, 3)): 600 params
INFO:root:discriminator/aggregate/fully_connected/biases:0 ((3,)): 3 params
INFO:nli-debug-cli.py:Total Trainable Discriminator Parameters: 12075203
INFO:tensorflow:Restoring parameters from models/snli/dam_1/acl/batch_dsearch_reg_v8/dam_1_12
INFO:tensorflow:Restoring parameters from models/snli/dam_1/acl/batch_dsearch_reg_v8/dam_1_12
  0%|          | 0/8 [00:00<?, ?it/s] 12%|█▎        | 1/8 [00:05<00:35,  5.12s/it] 25%|██▌       | 2/8 [00:05<00:17,  2.97s/it] 38%|███▊      | 3/8 [00:07<00:12,  2.50s/it] 50%|█████     | 4/8 [00:08<00:08,  2.21s/it] 62%|██████▎   | 5/8 [00:10<00:06,  2.13s/it] 75%|███████▌  | 6/8 [00:12<00:04,  2.09s/it] 88%|████████▊ | 7/8 [00:13<00:01,  2.00s/it]100%|██████████| 8/8 [00:14<00:00,  1.81s/it]
INFO:nli-debug-cli.py:Number of examples: 964
INFO:nli-debug-cli.py:Accuracy: 0.7925
INFO:nli-debug-cli.py:(S1 contradicts S2) XOR (S2 contradicts S1): 66
INFO:nli-debug-cli.py:(S1 contradicts S2): 315
INFO:nli-debug-cli.py:(S1 contradicts S2) AND NOT(S2 contradicts S1): 33 (0.1048)
INFO:nli-debug-cli.py:(S1 entailment S2): 116
INFO:nli-debug-cli.py:(S1 entailment S2) AND (S2 contradicts S1): 13 (0.1121)
INFO:nli-debug-cli.py:(S1 neutral S2): 315
INFO:nli-debug-cli.py:(S1 neutral S2) AND (S2 contradicts S1): 20 (0.0635)
INFO:nli-debug-cli.py:(True): 1928 [964 + 964]
INFO:nli-debug-cli.py:(True) AND NOT(S1 entails S1): 0 [0 + 0] (0.0000)
