INFO:root:discriminator/aggregate/transform_aggregate/fully_connected/biases:0 ((200,)): 200 params
INFO:root:discriminator/aggregate/transform_aggregate/fully_connected_1/weights:0 ((200, 200)): 40000 params
INFO:root:discriminator/aggregate/transform_aggregate/fully_connected_1/biases:0 ((200,)): 200 params
INFO:root:discriminator/aggregate/fully_connected/weights:0 ((200, 3)): 600 params
INFO:root:discriminator/aggregate/fully_connected/biases:0 ((3,)): 3 params
INFO:nli-debug-cli.py:Total Trainable Discriminator Parameters: 12075203
INFO:tensorflow:Restoring parameters from models/snli/dam_1/acl/batch_dsearch_reg_v8/dam_1_12
INFO:tensorflow:Restoring parameters from models/snli/dam_1/acl/batch_dsearch_reg_v8/dam_1_12
  0%|          | 0/16 [00:00<?, ?it/s]  6%|▋         | 1/16 [00:03<00:58,  3.87s/it] 12%|█▎        | 2/16 [00:05<00:35,  2.51s/it] 19%|█▉        | 3/16 [00:05<00:24,  1.92s/it] 25%|██▌       | 4/16 [00:06<00:18,  1.56s/it] 31%|███▏      | 5/16 [00:06<00:14,  1.36s/it] 38%|███▊      | 6/16 [00:07<00:12,  1.26s/it] 44%|████▍     | 7/16 [00:08<00:11,  1.24s/it] 50%|█████     | 8/16 [00:09<00:09,  1.23s/it] 56%|█████▋    | 9/16 [00:10<00:08,  1.19s/it] 62%|██████▎   | 10/16 [00:11<00:06,  1.15s/it] 69%|██████▉   | 11/16 [00:12<00:05,  1.10s/it] 75%|███████▌  | 12/16 [00:12<00:04,  1.05s/it] 81%|████████▏ | 13/16 [00:13<00:03,  1.01s/it] 88%|████████▊ | 14/16 [00:13<00:01,  1.01it/s] 94%|█████████▍| 15/16 [00:14<00:00,  1.03it/s]100%|██████████| 16/16 [00:14<00:00,  1.09it/s]
INFO:nli-debug-cli.py:Number of examples: 1930
INFO:nli-debug-cli.py:Accuracy: 0.7026
INFO:nli-debug-cli.py:(S1 contradicts S2) XOR (S2 contradicts S1): 110
INFO:nli-debug-cli.py:(S1 contradicts S2): 593
INFO:nli-debug-cli.py:(S1 contradicts S2) AND NOT(S2 contradicts S1): 55 (0.0927)
INFO:nli-debug-cli.py:(S1 entailment S2): 222
INFO:nli-debug-cli.py:(S1 entailment S2) AND (S2 contradicts S1): 11 (0.0495)
INFO:nli-debug-cli.py:(S1 neutral S2): 593
INFO:nli-debug-cli.py:(S1 neutral S2) AND (S2 contradicts S1): 44 (0.0742)
INFO:nli-debug-cli.py:(True): 3860 [1930 + 1930]
INFO:nli-debug-cli.py:(True) AND NOT(S1 entails S1): 4 [2 + 2] (0.0010)
