INFO:root:discriminator/aggregate/transform_aggregate/fully_connected/biases:0 ((200,)): 200 params
INFO:root:discriminator/aggregate/transform_aggregate/fully_connected_1/weights:0 ((200, 200)): 40000 params
INFO:root:discriminator/aggregate/transform_aggregate/fully_connected_1/biases:0 ((200,)): 200 params
INFO:root:discriminator/aggregate/fully_connected/weights:0 ((200, 3)): 600 params
INFO:root:discriminator/aggregate/fully_connected/biases:0 ((3,)): 3 params
INFO:nli-debug-cli.py:Total Trainable Discriminator Parameters: 12075203
INFO:tensorflow:Restoring parameters from models/snli/dam_1/acl/batch_dsearch_reg_v8/dam_1_15
INFO:tensorflow:Restoring parameters from models/snli/dam_1/acl/batch_dsearch_reg_v8/dam_1_15
  0%|          | 0/16 [00:00<?, ?it/s]  6%|▋         | 1/16 [00:01<00:26,  1.75s/it] 12%|█▎        | 2/16 [00:02<00:16,  1.15s/it] 19%|█▉        | 3/16 [00:02<00:12,  1.02it/s] 25%|██▌       | 4/16 [00:03<00:10,  1.15it/s] 31%|███▏      | 5/16 [00:04<00:08,  1.25it/s] 38%|███▊      | 6/16 [00:04<00:07,  1.32it/s] 44%|████▍     | 7/16 [00:05<00:06,  1.32it/s] 50%|█████     | 8/16 [00:05<00:05,  1.37it/s] 56%|█████▋    | 9/16 [00:06<00:04,  1.41it/s] 62%|██████▎   | 10/16 [00:06<00:04,  1.43it/s] 69%|██████▉   | 11/16 [00:07<00:03,  1.47it/s] 75%|███████▌  | 12/16 [00:08<00:02,  1.40it/s] 81%|████████▏ | 13/16 [00:09<00:02,  1.40it/s] 88%|████████▊ | 14/16 [00:09<00:01,  1.44it/s] 94%|█████████▍| 15/16 [00:10<00:00,  1.46it/s]100%|██████████| 16/16 [00:10<00:00,  1.54it/s]
INFO:nli-debug-cli.py:Number of examples: 1928
INFO:nli-debug-cli.py:Accuracy: 0.6696
INFO:nli-debug-cli.py:(S1 contradicts S2) XOR (S2 contradicts S1): 112
INFO:nli-debug-cli.py:(S1 contradicts S2): 320
INFO:nli-debug-cli.py:(S1 contradicts S2) AND NOT(S2 contradicts S1): 56 (0.1750)
INFO:nli-debug-cli.py:(S1 entailment S2): 235
INFO:nli-debug-cli.py:(S1 entailment S2) AND (S2 contradicts S1): 6 (0.0255)
INFO:nli-debug-cli.py:(S1 neutral S2): 320
INFO:nli-debug-cli.py:(S1 neutral S2) AND (S2 contradicts S1): 50 (0.1562)
INFO:nli-debug-cli.py:(True): 3856 [1928 + 1928]
INFO:nli-debug-cli.py:(True) AND NOT(S1 entails S1): 4 [2 + 2] (0.0010)
