INFO:root:discriminator/aggregate/transform_aggregate/fully_connected/biases:0 ((200,)): 200 params
INFO:root:discriminator/aggregate/transform_aggregate/fully_connected_1/weights:0 ((200, 200)): 40000 params
INFO:root:discriminator/aggregate/transform_aggregate/fully_connected_1/biases:0 ((200,)): 200 params
INFO:root:discriminator/aggregate/fully_connected/weights:0 ((200, 3)): 600 params
INFO:root:discriminator/aggregate/fully_connected/biases:0 ((3,)): 3 params
INFO:nli-debug-cli.py:Total Trainable Discriminator Parameters: 12075203
INFO:tensorflow:Restoring parameters from models/snli/dam_1/acl/batch_dsearch_reg_v8/dam_1_15
INFO:tensorflow:Restoring parameters from models/snli/dam_1/acl/batch_dsearch_reg_v8/dam_1_15
  0%|          | 0/2 [00:00<?, ?it/s] 50%|█████     | 1/2 [00:04<00:04,  4.23s/it]100%|██████████| 2/2 [00:04<00:00,  2.47s/it]
INFO:nli-debug-cli.py:Number of examples: 188
INFO:nli-debug-cli.py:Accuracy: 0.5904
INFO:nli-debug-cli.py:(S1 contradicts S2) XOR (S2 contradicts S1): 14
INFO:nli-debug-cli.py:(S1 contradicts S2): 31
INFO:nli-debug-cli.py:(S1 contradicts S2) AND NOT(S2 contradicts S1): 7 (0.2258)
INFO:nli-debug-cli.py:(S1 entailment S2): 25
INFO:nli-debug-cli.py:(S1 entailment S2) AND (S2 contradicts S1): 1 (0.0400)
INFO:nli-debug-cli.py:(S1 neutral S2): 31
INFO:nli-debug-cli.py:(S1 neutral S2) AND (S2 contradicts S1): 6 (0.1935)
INFO:nli-debug-cli.py:(True): 376 [188 + 188]
INFO:nli-debug-cli.py:(True) AND NOT(S1 entails S1): 0 [0 + 0] (0.0000)
