INFO:root:discriminator/aggregate/transform_aggregate/fully_connected/biases:0 ((200,)): 200 params
INFO:root:discriminator/aggregate/transform_aggregate/fully_connected_1/weights:0 ((200, 200)): 40000 params
INFO:root:discriminator/aggregate/transform_aggregate/fully_connected_1/biases:0 ((200,)): 200 params
INFO:root:discriminator/aggregate/fully_connected/weights:0 ((200, 3)): 600 params
INFO:root:discriminator/aggregate/fully_connected/biases:0 ((3,)): 3 params
INFO:nli-debug-cli.py:Total Trainable Discriminator Parameters: 12075203
INFO:tensorflow:Restoring parameters from models/snli/dam_1/acl/batch_dsearch_reg_v5/dam_1_0
INFO:tensorflow:Restoring parameters from models/snli/dam_1/acl/batch_dsearch_reg_v5/dam_1_0
  0%|          | 0/16 [00:00<?, ?it/s]  6%|▋         | 1/16 [00:04<01:04,  4.32s/it] 12%|█▎        | 2/16 [00:04<00:33,  2.40s/it] 19%|█▉        | 3/16 [00:05<00:24,  1.90s/it] 25%|██▌       | 4/16 [00:06<00:19,  1.62s/it] 31%|███▏      | 5/16 [00:07<00:16,  1.52s/it] 38%|███▊      | 6/16 [00:08<00:14,  1.49s/it] 44%|████▍     | 7/16 [00:09<00:12,  1.41s/it] 50%|█████     | 8/16 [00:10<00:10,  1.33s/it] 56%|█████▋    | 9/16 [00:11<00:08,  1.28s/it] 62%|██████▎   | 10/16 [00:12<00:07,  1.21s/it] 69%|██████▉   | 11/16 [00:12<00:05,  1.18s/it] 75%|███████▌  | 12/16 [00:13<00:04,  1.15s/it] 81%|████████▏ | 13/16 [00:14<00:03,  1.14s/it] 88%|████████▊ | 14/16 [00:16<00:02,  1.15s/it] 94%|█████████▍| 15/16 [00:17<00:01,  1.18s/it]100%|██████████| 16/16 [00:17<00:00,  1.11s/it]
INFO:nli-debug-cli.py:Number of examples: 1924
INFO:nli-debug-cli.py:Accuracy: 0.5120
INFO:nli-debug-cli.py:(S1 contradicts S2) XOR (S2 contradicts S1): 1746
INFO:nli-debug-cli.py:(S1 contradicts S2): 935
INFO:nli-debug-cli.py:(S1 contradicts S2) AND NOT(S2 contradicts S1): 873 (0.9337)
INFO:nli-debug-cli.py:(S1 entailment S2): 241
INFO:nli-debug-cli.py:(S1 entailment S2) AND (S2 contradicts S1): 208 (0.8631)
INFO:nli-debug-cli.py:(S1 neutral S2): 935
INFO:nli-debug-cli.py:(S1 neutral S2) AND (S2 contradicts S1): 665 (0.7112)
INFO:nli-debug-cli.py:(True): 3848 [1924 + 1924]
INFO:nli-debug-cli.py:(True) AND NOT(S1 entails S1): 8 [4 + 4] (0.0021)
