INFO:root:discriminator/aggregate/transform_aggregate/fully_connected/biases:0 ((200,)): 200 params
INFO:root:discriminator/aggregate/transform_aggregate/fully_connected_1/weights:0 ((200, 200)): 40000 params
INFO:root:discriminator/aggregate/transform_aggregate/fully_connected_1/biases:0 ((200,)): 200 params
INFO:root:discriminator/aggregate/fully_connected/weights:0 ((200, 3)): 600 params
INFO:root:discriminator/aggregate/fully_connected/biases:0 ((3,)): 3 params
INFO:nli-debug-cli.py:Total Trainable Discriminator Parameters: 12075203
INFO:tensorflow:Restoring parameters from models/snli/dam_1/acl/batch_dsearch_reg_v5/dam_1_3
INFO:tensorflow:Restoring parameters from models/snli/dam_1/acl/batch_dsearch_reg_v5/dam_1_3
  0%|          | 0/8 [00:00<?, ?it/s] 12%|█▎        | 1/8 [00:03<00:27,  3.88s/it] 25%|██▌       | 2/8 [00:04<00:14,  2.39s/it] 38%|███▊      | 3/8 [00:06<00:10,  2.01s/it] 50%|█████     | 4/8 [00:06<00:06,  1.74s/it] 62%|██████▎   | 5/8 [00:07<00:04,  1.56s/it] 75%|███████▌  | 6/8 [00:08<00:02,  1.46s/it] 88%|████████▊ | 7/8 [00:10<00:01,  1.44s/it]100%|██████████| 8/8 [00:10<00:00,  1.31s/it]
INFO:nli-debug-cli.py:Number of examples: 964
INFO:nli-debug-cli.py:Accuracy: 0.5446
INFO:nli-debug-cli.py:(S1 contradicts S2) XOR (S2 contradicts S1): 736
INFO:nli-debug-cli.py:(S1 contradicts S2): 426
INFO:nli-debug-cli.py:(S1 contradicts S2) AND NOT(S2 contradicts S1): 368 (0.8638)
INFO:nli-debug-cli.py:(S1 entailment S2): 103
INFO:nli-debug-cli.py:(S1 entailment S2) AND (S2 contradicts S1): 74 (0.7184)
INFO:nli-debug-cli.py:(S1 neutral S2): 426
INFO:nli-debug-cli.py:(S1 neutral S2) AND (S2 contradicts S1): 294 (0.6901)
INFO:nli-debug-cli.py:(True): 1928 [964 + 964]
INFO:nli-debug-cli.py:(True) AND NOT(S1 entails S1): 4 [2 + 2] (0.0021)
