INFO:root:discriminator/aggregate/transform_aggregate/fully_connected/biases:0 ((200,)): 200 params
INFO:root:discriminator/aggregate/transform_aggregate/fully_connected_1/weights:0 ((200, 200)): 40000 params
INFO:root:discriminator/aggregate/transform_aggregate/fully_connected_1/biases:0 ((200,)): 200 params
INFO:root:discriminator/aggregate/fully_connected/weights:0 ((200, 3)): 600 params
INFO:root:discriminator/aggregate/fully_connected/biases:0 ((3,)): 3 params
INFO:nli-debug-cli.py:Total Trainable Discriminator Parameters: 12075203
INFO:tensorflow:Restoring parameters from models/snli/dam_1/acl/batch_dsearch_reg_v5/dam_1_6
INFO:tensorflow:Restoring parameters from models/snli/dam_1/acl/batch_dsearch_reg_v5/dam_1_6
  0%|          | 0/16 [00:00<?, ?it/s]  6%|▋         | 1/16 [00:05<01:27,  5.82s/it] 12%|█▎        | 2/16 [00:07<00:50,  3.57s/it] 19%|█▉        | 3/16 [00:08<00:35,  2.74s/it] 25%|██▌       | 4/16 [00:09<00:28,  2.36s/it] 31%|███▏      | 5/16 [00:10<00:24,  2.19s/it] 38%|███▊      | 6/16 [00:12<00:20,  2.08s/it] 44%|████▍     | 7/16 [00:14<00:18,  2.04s/it] 50%|█████     | 8/16 [00:15<00:15,  1.88s/it] 56%|█████▋    | 9/16 [00:16<00:12,  1.83s/it] 62%|██████▎   | 10/16 [00:17<00:10,  1.73s/it] 69%|██████▉   | 11/16 [00:18<00:08,  1.65s/it] 75%|███████▌  | 12/16 [00:20<00:06,  1.70s/it] 81%|████████▏ | 13/16 [00:21<00:05,  1.67s/it] 88%|████████▊ | 14/16 [00:22<00:03,  1.62s/it] 94%|█████████▍| 15/16 [00:23<00:01,  1.56s/it]100%|██████████| 16/16 [00:23<00:00,  1.46s/it]
INFO:nli-debug-cli.py:Number of examples: 1928
INFO:nli-debug-cli.py:Accuracy: 0.6483
INFO:nli-debug-cli.py:(S1 contradicts S2) XOR (S2 contradicts S1): 948
INFO:nli-debug-cli.py:(S1 contradicts S2): 668
INFO:nli-debug-cli.py:(S1 contradicts S2) AND NOT(S2 contradicts S1): 474 (0.7096)
INFO:nli-debug-cli.py:(S1 entailment S2): 229
INFO:nli-debug-cli.py:(S1 entailment S2) AND (S2 contradicts S1): 80 (0.3493)
INFO:nli-debug-cli.py:(S1 neutral S2): 668
INFO:nli-debug-cli.py:(S1 neutral S2) AND (S2 contradicts S1): 394 (0.5898)
INFO:nli-debug-cli.py:(True): 3856 [1928 + 1928]
INFO:nli-debug-cli.py:(True) AND NOT(S1 entails S1): 8 [4 + 4] (0.0021)
