INFO:root:discriminator/aggregate/transform_aggregate/fully_connected/biases:0 ((200,)): 200 params
INFO:root:discriminator/aggregate/transform_aggregate/fully_connected_1/weights:0 ((200, 200)): 40000 params
INFO:root:discriminator/aggregate/transform_aggregate/fully_connected_1/biases:0 ((200,)): 200 params
INFO:root:discriminator/aggregate/fully_connected/weights:0 ((200, 3)): 600 params
INFO:root:discriminator/aggregate/fully_connected/biases:0 ((3,)): 3 params
INFO:nli-debug-cli.py:Total Trainable Discriminator Parameters: 12075203
INFO:tensorflow:Restoring parameters from models/snli/dam_1/acl/batch_dsearch_reg_v5/dam_1_6
INFO:tensorflow:Restoring parameters from models/snli/dam_1/acl/batch_dsearch_reg_v5/dam_1_6
  0%|          | 0/8 [00:00<?, ?it/s] 12%|█▎        | 1/8 [00:05<00:41,  5.94s/it] 25%|██▌       | 2/8 [00:07<00:21,  3.56s/it] 38%|███▊      | 3/8 [00:09<00:15,  3.01s/it] 50%|█████     | 4/8 [00:10<00:10,  2.73s/it] 62%|██████▎   | 5/8 [00:12<00:07,  2.52s/it] 75%|███████▌  | 6/8 [00:14<00:04,  2.50s/it] 88%|████████▊ | 7/8 [00:16<00:02,  2.32s/it]100%|██████████| 8/8 [00:17<00:00,  2.13s/it]
INFO:nli-debug-cli.py:Number of examples: 964
INFO:nli-debug-cli.py:Accuracy: 0.6286
INFO:nli-debug-cli.py:(S1 contradicts S2) XOR (S2 contradicts S1): 614
INFO:nli-debug-cli.py:(S1 contradicts S2): 329
INFO:nli-debug-cli.py:(S1 contradicts S2) AND NOT(S2 contradicts S1): 307 (0.9331)
INFO:nli-debug-cli.py:(S1 entailment S2): 130
INFO:nli-debug-cli.py:(S1 entailment S2) AND (S2 contradicts S1): 63 (0.4846)
INFO:nli-debug-cli.py:(S1 neutral S2): 329
INFO:nli-debug-cli.py:(S1 neutral S2) AND (S2 contradicts S1): 244 (0.7416)
INFO:nli-debug-cli.py:(True): 1928 [964 + 964]
INFO:nli-debug-cli.py:(True) AND NOT(S1 entails S1): 0 [0 + 0] (0.0000)
