INFO:root:discriminator/aggregate/transform_aggregate/fully_connected/biases:0 ((200,)): 200 params
INFO:root:discriminator/aggregate/transform_aggregate/fully_connected_1/weights:0 ((200, 200)): 40000 params
INFO:root:discriminator/aggregate/transform_aggregate/fully_connected_1/biases:0 ((200,)): 200 params
INFO:root:discriminator/aggregate/fully_connected/weights:0 ((200, 3)): 600 params
INFO:root:discriminator/aggregate/fully_connected/biases:0 ((3,)): 3 params
INFO:nli-debug-cli.py:Total Trainable Discriminator Parameters: 12075203
INFO:tensorflow:Restoring parameters from models/snli/dam_1/acl/batch_dsearch_reg_v5/dam_1_12
INFO:tensorflow:Restoring parameters from models/snli/dam_1/acl/batch_dsearch_reg_v5/dam_1_12
  0%|          | 0/16 [00:00<?, ?it/s]  6%|▋         | 1/16 [00:04<01:10,  4.69s/it] 12%|█▎        | 2/16 [00:06<00:42,  3.05s/it] 19%|█▉        | 3/16 [00:07<00:32,  2.47s/it] 25%|██▌       | 4/16 [00:08<00:25,  2.17s/it] 31%|███▏      | 5/16 [00:09<00:21,  1.97s/it] 38%|███▊      | 6/16 [00:11<00:18,  1.88s/it] 44%|████▍     | 7/16 [00:12<00:16,  1.82s/it] 50%|█████     | 8/16 [00:13<00:13,  1.75s/it] 56%|█████▋    | 9/16 [00:15<00:12,  1.74s/it] 62%|██████▎   | 10/16 [00:16<00:10,  1.68s/it] 69%|██████▉   | 11/16 [00:17<00:08,  1.62s/it] 75%|███████▌  | 12/16 [00:19<00:06,  1.64s/it] 81%|████████▏ | 13/16 [00:21<00:04,  1.62s/it] 88%|████████▊ | 14/16 [00:21<00:03,  1.56s/it] 94%|█████████▍| 15/16 [00:22<00:01,  1.52s/it]100%|██████████| 16/16 [00:22<00:00,  1.44s/it]
INFO:nli-debug-cli.py:Number of examples: 1928
INFO:nli-debug-cli.py:Accuracy: 0.7510
INFO:nli-debug-cli.py:(S1 contradicts S2) XOR (S2 contradicts S1): 120
INFO:nli-debug-cli.py:(S1 contradicts S2): 558
INFO:nli-debug-cli.py:(S1 contradicts S2) AND NOT(S2 contradicts S1): 60 (0.1075)
INFO:nli-debug-cli.py:(S1 entailment S2): 228
INFO:nli-debug-cli.py:(S1 entailment S2) AND (S2 contradicts S1): 13 (0.0570)
INFO:nli-debug-cli.py:(S1 neutral S2): 558
INFO:nli-debug-cli.py:(S1 neutral S2) AND (S2 contradicts S1): 47 (0.0842)
INFO:nli-debug-cli.py:(True): 3856 [1928 + 1928]
INFO:nli-debug-cli.py:(True) AND NOT(S1 entails S1): 6 [3 + 3] (0.0016)
