INFO:root:discriminator/aggregate/transform_aggregate/fully_connected/biases:0 ((200,)): 200 params
INFO:root:discriminator/aggregate/transform_aggregate/fully_connected_1/weights:0 ((200, 200)): 40000 params
INFO:root:discriminator/aggregate/transform_aggregate/fully_connected_1/biases:0 ((200,)): 200 params
INFO:root:discriminator/aggregate/fully_connected/weights:0 ((200, 3)): 600 params
INFO:root:discriminator/aggregate/fully_connected/biases:0 ((3,)): 3 params
INFO:nli-debug-cli.py:Total Trainable Discriminator Parameters: 12075203
INFO:tensorflow:Restoring parameters from models/snli/dam_1/acl/batch_dsearch_reg_v5/dam_1_15
INFO:tensorflow:Restoring parameters from models/snli/dam_1/acl/batch_dsearch_reg_v5/dam_1_15
  0%|          | 0/16 [00:00<?, ?it/s]  6%|▋         | 1/16 [00:04<01:12,  4.84s/it] 12%|█▎        | 2/16 [00:06<00:44,  3.15s/it] 19%|█▉        | 3/16 [00:07<00:31,  2.40s/it] 25%|██▌       | 4/16 [00:08<00:25,  2.15s/it] 31%|███▏      | 5/16 [00:10<00:22,  2.01s/it] 38%|███▊      | 6/16 [00:11<00:19,  1.91s/it] 44%|████▍     | 7/16 [00:13<00:17,  1.94s/it] 50%|█████     | 8/16 [00:14<00:14,  1.84s/it] 56%|█████▋    | 9/16 [00:16<00:12,  1.81s/it] 62%|██████▎   | 10/16 [00:17<00:10,  1.74s/it] 69%|██████▉   | 11/16 [00:18<00:08,  1.67s/it] 75%|███████▌  | 12/16 [00:20<00:06,  1.68s/it] 81%|████████▏ | 13/16 [00:21<00:04,  1.67s/it] 88%|████████▊ | 14/16 [00:22<00:03,  1.60s/it] 94%|█████████▍| 15/16 [00:23<00:01,  1.53s/it]100%|██████████| 16/16 [00:23<00:00,  1.44s/it]
INFO:nli-debug-cli.py:Number of examples: 1928
INFO:nli-debug-cli.py:Accuracy: 0.5877
INFO:nli-debug-cli.py:(S1 contradicts S2) XOR (S2 contradicts S1): 0
INFO:nli-debug-cli.py:(S1 contradicts S2): 62
INFO:nli-debug-cli.py:(S1 contradicts S2) AND NOT(S2 contradicts S1): 0 (0.0000)
INFO:nli-debug-cli.py:(S1 entailment S2): 297
INFO:nli-debug-cli.py:(S1 entailment S2) AND (S2 contradicts S1): 0 (0.0000)
INFO:nli-debug-cli.py:(S1 neutral S2): 62
INFO:nli-debug-cli.py:(S1 neutral S2) AND (S2 contradicts S1): 0 (0.0000)
INFO:nli-debug-cli.py:(True): 3856 [1928 + 1928]
INFO:nli-debug-cli.py:(True) AND NOT(S1 entails S1): 6 [3 + 3] (0.0016)
