INFO:root:discriminator/aggregate/transform_aggregate/fully_connected/biases:0 ((200,)): 200 params
INFO:root:discriminator/aggregate/transform_aggregate/fully_connected_1/weights:0 ((200, 200)): 40000 params
INFO:root:discriminator/aggregate/transform_aggregate/fully_connected_1/biases:0 ((200,)): 200 params
INFO:root:discriminator/aggregate/fully_connected/weights:0 ((200, 3)): 600 params
INFO:root:discriminator/aggregate/fully_connected/biases:0 ((3,)): 3 params
INFO:nli-debug-cli.py:Total Trainable Discriminator Parameters: 6408803
INFO:tensorflow:Restoring parameters from models/snli/dam_1/acl/batch_dsearch_reg_v8_01/dam_1_01_0
INFO:tensorflow:Restoring parameters from models/snli/dam_1/acl/batch_dsearch_reg_v8_01/dam_1_01_0
  0%|          | 0/1 [00:00<?, ?it/s]100%|██████████| 1/1 [00:00<00:00,  1.50it/s]
INFO:nli-debug-cli.py:Number of examples: 98
INFO:nli-debug-cli.py:Accuracy: 0.7959
INFO:nli-debug-cli.py:(S1 contradicts S2) XOR (S2 contradicts S1): 12
INFO:nli-debug-cli.py:(S1 contradicts S2): 27
INFO:nli-debug-cli.py:(S1 contradicts S2) AND NOT(S2 contradicts S1): 5 (0.1852)
INFO:nli-debug-cli.py:(S1 entailment S2): 8
INFO:nli-debug-cli.py:(S1 entailment S2) AND (S2 contradicts S1): 1 (0.1250)
INFO:nli-debug-cli.py:(S1 neutral S2): 27
INFO:nli-debug-cli.py:(S1 neutral S2) AND (S2 contradicts S1): 6 (0.2222)
INFO:nli-debug-cli.py:(True): 196 [98 + 98]
INFO:nli-debug-cli.py:(True) AND NOT(S1 entails S1): 1 [0 + 1] (0.0051)
