INFO:root:discriminator/aggregate/fully_connected/biases:0 ((3,)): 3 params
INFO:nli-debug-cli.py:Total Trainable Discriminator Parameters: 6408803
INFO:tensorflow:Restoring parameters from models/snli/dam_1/acl/batch_dsearch_reg_v8_01/dam_1_01_15
INFO:tensorflow:Restoring parameters from models/snli/dam_1/acl/batch_dsearch_reg_v8_01/dam_1_01_15
  0%|          | 0/1 [00:00<?, ?it/s]100%|██████████| 1/1 [00:00<00:00,  1.51it/s]
INFO:nli-debug-cli.py:Number of examples: 98
INFO:nli-debug-cli.py:Accuracy: 0.6531
INFO:nli-debug-cli.py:(S1 contradicts S2) XOR (S2 contradicts S1): 0
INFO:nli-debug-cli.py:(S1 contradicts S2): 0
./bin/nli-debug-cli.py:323: RuntimeWarning: invalid value encountered in long_scalars
  logger.info('(S1 contradicts S2) AND NOT(S2 contradicts S1): {0} ({1:.4f})'.format(c.sum(), c.sum() / b.sum()))
INFO:nli-debug-cli.py:(S1 contradicts S2) AND NOT(S2 contradicts S1): 0 (nan)
INFO:nli-debug-cli.py:(S1 entailment S2): 7
INFO:nli-debug-cli.py:(S1 entailment S2) AND (S2 contradicts S1): 0 (0.0000)
INFO:nli-debug-cli.py:(S1 neutral S2): 0
./bin/nli-debug-cli.py:341: RuntimeWarning: invalid value encountered in long_scalars
  logger.info('(S1 neutral S2) AND (S2 contradicts S1): {0} ({1:.4f})'.format(g.sum(), g.sum() / f.sum()))
INFO:nli-debug-cli.py:(S1 neutral S2) AND (S2 contradicts S1): 0 (nan)
INFO:nli-debug-cli.py:(True): 196 [98 + 98]
INFO:nli-debug-cli.py:(True) AND NOT(S1 entails S1): 1 [0 + 1] (0.0051)
