INFO:root:discriminator/aggregate/transform_aggregate/fully_connected/biases:0 ((200,)): 200 params
INFO:root:discriminator/aggregate/transform_aggregate/fully_connected_1/weights:0 ((200, 200)): 40000 params
INFO:root:discriminator/aggregate/transform_aggregate/fully_connected_1/biases:0 ((200,)): 200 params
INFO:root:discriminator/aggregate/fully_connected/weights:0 ((200, 3)): 600 params
INFO:root:discriminator/aggregate/fully_connected/biases:0 ((3,)): 3 params
INFO:nli-debug-cli.py:Total Trainable Discriminator Parameters: 12075203
INFO:tensorflow:Restoring parameters from models/snli/dam_1/acl/batch_dsearch_reg_v12/dam_1_0
INFO:tensorflow:Restoring parameters from models/snli/dam_1/acl/batch_dsearch_reg_v12/dam_1_0
  0%|          | 0/16 [00:00<?, ?it/s]  6%|▋         | 1/16 [00:00<00:13,  1.15it/s] 12%|█▎        | 2/16 [00:01<00:09,  1.41it/s] 19%|█▉        | 3/16 [00:01<00:08,  1.50it/s] 25%|██▌       | 4/16 [00:02<00:07,  1.58it/s] 31%|███▏      | 5/16 [00:03<00:06,  1.64it/s] 38%|███▊      | 6/16 [00:03<00:06,  1.62it/s] 44%|████▍     | 7/16 [00:04<00:05,  1.50it/s] 50%|█████     | 8/16 [00:05<00:05,  1.52it/s] 56%|█████▋    | 9/16 [00:05<00:04,  1.51it/s] 62%|██████▎   | 10/16 [00:06<00:03,  1.54it/s] 69%|██████▉   | 11/16 [00:06<00:03,  1.60it/s] 75%|███████▌  | 12/16 [00:07<00:02,  1.54it/s] 81%|████████▏ | 13/16 [00:08<00:01,  1.53it/s] 88%|████████▊ | 14/16 [00:09<00:01,  1.54it/s] 94%|█████████▍| 15/16 [00:09<00:00,  1.55it/s]100%|██████████| 16/16 [00:09<00:00,  1.64it/s]
INFO:nli-debug-cli.py:Number of examples: 1928
INFO:nli-debug-cli.py:Accuracy: 0.5420
INFO:nli-debug-cli.py:(S1 contradicts S2) XOR (S2 contradicts S1): 1464
INFO:nli-debug-cli.py:(S1 contradicts S2): 890
INFO:nli-debug-cli.py:(S1 contradicts S2) AND NOT(S2 contradicts S1): 732 (0.8225)
INFO:nli-debug-cli.py:(S1 entailment S2): 229
INFO:nli-debug-cli.py:(S1 entailment S2) AND (S2 contradicts S1): 166 (0.7249)
INFO:nli-debug-cli.py:(S1 neutral S2): 890
INFO:nli-debug-cli.py:(S1 neutral S2) AND (S2 contradicts S1): 566 (0.6360)
INFO:nli-debug-cli.py:(True): 3856 [1928 + 1928]
INFO:nli-debug-cli.py:(True) AND NOT(S1 entails S1): 8 [4 + 4] (0.0021)
