INFO:root:discriminator/aggregate/transform_aggregate/fully_connected/biases:0 ((200,)): 200 params
INFO:root:discriminator/aggregate/transform_aggregate/fully_connected_1/weights:0 ((200, 200)): 40000 params
INFO:root:discriminator/aggregate/transform_aggregate/fully_connected_1/biases:0 ((200,)): 200 params
INFO:root:discriminator/aggregate/fully_connected/weights:0 ((200, 3)): 600 params
INFO:root:discriminator/aggregate/fully_connected/biases:0 ((3,)): 3 params
INFO:nli-debug-cli.py:Total Trainable Discriminator Parameters: 12075203
INFO:tensorflow:Restoring parameters from models/snli/dam_1/acl/batch_dsearch_reg_v12/dam_1_9
INFO:tensorflow:Restoring parameters from models/snli/dam_1/acl/batch_dsearch_reg_v12/dam_1_9
  0%|          | 0/8 [00:00<?, ?it/s] 12%|█▎        | 1/8 [00:01<00:07,  1.00s/it] 25%|██▌       | 2/8 [00:01<00:04,  1.32it/s] 38%|███▊      | 3/8 [00:02<00:03,  1.44it/s] 50%|█████     | 4/8 [00:02<00:02,  1.56it/s] 62%|██████▎   | 5/8 [00:03<00:01,  1.63it/s] 75%|███████▌  | 6/8 [00:03<00:01,  1.67it/s] 88%|████████▊ | 7/8 [00:04<00:00,  1.65it/s]100%|██████████| 8/8 [00:04<00:00,  1.76it/s]
INFO:nli-debug-cli.py:Number of examples: 964
INFO:nli-debug-cli.py:Accuracy: 0.7313
INFO:nli-debug-cli.py:(S1 contradicts S2) XOR (S2 contradicts S1): 158
INFO:nli-debug-cli.py:(S1 contradicts S2): 305
INFO:nli-debug-cli.py:(S1 contradicts S2) AND NOT(S2 contradicts S1): 79 (0.2590)
INFO:nli-debug-cli.py:(S1 entailment S2): 111
INFO:nli-debug-cli.py:(S1 entailment S2) AND (S2 contradicts S1): 15 (0.1351)
INFO:nli-debug-cli.py:(S1 neutral S2): 305
INFO:nli-debug-cli.py:(S1 neutral S2) AND (S2 contradicts S1): 64 (0.2098)
INFO:nli-debug-cli.py:(True): 1928 [964 + 964]
INFO:nli-debug-cli.py:(True) AND NOT(S1 entails S1): 0 [0 + 0] (0.0000)
