INFO:root:discriminator/aggregate/transform_aggregate/fully_connected/biases:0 ((200,)): 200 params
INFO:root:discriminator/aggregate/transform_aggregate/fully_connected_1/weights:0 ((200, 200)): 40000 params
INFO:root:discriminator/aggregate/transform_aggregate/fully_connected_1/biases:0 ((200,)): 200 params
INFO:root:discriminator/aggregate/fully_connected/weights:0 ((200, 3)): 600 params
INFO:root:discriminator/aggregate/fully_connected/biases:0 ((3,)): 3 params
INFO:nli-debug-cli.py:Total Trainable Discriminator Parameters: 12075203
INFO:tensorflow:Restoring parameters from models/snli/dam_1/acl/batch_dsearch_reg_v12/dam_1_9
INFO:tensorflow:Restoring parameters from models/snli/dam_1/acl/batch_dsearch_reg_v12/dam_1_9
  0%|          | 0/16 [00:00<?, ?it/s]  6%|▋         | 1/16 [00:01<00:15,  1.01s/it] 12%|█▎        | 2/16 [00:01<00:11,  1.24it/s] 19%|█▉        | 3/16 [00:02<00:10,  1.21it/s] 25%|██▌       | 4/16 [00:03<00:09,  1.30it/s] 31%|███▏      | 5/16 [00:03<00:08,  1.36it/s] 38%|███▊      | 6/16 [00:04<00:07,  1.33it/s] 44%|████▍     | 7/16 [00:05<00:06,  1.35it/s] 50%|█████     | 8/16 [00:05<00:05,  1.35it/s] 56%|█████▋    | 9/16 [00:06<00:05,  1.38it/s] 62%|██████▎   | 10/16 [00:07<00:04,  1.39it/s] 69%|██████▉   | 11/16 [00:08<00:03,  1.37it/s] 75%|███████▌  | 12/16 [00:08<00:02,  1.42it/s] 81%|████████▏ | 13/16 [00:09<00:02,  1.42it/s] 88%|████████▊ | 14/16 [00:09<00:01,  1.43it/s] 94%|█████████▍| 15/16 [00:10<00:00,  1.44it/s]100%|██████████| 16/16 [00:10<00:00,  1.51it/s]
INFO:nli-debug-cli.py:Number of examples: 1924
INFO:nli-debug-cli.py:Accuracy: 0.7937
INFO:nli-debug-cli.py:(S1 contradicts S2) XOR (S2 contradicts S1): 292
INFO:nli-debug-cli.py:(S1 contradicts S2): 646
INFO:nli-debug-cli.py:(S1 contradicts S2) AND NOT(S2 contradicts S1): 146 (0.2260)
INFO:nli-debug-cli.py:(S1 entailment S2): 243
INFO:nli-debug-cli.py:(S1 entailment S2) AND (S2 contradicts S1): 18 (0.0741)
INFO:nli-debug-cli.py:(S1 neutral S2): 646
INFO:nli-debug-cli.py:(S1 neutral S2) AND (S2 contradicts S1): 128 (0.1981)
INFO:nli-debug-cli.py:(True): 3848 [1924 + 1924]
INFO:nli-debug-cli.py:(True) AND NOT(S1 entails S1): 0 [0 + 0] (0.0000)
