INFO:root:discriminator/aggregate/transform_aggregate/fully_connected/biases:0 ((200,)): 200 params
INFO:root:discriminator/aggregate/transform_aggregate/fully_connected_1/weights:0 ((200, 200)): 40000 params
INFO:root:discriminator/aggregate/transform_aggregate/fully_connected_1/biases:0 ((200,)): 200 params
INFO:root:discriminator/aggregate/fully_connected/weights:0 ((200, 3)): 600 params
INFO:root:discriminator/aggregate/fully_connected/biases:0 ((3,)): 3 params
INFO:nli-debug-cli.py:Total Trainable Discriminator Parameters: 12075203
INFO:tensorflow:Restoring parameters from models/snli/dam_1/acl/batch_dsearch_reg_v4/dam_1_3
INFO:tensorflow:Restoring parameters from models/snli/dam_1/acl/batch_dsearch_reg_v4/dam_1_3
  0%|          | 0/16 [00:00<?, ?it/s]  6%|▋         | 1/16 [00:02<00:36,  2.45s/it] 12%|█▎        | 2/16 [00:03<00:25,  1.83s/it] 19%|█▉        | 3/16 [00:04<00:19,  1.52s/it] 25%|██▌       | 4/16 [00:05<00:16,  1.37s/it] 31%|███▏      | 5/16 [00:06<00:14,  1.28s/it] 38%|███▊      | 6/16 [00:07<00:11,  1.17s/it] 44%|████▍     | 7/16 [00:07<00:10,  1.13s/it] 50%|█████     | 8/16 [00:09<00:09,  1.16s/it] 56%|█████▋    | 9/16 [00:10<00:07,  1.14s/it] 62%|██████▎   | 10/16 [00:11<00:06,  1.10s/it] 69%|██████▉   | 11/16 [00:11<00:05,  1.07s/it] 75%|███████▌  | 12/16 [00:12<00:04,  1.07s/it] 81%|████████▏ | 13/16 [00:13<00:03,  1.06s/it] 88%|████████▊ | 14/16 [00:14<00:02,  1.04s/it] 94%|█████████▍| 15/16 [00:15<00:01,  1.02s/it]100%|██████████| 16/16 [00:15<00:00,  1.04it/s]
INFO:nli-debug-cli.py:Number of examples: 1928
INFO:nli-debug-cli.py:Accuracy: 0.5654
INFO:nli-debug-cli.py:(S1 contradicts S2) XOR (S2 contradicts S1): 1334
INFO:nli-debug-cli.py:(S1 contradicts S2): 819
INFO:nli-debug-cli.py:(S1 contradicts S2) AND NOT(S2 contradicts S1): 667 (0.8144)
INFO:nli-debug-cli.py:(S1 entailment S2): 231
INFO:nli-debug-cli.py:(S1 entailment S2) AND (S2 contradicts S1): 146 (0.6320)
INFO:nli-debug-cli.py:(S1 neutral S2): 819
INFO:nli-debug-cli.py:(S1 neutral S2) AND (S2 contradicts S1): 521 (0.6361)
INFO:nli-debug-cli.py:(True): 3856 [1928 + 1928]
INFO:nli-debug-cli.py:(True) AND NOT(S1 entails S1): 8 [4 + 4] (0.0021)
