INFO:root:discriminator/aggregate/transform_aggregate/fully_connected/biases:0 ((200,)): 200 params
INFO:root:discriminator/aggregate/transform_aggregate/fully_connected_1/weights:0 ((200, 200)): 40000 params
INFO:root:discriminator/aggregate/transform_aggregate/fully_connected_1/biases:0 ((200,)): 200 params
INFO:root:discriminator/aggregate/fully_connected/weights:0 ((200, 3)): 600 params
INFO:root:discriminator/aggregate/fully_connected/biases:0 ((3,)): 3 params
INFO:nli-debug-cli.py:Total Trainable Discriminator Parameters: 12075203
INFO:tensorflow:Restoring parameters from models/snli/dam_1/acl/batch_dsearch_reg_v4/dam_1_9
INFO:tensorflow:Restoring parameters from models/snli/dam_1/acl/batch_dsearch_reg_v4/dam_1_9
  0%|          | 0/8 [00:00<?, ?it/s] 12%|█▎        | 1/8 [00:03<00:24,  3.50s/it] 25%|██▌       | 2/8 [00:04<00:14,  2.42s/it] 38%|███▊      | 3/8 [00:06<00:11,  2.22s/it] 50%|█████     | 4/8 [00:08<00:08,  2.00s/it] 62%|██████▎   | 5/8 [00:09<00:05,  1.90s/it] 75%|███████▌  | 6/8 [00:11<00:03,  2.00s/it] 88%|████████▊ | 7/8 [00:13<00:01,  1.97s/it]100%|██████████| 8/8 [00:14<00:00,  1.80s/it]
INFO:nli-debug-cli.py:Number of examples: 964
INFO:nli-debug-cli.py:Accuracy: 0.6846
INFO:nli-debug-cli.py:(S1 contradicts S2) XOR (S2 contradicts S1): 436
INFO:nli-debug-cli.py:(S1 contradicts S2): 222
INFO:nli-debug-cli.py:(S1 contradicts S2) AND NOT(S2 contradicts S1): 218 (0.9820)
INFO:nli-debug-cli.py:(S1 entailment S2): 139
INFO:nli-debug-cli.py:(S1 entailment S2) AND (S2 contradicts S1): 52 (0.3741)
INFO:nli-debug-cli.py:(S1 neutral S2): 222
INFO:nli-debug-cli.py:(S1 neutral S2) AND (S2 contradicts S1): 166 (0.7477)
INFO:nli-debug-cli.py:(True): 1928 [964 + 964]
INFO:nli-debug-cli.py:(True) AND NOT(S1 entails S1): 0 [0 + 0] (0.0000)
