INFO:root:discriminator/aggregate/transform_aggregate/fully_connected/biases:0 ((200,)): 200 params
INFO:root:discriminator/aggregate/transform_aggregate/fully_connected_1/weights:0 ((200, 200)): 40000 params
INFO:root:discriminator/aggregate/transform_aggregate/fully_connected_1/biases:0 ((200,)): 200 params
INFO:root:discriminator/aggregate/fully_connected/weights:0 ((200, 3)): 600 params
INFO:root:discriminator/aggregate/fully_connected/biases:0 ((3,)): 3 params
INFO:nli-debug-cli.py:Total Trainable Discriminator Parameters: 6408803
INFO:tensorflow:Restoring parameters from models/snli/dam_1/acl/batch_dsearch_reg_v8_01/dam_1_01_0
INFO:tensorflow:Restoring parameters from models/snli/dam_1/acl/batch_dsearch_reg_v8_01/dam_1_01_0
  0%|          | 0/16 [00:00<?, ?it/s]  6%|▋         | 1/16 [00:04<01:01,  4.07s/it] 12%|█▎        | 2/16 [00:04<00:34,  2.49s/it] 19%|█▉        | 3/16 [00:06<00:28,  2.17s/it] 25%|██▌       | 4/16 [00:07<00:23,  1.97s/it] 31%|███▏      | 5/16 [00:09<00:21,  1.92s/it] 38%|███▊      | 6/16 [00:11<00:19,  1.96s/it] 44%|████▍     | 7/16 [00:13<00:16,  1.87s/it] 50%|█████     | 8/16 [00:14<00:14,  1.82s/it] 56%|█████▋    | 9/16 [00:15<00:12,  1.75s/it] 62%|██████▎   | 10/16 [00:17<00:10,  1.75s/it] 69%|██████▉   | 11/16 [00:18<00:08,  1.73s/it] 75%|███████▌  | 12/16 [00:19<00:06,  1.65s/it] 81%|████████▏ | 13/16 [00:20<00:04,  1.60s/it] 88%|████████▊ | 14/16 [00:22<00:03,  1.58s/it] 94%|█████████▍| 15/16 [00:23<00:01,  1.58s/it]100%|██████████| 16/16 [00:23<00:00,  1.49s/it]
INFO:nli-debug-cli.py:Number of examples: 1924
INFO:nli-debug-cli.py:Accuracy: 0.5676
INFO:nli-debug-cli.py:(S1 contradicts S2) XOR (S2 contradicts S1): 1136
INFO:nli-debug-cli.py:(S1 contradicts S2): 870
INFO:nli-debug-cli.py:(S1 contradicts S2) AND NOT(S2 contradicts S1): 568 (0.6529)
INFO:nli-debug-cli.py:(S1 entailment S2): 244
INFO:nli-debug-cli.py:(S1 entailment S2) AND (S2 contradicts S1): 116 (0.4754)
INFO:nli-debug-cli.py:(S1 neutral S2): 870
INFO:nli-debug-cli.py:(S1 neutral S2) AND (S2 contradicts S1): 452 (0.5195)
INFO:nli-debug-cli.py:(True): 3848 [1924 + 1924]
INFO:nli-debug-cli.py:(True) AND NOT(S1 entails S1): 4 [2 + 2] (0.0010)
