INFO:root:discriminator/aggregate/transform_aggregate/fully_connected/biases:0 ((200,)): 200 params
INFO:root:discriminator/aggregate/transform_aggregate/fully_connected_1/weights:0 ((200, 200)): 40000 params
INFO:root:discriminator/aggregate/transform_aggregate/fully_connected_1/biases:0 ((200,)): 200 params
INFO:root:discriminator/aggregate/fully_connected/weights:0 ((200, 3)): 600 params
INFO:root:discriminator/aggregate/fully_connected/biases:0 ((3,)): 3 params
INFO:nli-debug-cli.py:Total Trainable Discriminator Parameters: 6408803
INFO:tensorflow:Restoring parameters from models/snli/dam_1/acl/batch_dsearch_reg_v8_01/dam_1_01_0
INFO:tensorflow:Restoring parameters from models/snli/dam_1/acl/batch_dsearch_reg_v8_01/dam_1_01_0
  0%|          | 0/8 [00:00<?, ?it/s] 12%|█▎        | 1/8 [00:05<00:38,  5.53s/it] 25%|██▌       | 2/8 [00:07<00:21,  3.54s/it] 38%|███▊      | 3/8 [00:09<00:16,  3.30s/it] 50%|█████     | 4/8 [00:11<00:11,  2.94s/it] 62%|██████▎   | 5/8 [00:14<00:08,  2.82s/it] 75%|███████▌  | 6/8 [00:17<00:05,  2.86s/it] 88%|████████▊ | 7/8 [00:18<00:02,  2.69s/it]100%|██████████| 8/8 [00:19<00:00,  2.45s/it]
INFO:nli-debug-cli.py:Number of examples: 964
INFO:nli-debug-cli.py:Accuracy: 0.5373
INFO:nli-debug-cli.py:(S1 contradicts S2) XOR (S2 contradicts S1): 652
INFO:nli-debug-cli.py:(S1 contradicts S2): 430
INFO:nli-debug-cli.py:(S1 contradicts S2) AND NOT(S2 contradicts S1): 326 (0.7581)
INFO:nli-debug-cli.py:(S1 entailment S2): 131
INFO:nli-debug-cli.py:(S1 entailment S2) AND (S2 contradicts S1): 71 (0.5420)
INFO:nli-debug-cli.py:(S1 neutral S2): 430
INFO:nli-debug-cli.py:(S1 neutral S2) AND (S2 contradicts S1): 255 (0.5930)
INFO:nli-debug-cli.py:(True): 1928 [964 + 964]
INFO:nli-debug-cli.py:(True) AND NOT(S1 entails S1): 4 [2 + 2] (0.0021)
