INFO:root:discriminator/aggregate/transform_aggregate/fully_connected/biases:0 ((200,)): 200 params
INFO:root:discriminator/aggregate/transform_aggregate/fully_connected_1/weights:0 ((200, 200)): 40000 params
INFO:root:discriminator/aggregate/transform_aggregate/fully_connected_1/biases:0 ((200,)): 200 params
INFO:root:discriminator/aggregate/fully_connected/weights:0 ((200, 3)): 600 params
INFO:root:discriminator/aggregate/fully_connected/biases:0 ((3,)): 3 params
INFO:nli-debug-cli.py:Total Trainable Discriminator Parameters: 6408803
INFO:tensorflow:Restoring parameters from models/snli/dam_1/acl/batch_dsearch_reg_v8_01/dam_1_01_0
INFO:tensorflow:Restoring parameters from models/snli/dam_1/acl/batch_dsearch_reg_v8_01/dam_1_01_0
  0%|          | 0/16 [00:00<?, ?it/s]  6%|▋         | 1/16 [00:05<01:27,  5.82s/it] 12%|█▎        | 2/16 [00:06<00:47,  3.40s/it] 19%|█▉        | 3/16 [00:07<00:34,  2.65s/it] 25%|██▌       | 4/16 [00:08<00:26,  2.19s/it] 31%|███▏      | 5/16 [00:09<00:20,  1.90s/it] 38%|███▊      | 6/16 [00:10<00:17,  1.73s/it] 44%|████▍     | 7/16 [00:11<00:14,  1.66s/it] 50%|█████     | 8/16 [00:12<00:12,  1.59s/it] 56%|█████▋    | 9/16 [00:13<00:10,  1.55s/it] 62%|██████▎   | 10/16 [00:14<00:08,  1.47s/it] 69%|██████▉   | 11/16 [00:15<00:06,  1.38s/it] 75%|███████▌  | 12/16 [00:15<00:05,  1.31s/it] 81%|████████▏ | 13/16 [00:16<00:03,  1.25s/it] 88%|████████▊ | 14/16 [00:16<00:02,  1.20s/it] 94%|█████████▍| 15/16 [00:17<00:01,  1.17s/it]100%|██████████| 16/16 [00:17<00:00,  1.10s/it]
INFO:nli-debug-cli.py:Number of examples: 1930
INFO:nli-debug-cli.py:Accuracy: 0.5503
INFO:nli-debug-cli.py:(S1 contradicts S2) XOR (S2 contradicts S1): 872
INFO:nli-debug-cli.py:(S1 contradicts S2): 772
INFO:nli-debug-cli.py:(S1 contradicts S2) AND NOT(S2 contradicts S1): 436 (0.5648)
INFO:nli-debug-cli.py:(S1 entailment S2): 252
INFO:nli-debug-cli.py:(S1 entailment S2) AND (S2 contradicts S1): 76 (0.3016)
INFO:nli-debug-cli.py:(S1 neutral S2): 772
INFO:nli-debug-cli.py:(S1 neutral S2) AND (S2 contradicts S1): 360 (0.4663)
INFO:nli-debug-cli.py:(True): 3860 [1930 + 1930]
INFO:nli-debug-cli.py:(True) AND NOT(S1 entails S1): 10 [5 + 5] (0.0026)
