INFO:root:discriminator/aggregate/transform_aggregate/fully_connected/biases:0 ((200,)): 200 params
INFO:root:discriminator/aggregate/transform_aggregate/fully_connected_1/weights:0 ((200, 200)): 40000 params
INFO:root:discriminator/aggregate/transform_aggregate/fully_connected_1/biases:0 ((200,)): 200 params
INFO:root:discriminator/aggregate/fully_connected/weights:0 ((200, 3)): 600 params
INFO:root:discriminator/aggregate/fully_connected/biases:0 ((3,)): 3 params
INFO:nli-debug-cli.py:Total Trainable Discriminator Parameters: 6408803
INFO:tensorflow:Restoring parameters from models/snli/dam_1/acl/batch_dsearch_reg_v8_01/dam_1_01_0
INFO:tensorflow:Restoring parameters from models/snli/dam_1/acl/batch_dsearch_reg_v8_01/dam_1_01_0
  0%|          | 0/8 [00:00<?, ?it/s] 12%|█▎        | 1/8 [00:05<00:35,  5.06s/it] 25%|██▌       | 2/8 [00:06<00:20,  3.35s/it] 38%|███▊      | 3/8 [00:07<00:12,  2.55s/it] 50%|█████     | 4/8 [00:08<00:08,  2.15s/it] 62%|██████▎   | 5/8 [00:09<00:05,  1.94s/it] 75%|███████▌  | 6/8 [00:10<00:03,  1.81s/it] 88%|████████▊ | 7/8 [00:12<00:01,  1.78s/it]100%|██████████| 8/8 [00:13<00:00,  1.63s/it]
INFO:nli-debug-cli.py:Number of examples: 960
INFO:nli-debug-cli.py:Accuracy: 0.5635
INFO:nli-debug-cli.py:(S1 contradicts S2) XOR (S2 contradicts S1): 490
INFO:nli-debug-cli.py:(S1 contradicts S2): 417
INFO:nli-debug-cli.py:(S1 contradicts S2) AND NOT(S2 contradicts S1): 245 (0.5875)
INFO:nli-debug-cli.py:(S1 entailment S2): 116
INFO:nli-debug-cli.py:(S1 entailment S2) AND (S2 contradicts S1): 52 (0.4483)
INFO:nli-debug-cli.py:(S1 neutral S2): 417
INFO:nli-debug-cli.py:(S1 neutral S2) AND (S2 contradicts S1): 193 (0.4628)
INFO:nli-debug-cli.py:(True): 1920 [960 + 960]
INFO:nli-debug-cli.py:(True) AND NOT(S1 entails S1): 2 [1 + 1] (0.0010)
