INFO:root:discriminator/aggregate/transform_aggregate/fully_connected/biases:0 ((200,)): 200 params
INFO:root:discriminator/aggregate/transform_aggregate/fully_connected_1/weights:0 ((200, 200)): 40000 params
INFO:root:discriminator/aggregate/transform_aggregate/fully_connected_1/biases:0 ((200,)): 200 params
INFO:root:discriminator/aggregate/fully_connected/weights:0 ((200, 3)): 600 params
INFO:root:discriminator/aggregate/fully_connected/biases:0 ((3,)): 3 params
INFO:nli-debug-cli.py:Total Trainable Discriminator Parameters: 6408803
INFO:tensorflow:Restoring parameters from models/snli/dam_1/acl/batch_dsearch_reg_v8_01/dam_1_01_3
INFO:tensorflow:Restoring parameters from models/snli/dam_1/acl/batch_dsearch_reg_v8_01/dam_1_01_3
  0%|          | 0/16 [00:00<?, ?it/s]  6%|▋         | 1/16 [00:01<00:28,  1.93s/it] 12%|█▎        | 2/16 [00:02<00:18,  1.32s/it] 19%|█▉        | 3/16 [00:03<00:14,  1.14s/it] 25%|██▌       | 4/16 [00:04<00:12,  1.02s/it] 31%|███▏      | 5/16 [00:04<00:10,  1.04it/s] 38%|███▊      | 6/16 [00:05<00:09,  1.08it/s] 44%|████▍     | 7/16 [00:06<00:08,  1.08it/s] 50%|█████     | 8/16 [00:06<00:06,  1.16it/s] 56%|█████▋    | 9/16 [00:07<00:05,  1.20it/s] 62%|██████▎   | 10/16 [00:07<00:04,  1.25it/s] 69%|██████▉   | 11/16 [00:08<00:03,  1.31it/s] 75%|███████▌  | 12/16 [00:09<00:03,  1.26it/s] 81%|████████▏ | 13/16 [00:10<00:02,  1.28it/s] 88%|████████▊ | 14/16 [00:10<00:01,  1.32it/s] 94%|█████████▍| 15/16 [00:11<00:00,  1.34it/s]100%|██████████| 16/16 [00:11<00:00,  1.42it/s]
INFO:nli-debug-cli.py:Number of examples: 1928
INFO:nli-debug-cli.py:Accuracy: 0.5778
INFO:nli-debug-cli.py:(S1 contradicts S2) XOR (S2 contradicts S1): 1004
INFO:nli-debug-cli.py:(S1 contradicts S2): 786
INFO:nli-debug-cli.py:(S1 contradicts S2) AND NOT(S2 contradicts S1): 502 (0.6387)
INFO:nli-debug-cli.py:(S1 entailment S2): 250
INFO:nli-debug-cli.py:(S1 entailment S2) AND (S2 contradicts S1): 84 (0.3360)
INFO:nli-debug-cli.py:(S1 neutral S2): 786
INFO:nli-debug-cli.py:(S1 neutral S2) AND (S2 contradicts S1): 418 (0.5318)
INFO:nli-debug-cli.py:(True): 3856 [1928 + 1928]
INFO:nli-debug-cli.py:(True) AND NOT(S1 entails S1): 4 [2 + 2] (0.0010)
