INFO:root:discriminator/aggregate/transform_aggregate/fully_connected/biases:0 ((200,)): 200 params
INFO:root:discriminator/aggregate/transform_aggregate/fully_connected_1/weights:0 ((200, 200)): 40000 params
INFO:root:discriminator/aggregate/transform_aggregate/fully_connected_1/biases:0 ((200,)): 200 params
INFO:root:discriminator/aggregate/fully_connected/weights:0 ((200, 3)): 600 params
INFO:root:discriminator/aggregate/fully_connected/biases:0 ((3,)): 3 params
INFO:nli-debug-cli.py:Total Trainable Discriminator Parameters: 6408803
INFO:tensorflow:Restoring parameters from models/snli/dam_1/acl/batch_dsearch_reg_v8_01/dam_1_01_3
INFO:tensorflow:Restoring parameters from models/snli/dam_1/acl/batch_dsearch_reg_v8_01/dam_1_01_3
  0%|          | 0/8 [00:00<?, ?it/s] 12%|█▎        | 1/8 [00:05<00:38,  5.44s/it] 25%|██▌       | 2/8 [00:06<00:19,  3.32s/it] 38%|███▊      | 3/8 [00:08<00:14,  2.93s/it] 50%|█████     | 4/8 [00:10<00:10,  2.54s/it] 62%|██████▎   | 5/8 [00:11<00:07,  2.36s/it] 75%|███████▌  | 6/8 [00:13<00:04,  2.27s/it] 88%|████████▊ | 7/8 [00:15<00:02,  2.20s/it]100%|██████████| 8/8 [00:16<00:00,  2.01s/it]
INFO:nli-debug-cli.py:Number of examples: 964
INFO:nli-debug-cli.py:Accuracy: 0.5851
INFO:nli-debug-cli.py:(S1 contradicts S2) XOR (S2 contradicts S1): 562
INFO:nli-debug-cli.py:(S1 contradicts S2): 385
INFO:nli-debug-cli.py:(S1 contradicts S2) AND NOT(S2 contradicts S1): 281 (0.7299)
INFO:nli-debug-cli.py:(S1 entailment S2): 134
INFO:nli-debug-cli.py:(S1 entailment S2) AND (S2 contradicts S1): 46 (0.3433)
INFO:nli-debug-cli.py:(S1 neutral S2): 385
INFO:nli-debug-cli.py:(S1 neutral S2) AND (S2 contradicts S1): 235 (0.6104)
INFO:nli-debug-cli.py:(True): 1928 [964 + 964]
INFO:nli-debug-cli.py:(True) AND NOT(S1 entails S1): 2 [1 + 1] (0.0010)
