INFO:root:discriminator/aggregate/transform_aggregate/fully_connected/biases:0 ((200,)): 200 params
INFO:root:discriminator/aggregate/transform_aggregate/fully_connected_1/weights:0 ((200, 200)): 40000 params
INFO:root:discriminator/aggregate/transform_aggregate/fully_connected_1/biases:0 ((200,)): 200 params
INFO:root:discriminator/aggregate/fully_connected/weights:0 ((200, 3)): 600 params
INFO:root:discriminator/aggregate/fully_connected/biases:0 ((3,)): 3 params
INFO:nli-debug-cli.py:Total Trainable Discriminator Parameters: 6408803
INFO:tensorflow:Restoring parameters from models/snli/dam_1/acl/batch_dsearch_reg_v8_01/dam_1_01_6
INFO:tensorflow:Restoring parameters from models/snli/dam_1/acl/batch_dsearch_reg_v8_01/dam_1_01_6
  0%|          | 0/16 [00:00<?, ?it/s]  6%|▋         | 1/16 [00:06<01:43,  6.92s/it] 12%|█▎        | 2/16 [00:07<00:55,  3.98s/it] 19%|█▉        | 3/16 [00:08<00:37,  2.89s/it] 25%|██▌       | 4/16 [00:09<00:27,  2.33s/it] 31%|███▏      | 5/16 [00:10<00:22,  2.04s/it] 38%|███▊      | 6/16 [00:11<00:18,  1.86s/it] 44%|████▍     | 7/16 [00:12<00:15,  1.77s/it] 50%|█████     | 8/16 [00:13<00:13,  1.68s/it] 56%|█████▋    | 9/16 [00:15<00:11,  1.67s/it] 62%|██████▎   | 10/16 [00:15<00:09,  1.59s/it] 69%|██████▉   | 11/16 [00:16<00:07,  1.49s/it] 75%|███████▌  | 12/16 [00:17<00:05,  1.45s/it] 81%|████████▏ | 13/16 [00:18<00:04,  1.40s/it] 88%|████████▊ | 14/16 [00:18<00:02,  1.35s/it] 94%|█████████▍| 15/16 [00:20<00:01,  1.35s/it]100%|██████████| 16/16 [00:20<00:00,  1.27s/it]
INFO:nli-debug-cli.py:Number of examples: 1930
INFO:nli-debug-cli.py:Accuracy: 0.6104
INFO:nli-debug-cli.py:(S1 contradicts S2) XOR (S2 contradicts S1): 552
INFO:nli-debug-cli.py:(S1 contradicts S2): 670
INFO:nli-debug-cli.py:(S1 contradicts S2) AND NOT(S2 contradicts S1): 276 (0.4119)
INFO:nli-debug-cli.py:(S1 entailment S2): 253
INFO:nli-debug-cli.py:(S1 entailment S2) AND (S2 contradicts S1): 38 (0.1502)
INFO:nli-debug-cli.py:(S1 neutral S2): 670
INFO:nli-debug-cli.py:(S1 neutral S2) AND (S2 contradicts S1): 238 (0.3552)
INFO:nli-debug-cli.py:(True): 3860 [1930 + 1930]
INFO:nli-debug-cli.py:(True) AND NOT(S1 entails S1): 8 [4 + 4] (0.0021)
