INFO:root:discriminator/aggregate/transform_aggregate/fully_connected/biases:0 ((200,)): 200 params
INFO:root:discriminator/aggregate/transform_aggregate/fully_connected_1/weights:0 ((200, 200)): 40000 params
INFO:root:discriminator/aggregate/transform_aggregate/fully_connected_1/biases:0 ((200,)): 200 params
INFO:root:discriminator/aggregate/fully_connected/weights:0 ((200, 3)): 600 params
INFO:root:discriminator/aggregate/fully_connected/biases:0 ((3,)): 3 params
INFO:nli-debug-cli.py:Total Trainable Discriminator Parameters: 6408803
INFO:tensorflow:Restoring parameters from models/snli/dam_1/acl/batch_dsearch_reg_v8_01/dam_1_01_9
INFO:tensorflow:Restoring parameters from models/snli/dam_1/acl/batch_dsearch_reg_v8_01/dam_1_01_9
  0%|          | 0/16 [00:00<?, ?it/s]  6%|▋         | 1/16 [00:07<01:49,  7.33s/it] 12%|█▎        | 2/16 [00:08<00:58,  4.16s/it] 19%|█▉        | 3/16 [00:10<00:43,  3.38s/it] 25%|██▌       | 4/16 [00:11<00:35,  2.96s/it] 31%|███▏      | 5/16 [00:13<00:28,  2.63s/it] 38%|███▊      | 6/16 [00:14<00:24,  2.45s/it] 44%|████▍     | 7/16 [00:15<00:20,  2.28s/it] 50%|█████     | 8/16 [00:16<00:16,  2.11s/it] 56%|█████▋    | 9/16 [00:18<00:14,  2.00s/it] 62%|██████▎   | 10/16 [00:19<00:11,  1.92s/it] 69%|██████▉   | 11/16 [00:20<00:09,  1.84s/it] 75%|███████▌  | 12/16 [00:21<00:07,  1.76s/it] 81%|████████▏ | 13/16 [00:22<00:05,  1.71s/it] 88%|████████▊ | 14/16 [00:23<00:03,  1.68s/it] 94%|█████████▍| 15/16 [00:24<00:01,  1.65s/it]100%|██████████| 16/16 [00:24<00:00,  1.55s/it]
INFO:nli-debug-cli.py:Number of examples: 1924
INFO:nli-debug-cli.py:Accuracy: 0.7588
INFO:nli-debug-cli.py:(S1 contradicts S2) XOR (S2 contradicts S1): 218
INFO:nli-debug-cli.py:(S1 contradicts S2): 683
INFO:nli-debug-cli.py:(S1 contradicts S2) AND NOT(S2 contradicts S1): 109 (0.1596)
INFO:nli-debug-cli.py:(S1 entailment S2): 244
INFO:nli-debug-cli.py:(S1 entailment S2) AND (S2 contradicts S1): 23 (0.0943)
INFO:nli-debug-cli.py:(S1 neutral S2): 683
INFO:nli-debug-cli.py:(S1 neutral S2) AND (S2 contradicts S1): 86 (0.1259)
INFO:nli-debug-cli.py:(True): 3848 [1924 + 1924]
INFO:nli-debug-cli.py:(True) AND NOT(S1 entails S1): 0 [0 + 0] (0.0000)
