INFO:root:discriminator/aggregate/transform_aggregate/fully_connected/biases:0 ((200,)): 200 params
INFO:root:discriminator/aggregate/transform_aggregate/fully_connected_1/weights:0 ((200, 200)): 40000 params
INFO:root:discriminator/aggregate/transform_aggregate/fully_connected_1/biases:0 ((200,)): 200 params
INFO:root:discriminator/aggregate/fully_connected/weights:0 ((200, 3)): 600 params
INFO:root:discriminator/aggregate/fully_connected/biases:0 ((3,)): 3 params
INFO:nli-debug-cli.py:Total Trainable Discriminator Parameters: 6408803
INFO:tensorflow:Restoring parameters from models/snli/dam_1/acl/batch_dsearch_reg_v8_01/dam_1_01_9
INFO:tensorflow:Restoring parameters from models/snli/dam_1/acl/batch_dsearch_reg_v8_01/dam_1_01_9
  0%|          | 0/8 [00:00<?, ?it/s] 12%|█▎        | 1/8 [00:03<00:22,  3.16s/it] 25%|██▌       | 2/8 [00:04<00:14,  2.45s/it] 38%|███▊      | 3/8 [00:07<00:11,  2.36s/it] 50%|█████     | 4/8 [00:08<00:08,  2.07s/it] 62%|██████▎   | 5/8 [00:10<00:06,  2.00s/it] 75%|███████▌  | 6/8 [00:12<00:04,  2.14s/it] 88%|████████▊ | 7/8 [00:14<00:02,  2.11s/it]100%|██████████| 8/8 [00:15<00:00,  1.95s/it]
INFO:nli-debug-cli.py:Number of examples: 964
INFO:nli-debug-cli.py:Accuracy: 0.7614
INFO:nli-debug-cli.py:(S1 contradicts S2) XOR (S2 contradicts S1): 122
INFO:nli-debug-cli.py:(S1 contradicts S2): 317
INFO:nli-debug-cli.py:(S1 contradicts S2) AND NOT(S2 contradicts S1): 61 (0.1924)
INFO:nli-debug-cli.py:(S1 entailment S2): 129
INFO:nli-debug-cli.py:(S1 entailment S2) AND (S2 contradicts S1): 14 (0.1085)
INFO:nli-debug-cli.py:(S1 neutral S2): 317
INFO:nli-debug-cli.py:(S1 neutral S2) AND (S2 contradicts S1): 47 (0.1483)
INFO:nli-debug-cli.py:(True): 1928 [964 + 964]
INFO:nli-debug-cli.py:(True) AND NOT(S1 entails S1): 0 [0 + 0] (0.0000)
