INFO:root:discriminator/aggregate/transform_aggregate/fully_connected/biases:0 ((200,)): 200 params
INFO:root:discriminator/aggregate/transform_aggregate/fully_connected_1/weights:0 ((200, 200)): 40000 params
INFO:root:discriminator/aggregate/transform_aggregate/fully_connected_1/biases:0 ((200,)): 200 params
INFO:root:discriminator/aggregate/fully_connected/weights:0 ((200, 3)): 600 params
INFO:root:discriminator/aggregate/fully_connected/biases:0 ((3,)): 3 params
INFO:nli-debug-cli.py:Total Trainable Discriminator Parameters: 6408803
INFO:tensorflow:Restoring parameters from models/snli/dam_1/acl/batch_dsearch_reg_v8_01/dam_1_01_9
INFO:tensorflow:Restoring parameters from models/snli/dam_1/acl/batch_dsearch_reg_v8_01/dam_1_01_9
  0%|          | 0/8 [00:00<?, ?it/s] 12%|█▎        | 1/8 [00:04<00:32,  4.68s/it] 25%|██▌       | 2/8 [00:06<00:20,  3.34s/it] 38%|███▊      | 3/8 [00:07<00:12,  2.52s/it] 50%|█████     | 4/8 [00:08<00:08,  2.08s/it] 62%|██████▎   | 5/8 [00:09<00:05,  1.86s/it] 75%|███████▌  | 6/8 [00:10<00:03,  1.72s/it] 88%|████████▊ | 7/8 [00:11<00:01,  1.71s/it]100%|██████████| 8/8 [00:12<00:00,  1.57s/it]
INFO:nli-debug-cli.py:Number of examples: 960
INFO:nli-debug-cli.py:Accuracy: 0.6927
INFO:nli-debug-cli.py:(S1 contradicts S2) XOR (S2 contradicts S1): 128
INFO:nli-debug-cli.py:(S1 contradicts S2): 348
INFO:nli-debug-cli.py:(S1 contradicts S2) AND NOT(S2 contradicts S1): 64 (0.1839)
INFO:nli-debug-cli.py:(S1 entailment S2): 108
INFO:nli-debug-cli.py:(S1 entailment S2) AND (S2 contradicts S1): 13 (0.1204)
INFO:nli-debug-cli.py:(S1 neutral S2): 348
INFO:nli-debug-cli.py:(S1 neutral S2) AND (S2 contradicts S1): 51 (0.1466)
INFO:nli-debug-cli.py:(True): 1920 [960 + 960]
INFO:nli-debug-cli.py:(True) AND NOT(S1 entails S1): 2 [1 + 1] (0.0010)
