INFO:root:discriminator/aggregate/transform_aggregate/fully_connected/biases:0 ((200,)): 200 params
INFO:root:discriminator/aggregate/transform_aggregate/fully_connected_1/weights:0 ((200, 200)): 40000 params
INFO:root:discriminator/aggregate/transform_aggregate/fully_connected_1/biases:0 ((200,)): 200 params
INFO:root:discriminator/aggregate/fully_connected/weights:0 ((200, 3)): 600 params
INFO:root:discriminator/aggregate/fully_connected/biases:0 ((3,)): 3 params
INFO:nli-debug-cli.py:Total Trainable Discriminator Parameters: 6408803
INFO:tensorflow:Restoring parameters from models/snli/dam_1/acl/batch_dsearch_reg_v8_01/dam_1_01_12
INFO:tensorflow:Restoring parameters from models/snli/dam_1/acl/batch_dsearch_reg_v8_01/dam_1_01_12
  0%|          | 0/16 [00:00<?, ?it/s]  6%|▋         | 1/16 [00:00<00:13,  1.11it/s] 12%|█▎        | 2/16 [00:01<00:09,  1.41it/s] 19%|█▉        | 3/16 [00:01<00:08,  1.52it/s] 25%|██▌       | 4/16 [00:02<00:07,  1.60it/s] 31%|███▏      | 5/16 [00:03<00:06,  1.65it/s] 38%|███▊      | 6/16 [00:03<00:05,  1.70it/s] 44%|████▍     | 7/16 [00:04<00:05,  1.65it/s] 50%|█████     | 8/16 [00:04<00:04,  1.73it/s] 56%|█████▋    | 9/16 [00:05<00:04,  1.74it/s] 62%|██████▎   | 10/16 [00:05<00:03,  1.79it/s] 69%|██████▉   | 11/16 [00:05<00:02,  1.85it/s] 75%|███████▌  | 12/16 [00:06<00:02,  1.76it/s] 81%|████████▏ | 13/16 [00:07<00:01,  1.65it/s] 88%|████████▊ | 14/16 [00:08<00:01,  1.66it/s] 94%|█████████▍| 15/16 [00:09<00:00,  1.63it/s]100%|██████████| 16/16 [00:09<00:00,  1.72it/s]
INFO:nli-debug-cli.py:Number of examples: 1928
INFO:nli-debug-cli.py:Accuracy: 0.7132
INFO:nli-debug-cli.py:(S1 contradicts S2) XOR (S2 contradicts S1): 94
INFO:nli-debug-cli.py:(S1 contradicts S2): 645
INFO:nli-debug-cli.py:(S1 contradicts S2) AND NOT(S2 contradicts S1): 47 (0.0729)
INFO:nli-debug-cli.py:(S1 entailment S2): 220
INFO:nli-debug-cli.py:(S1 entailment S2) AND (S2 contradicts S1): 9 (0.0409)
INFO:nli-debug-cli.py:(S1 neutral S2): 645
INFO:nli-debug-cli.py:(S1 neutral S2) AND (S2 contradicts S1): 38 (0.0589)
INFO:nli-debug-cli.py:(True): 3856 [1928 + 1928]
INFO:nli-debug-cli.py:(True) AND NOT(S1 entails S1): 6 [3 + 3] (0.0016)
