INFO:root:discriminator/aggregate/transform_aggregate/fully_connected/biases:0 ((200,)): 200 params
INFO:root:discriminator/aggregate/transform_aggregate/fully_connected_1/weights:0 ((200, 200)): 40000 params
INFO:root:discriminator/aggregate/transform_aggregate/fully_connected_1/biases:0 ((200,)): 200 params
INFO:root:discriminator/aggregate/fully_connected/weights:0 ((200, 3)): 600 params
INFO:root:discriminator/aggregate/fully_connected/biases:0 ((3,)): 3 params
INFO:nli-debug-cli.py:Total Trainable Discriminator Parameters: 6408803
INFO:tensorflow:Restoring parameters from models/snli/dam_1/acl/batch_dsearch_reg_v8_01/dam_1_01_12
INFO:tensorflow:Restoring parameters from models/snli/dam_1/acl/batch_dsearch_reg_v8_01/dam_1_01_12
  0%|          | 0/2 [00:00<?, ?it/s] 50%|█████     | 1/2 [00:04<00:04,  4.46s/it]100%|██████████| 2/2 [00:04<00:00,  2.36s/it]
INFO:nli-debug-cli.py:Number of examples: 188
INFO:nli-debug-cli.py:Accuracy: 0.6809
INFO:nli-debug-cli.py:(S1 contradicts S2) XOR (S2 contradicts S1): 10
INFO:nli-debug-cli.py:(S1 contradicts S2): 63
INFO:nli-debug-cli.py:(S1 contradicts S2) AND NOT(S2 contradicts S1): 5 (0.0794)
INFO:nli-debug-cli.py:(S1 entailment S2): 23
INFO:nli-debug-cli.py:(S1 entailment S2) AND (S2 contradicts S1): 1 (0.0435)
INFO:nli-debug-cli.py:(S1 neutral S2): 63
INFO:nli-debug-cli.py:(S1 neutral S2) AND (S2 contradicts S1): 4 (0.0635)
INFO:nli-debug-cli.py:(True): 376 [188 + 188]
INFO:nli-debug-cli.py:(True) AND NOT(S1 entails S1): 0 [0 + 0] (0.0000)
