INFO:root:discriminator/aggregate/transform_aggregate/fully_connected/biases:0 ((200,)): 200 params
INFO:root:discriminator/aggregate/transform_aggregate/fully_connected_1/weights:0 ((200, 200)): 40000 params
INFO:root:discriminator/aggregate/transform_aggregate/fully_connected_1/biases:0 ((200,)): 200 params
INFO:root:discriminator/aggregate/fully_connected/weights:0 ((200, 3)): 600 params
INFO:root:discriminator/aggregate/fully_connected/biases:0 ((3,)): 3 params
INFO:nli-debug-cli.py:Total Trainable Discriminator Parameters: 6408803
INFO:tensorflow:Restoring parameters from models/snli/dam_1/acl/batch_dsearch_reg_v8_01/dam_1_01_12
INFO:tensorflow:Restoring parameters from models/snli/dam_1/acl/batch_dsearch_reg_v8_01/dam_1_01_12
  0%|          | 0/16 [00:00<?, ?it/s]  6%|▋         | 1/16 [00:06<01:32,  6.19s/it] 12%|█▎        | 2/16 [00:07<00:49,  3.55s/it] 19%|█▉        | 3/16 [00:08<00:38,  2.94s/it] 25%|██▌       | 4/16 [00:10<00:31,  2.59s/it] 31%|███▏      | 5/16 [00:11<00:26,  2.38s/it] 38%|███▊      | 6/16 [00:13<00:22,  2.23s/it] 44%|████▍     | 7/16 [00:14<00:18,  2.06s/it] 50%|█████     | 8/16 [00:15<00:15,  1.90s/it] 56%|█████▋    | 9/16 [00:15<00:12,  1.76s/it] 62%|██████▎   | 10/16 [00:16<00:09,  1.66s/it] 69%|██████▉   | 11/16 [00:17<00:07,  1.58s/it] 75%|███████▌  | 12/16 [00:18<00:06,  1.51s/it] 81%|████████▏ | 13/16 [00:18<00:04,  1.44s/it] 88%|████████▊ | 14/16 [00:19<00:02,  1.39s/it] 94%|█████████▍| 15/16 [00:20<00:01,  1.36s/it]100%|██████████| 16/16 [00:20<00:00,  1.28s/it]
INFO:nli-debug-cli.py:Number of examples: 1924
INFO:nli-debug-cli.py:Accuracy: 0.7625
INFO:nli-debug-cli.py:(S1 contradicts S2) XOR (S2 contradicts S1): 82
INFO:nli-debug-cli.py:(S1 contradicts S2): 673
INFO:nli-debug-cli.py:(S1 contradicts S2) AND NOT(S2 contradicts S1): 41 (0.0609)
INFO:nli-debug-cli.py:(S1 entailment S2): 230
INFO:nli-debug-cli.py:(S1 entailment S2) AND (S2 contradicts S1): 8 (0.0348)
INFO:nli-debug-cli.py:(S1 neutral S2): 673
INFO:nli-debug-cli.py:(S1 neutral S2) AND (S2 contradicts S1): 33 (0.0490)
INFO:nli-debug-cli.py:(True): 3848 [1924 + 1924]
INFO:nli-debug-cli.py:(True) AND NOT(S1 entails S1): 6 [3 + 3] (0.0016)
