INFO:root:discriminator/aggregate/transform_aggregate/fully_connected/biases:0 ((200,)): 200 params
INFO:root:discriminator/aggregate/transform_aggregate/fully_connected_1/weights:0 ((200, 200)): 40000 params
INFO:root:discriminator/aggregate/transform_aggregate/fully_connected_1/biases:0 ((200,)): 200 params
INFO:root:discriminator/aggregate/fully_connected/weights:0 ((200, 3)): 600 params
INFO:root:discriminator/aggregate/fully_connected/biases:0 ((3,)): 3 params
INFO:nli-debug-cli.py:Total Trainable Discriminator Parameters: 6408803
INFO:tensorflow:Restoring parameters from models/snli/dam_1/acl/batch_dsearch_reg_v8_01/dam_1_01_12
INFO:tensorflow:Restoring parameters from models/snli/dam_1/acl/batch_dsearch_reg_v8_01/dam_1_01_12
  0%|          | 0/16 [00:00<?, ?it/s]  6%|▋         | 1/16 [00:03<00:45,  3.01s/it] 12%|█▎        | 2/16 [00:04<00:31,  2.22s/it] 19%|█▉        | 3/16 [00:05<00:23,  1.80s/it] 25%|██▌       | 4/16 [00:06<00:18,  1.51s/it] 31%|███▏      | 5/16 [00:06<00:14,  1.33s/it] 38%|███▊      | 6/16 [00:07<00:11,  1.20s/it] 44%|████▍     | 7/16 [00:08<00:10,  1.17s/it] 50%|█████     | 8/16 [00:08<00:08,  1.11s/it] 56%|█████▋    | 9/16 [00:09<00:07,  1.06s/it] 62%|██████▎   | 10/16 [00:10<00:06,  1.01s/it] 69%|██████▉   | 11/16 [00:10<00:04,  1.04it/s] 75%|███████▌  | 12/16 [00:11<00:03,  1.08it/s] 81%|████████▏ | 13/16 [00:11<00:02,  1.09it/s] 88%|████████▊ | 14/16 [00:12<00:01,  1.09it/s] 94%|█████████▍| 15/16 [00:13<00:00,  1.10it/s]100%|██████████| 16/16 [00:13<00:00,  1.15it/s]
INFO:nli-debug-cli.py:Number of examples: 1930
INFO:nli-debug-cli.py:Accuracy: 0.6544
INFO:nli-debug-cli.py:(S1 contradicts S2) XOR (S2 contradicts S1): 92
INFO:nli-debug-cli.py:(S1 contradicts S2): 612
INFO:nli-debug-cli.py:(S1 contradicts S2) AND NOT(S2 contradicts S1): 46 (0.0752)
INFO:nli-debug-cli.py:(S1 entailment S2): 225
INFO:nli-debug-cli.py:(S1 entailment S2) AND (S2 contradicts S1): 4 (0.0178)
INFO:nli-debug-cli.py:(S1 neutral S2): 612
INFO:nli-debug-cli.py:(S1 neutral S2) AND (S2 contradicts S1): 42 (0.0686)
INFO:nli-debug-cli.py:(True): 3860 [1930 + 1930]
INFO:nli-debug-cli.py:(True) AND NOT(S1 entails S1): 6 [3 + 3] (0.0016)
