INFO:root:discriminator/aggregate/transform_aggregate/fully_connected/biases:0 ((200,)): 200 params
INFO:root:discriminator/aggregate/transform_aggregate/fully_connected_1/weights:0 ((200, 200)): 40000 params
INFO:root:discriminator/aggregate/transform_aggregate/fully_connected_1/biases:0 ((200,)): 200 params
INFO:root:discriminator/aggregate/fully_connected/weights:0 ((200, 3)): 600 params
INFO:root:discriminator/aggregate/fully_connected/biases:0 ((3,)): 3 params
INFO:nli-debug-cli.py:Total Trainable Discriminator Parameters: 6408803
INFO:tensorflow:Restoring parameters from models/snli/dam_1/acl/batch_dsearch_reg_v8_01/dam_1_01_15
INFO:tensorflow:Restoring parameters from models/snli/dam_1/acl/batch_dsearch_reg_v8_01/dam_1_01_15
  0%|          | 0/16 [00:00<?, ?it/s]  6%|▋         | 1/16 [00:01<00:21,  1.41s/it] 12%|█▎        | 2/16 [00:02<00:15,  1.10s/it] 19%|█▉        | 3/16 [00:02<00:11,  1.09it/s] 25%|██▌       | 4/16 [00:03<00:09,  1.21it/s] 31%|███▏      | 5/16 [00:03<00:08,  1.31it/s] 38%|███▊      | 6/16 [00:04<00:07,  1.35it/s] 44%|████▍     | 7/16 [00:05<00:06,  1.33it/s] 50%|█████     | 8/16 [00:05<00:05,  1.38it/s] 56%|█████▋    | 9/16 [00:06<00:04,  1.41it/s] 62%|██████▎   | 10/16 [00:06<00:04,  1.47it/s] 69%|██████▉   | 11/16 [00:07<00:03,  1.54it/s] 75%|███████▌  | 12/16 [00:08<00:02,  1.49it/s] 81%|████████▏ | 13/16 [00:08<00:02,  1.46it/s] 88%|████████▊ | 14/16 [00:09<00:01,  1.45it/s] 94%|█████████▍| 15/16 [00:10<00:00,  1.46it/s]100%|██████████| 16/16 [00:10<00:00,  1.55it/s]
INFO:nli-debug-cli.py:Number of examples: 1928
INFO:nli-debug-cli.py:Accuracy: 0.5700
INFO:nli-debug-cli.py:(S1 contradicts S2) XOR (S2 contradicts S1): 106
INFO:nli-debug-cli.py:(S1 contradicts S2): 55
INFO:nli-debug-cli.py:(S1 contradicts S2) AND NOT(S2 contradicts S1): 53 (0.9636)
INFO:nli-debug-cli.py:(S1 entailment S2): 303
INFO:nli-debug-cli.py:(S1 entailment S2) AND (S2 contradicts S1): 5 (0.0165)
INFO:nli-debug-cli.py:(S1 neutral S2): 55
INFO:nli-debug-cli.py:(S1 neutral S2) AND (S2 contradicts S1): 48 (0.8727)
INFO:nli-debug-cli.py:(True): 3856 [1928 + 1928]
INFO:nli-debug-cli.py:(True) AND NOT(S1 entails S1): 6 [3 + 3] (0.0016)
