INFO:root:discriminator/aggregate/transform_aggregate/fully_connected/biases:0 ((200,)): 200 params
INFO:root:discriminator/aggregate/transform_aggregate/fully_connected_1/weights:0 ((200, 200)): 40000 params
INFO:root:discriminator/aggregate/transform_aggregate/fully_connected_1/biases:0 ((200,)): 200 params
INFO:root:discriminator/aggregate/fully_connected/weights:0 ((200, 3)): 600 params
INFO:root:discriminator/aggregate/fully_connected/biases:0 ((3,)): 3 params
INFO:nli-debug-cli.py:Total Trainable Discriminator Parameters: 6408803
INFO:tensorflow:Restoring parameters from models/snli/dam_1/acl/batch_dsearch_reg_v8_01/dam_1_01_15
INFO:tensorflow:Restoring parameters from models/snli/dam_1/acl/batch_dsearch_reg_v8_01/dam_1_01_15
  0%|          | 0/16 [00:00<?, ?it/s]  6%|▋         | 1/16 [00:06<01:40,  6.73s/it] 12%|█▎        | 2/16 [00:07<00:54,  3.89s/it] 19%|█▉        | 3/16 [00:09<00:41,  3.22s/it] 25%|██▌       | 4/16 [00:10<00:32,  2.71s/it] 31%|███▏      | 5/16 [00:12<00:26,  2.45s/it] 38%|███▊      | 6/16 [00:13<00:22,  2.25s/it] 44%|████▍     | 7/16 [00:14<00:18,  2.09s/it] 50%|█████     | 8/16 [00:15<00:15,  1.98s/it] 56%|█████▋    | 9/16 [00:16<00:13,  1.87s/it] 62%|██████▎   | 10/16 [00:18<00:10,  1.82s/it] 69%|██████▉   | 11/16 [00:19<00:08,  1.74s/it] 75%|███████▌  | 12/16 [00:20<00:06,  1.67s/it] 81%|████████▏ | 13/16 [00:20<00:04,  1.61s/it] 88%|████████▊ | 14/16 [00:22<00:03,  1.58s/it] 94%|█████████▍| 15/16 [00:23<00:01,  1.56s/it]100%|██████████| 16/16 [00:23<00:00,  1.46s/it]
INFO:nli-debug-cli.py:Number of examples: 1924
INFO:nli-debug-cli.py:Accuracy: 0.5910
INFO:nli-debug-cli.py:(S1 contradicts S2) XOR (S2 contradicts S1): 104
INFO:nli-debug-cli.py:(S1 contradicts S2): 54
INFO:nli-debug-cli.py:(S1 contradicts S2) AND NOT(S2 contradicts S1): 52 (0.9630)
INFO:nli-debug-cli.py:(S1 entailment S2): 315
INFO:nli-debug-cli.py:(S1 entailment S2) AND (S2 contradicts S1): 5 (0.0159)
INFO:nli-debug-cli.py:(S1 neutral S2): 54
INFO:nli-debug-cli.py:(S1 neutral S2) AND (S2 contradicts S1): 47 (0.8704)
INFO:nli-debug-cli.py:(True): 3848 [1924 + 1924]
INFO:nli-debug-cli.py:(True) AND NOT(S1 entails S1): 2 [1 + 1] (0.0005)
