INFO:root:discriminator/aggregate/transform_aggregate/fully_connected/biases:0 ((200,)): 200 params
INFO:root:discriminator/aggregate/transform_aggregate/fully_connected_1/weights:0 ((200, 200)): 40000 params
INFO:root:discriminator/aggregate/transform_aggregate/fully_connected_1/biases:0 ((200,)): 200 params
INFO:root:discriminator/aggregate/fully_connected/weights:0 ((200, 3)): 600 params
INFO:root:discriminator/aggregate/fully_connected/biases:0 ((3,)): 3 params
INFO:nli-debug-cli.py:Total Trainable Discriminator Parameters: 6408803
INFO:tensorflow:Restoring parameters from models/snli/dam_1/acl/batch_dsearch_reg_v2_01/dam_1_01_3
INFO:tensorflow:Restoring parameters from models/snli/dam_1/acl/batch_dsearch_reg_v2_01/dam_1_01_3
  0%|          | 0/8 [00:00<?, ?it/s] 12%|█▎        | 1/8 [00:04<00:31,  4.52s/it] 25%|██▌       | 2/8 [00:05<00:17,  2.90s/it] 38%|███▊      | 3/8 [00:08<00:13,  2.68s/it] 50%|█████     | 4/8 [00:09<00:09,  2.36s/it] 62%|██████▎   | 5/8 [00:11<00:06,  2.24s/it] 75%|███████▌  | 6/8 [00:14<00:04,  2.34s/it] 88%|████████▊ | 7/8 [00:16<00:02,  2.30s/it]100%|██████████| 8/8 [00:17<00:00,  2.13s/it]
INFO:nli-debug-cli.py:Number of examples: 964
INFO:nli-debug-cli.py:Accuracy: 0.5394
INFO:nli-debug-cli.py:(S1 contradicts S2) XOR (S2 contradicts S1): 672
INFO:nli-debug-cli.py:(S1 contradicts S2): 450
INFO:nli-debug-cli.py:(S1 contradicts S2) AND NOT(S2 contradicts S1): 336 (0.7467)
INFO:nli-debug-cli.py:(S1 entailment S2): 132
INFO:nli-debug-cli.py:(S1 entailment S2) AND (S2 contradicts S1): 78 (0.5909)
INFO:nli-debug-cli.py:(S1 neutral S2): 450
INFO:nli-debug-cli.py:(S1 neutral S2) AND (S2 contradicts S1): 258 (0.5733)
INFO:nli-debug-cli.py:(True): 1928 [964 + 964]
INFO:nli-debug-cli.py:(True) AND NOT(S1 entails S1): 2 [1 + 1] (0.0010)
