INFO:root:discriminator/aggregate/transform_aggregate/fully_connected/biases:0 ((200,)): 200 params
INFO:root:discriminator/aggregate/transform_aggregate/fully_connected_1/weights:0 ((200, 200)): 40000 params
INFO:root:discriminator/aggregate/transform_aggregate/fully_connected_1/biases:0 ((200,)): 200 params
INFO:root:discriminator/aggregate/fully_connected/weights:0 ((200, 3)): 600 params
INFO:root:discriminator/aggregate/fully_connected/biases:0 ((3,)): 3 params
INFO:nli-debug-cli.py:Total Trainable Discriminator Parameters: 6408803
INFO:tensorflow:Restoring parameters from models/snli/dam_1/acl/batch_dsearch_reg_v2_01/dam_1_01_3
INFO:tensorflow:Restoring parameters from models/snli/dam_1/acl/batch_dsearch_reg_v2_01/dam_1_01_3
  0%|          | 0/16 [00:00<?, ?it/s]  6%|▋         | 1/16 [00:03<00:49,  3.27s/it] 12%|█▎        | 2/16 [00:04<00:28,  2.02s/it] 19%|█▉        | 3/16 [00:05<00:23,  1.78s/it] 25%|██▌       | 4/16 [00:06<00:18,  1.58s/it] 31%|███▏      | 5/16 [00:07<00:16,  1.52s/it] 38%|███▊      | 6/16 [00:08<00:14,  1.46s/it] 44%|████▍     | 7/16 [00:10<00:13,  1.45s/it] 50%|█████     | 8/16 [00:11<00:11,  1.39s/it] 56%|█████▋    | 9/16 [00:12<00:09,  1.36s/it] 62%|██████▎   | 10/16 [00:13<00:07,  1.32s/it] 69%|██████▉   | 11/16 [00:13<00:06,  1.27s/it] 75%|███████▌  | 12/16 [00:14<00:04,  1.24s/it] 81%|████████▏ | 13/16 [00:15<00:03,  1.22s/it] 88%|████████▊ | 14/16 [00:16<00:02,  1.20s/it] 94%|█████████▍| 15/16 [00:17<00:01,  1.20s/it]100%|██████████| 16/16 [00:17<00:00,  1.12s/it]
INFO:nli-debug-cli.py:Number of examples: 1924
INFO:nli-debug-cli.py:Accuracy: 0.5712
INFO:nli-debug-cli.py:(S1 contradicts S2) XOR (S2 contradicts S1): 1166
INFO:nli-debug-cli.py:(S1 contradicts S2): 923
INFO:nli-debug-cli.py:(S1 contradicts S2) AND NOT(S2 contradicts S1): 583 (0.6316)
INFO:nli-debug-cli.py:(S1 entailment S2): 252
INFO:nli-debug-cli.py:(S1 entailment S2) AND (S2 contradicts S1): 135 (0.5357)
INFO:nli-debug-cli.py:(S1 neutral S2): 923
INFO:nli-debug-cli.py:(S1 neutral S2) AND (S2 contradicts S1): 448 (0.4854)
INFO:nli-debug-cli.py:(True): 3848 [1924 + 1924]
INFO:nli-debug-cli.py:(True) AND NOT(S1 entails S1): 2 [1 + 1] (0.0005)
