INFO:root:discriminator/aggregate/transform_aggregate/fully_connected/biases:0 ((200,)): 200 params
INFO:root:discriminator/aggregate/transform_aggregate/fully_connected_1/weights:0 ((200, 200)): 40000 params
INFO:root:discriminator/aggregate/transform_aggregate/fully_connected_1/biases:0 ((200,)): 200 params
INFO:root:discriminator/aggregate/fully_connected/weights:0 ((200, 3)): 600 params
INFO:root:discriminator/aggregate/fully_connected/biases:0 ((3,)): 3 params
INFO:nli-debug-cli.py:Total Trainable Discriminator Parameters: 6408803
INFO:tensorflow:Restoring parameters from models/snli/dam_1/acl/batch_dsearch_reg_v2_01/dam_1_01_6
INFO:tensorflow:Restoring parameters from models/snli/dam_1/acl/batch_dsearch_reg_v2_01/dam_1_01_6
  0%|          | 0/16 [00:00<?, ?it/s]  6%|▋         | 1/16 [00:04<01:12,  4.82s/it] 12%|█▎        | 2/16 [00:05<00:39,  2.83s/it] 19%|█▉        | 3/16 [00:06<00:27,  2.13s/it] 25%|██▌       | 4/16 [00:07<00:21,  1.79s/it] 31%|███▏      | 5/16 [00:07<00:17,  1.59s/it] 38%|███▊      | 6/16 [00:09<00:15,  1.55s/it] 44%|████▍     | 7/16 [00:10<00:13,  1.49s/it] 50%|█████     | 8/16 [00:11<00:11,  1.38s/it] 56%|█████▋    | 9/16 [00:11<00:09,  1.30s/it] 62%|██████▎   | 10/16 [00:12<00:07,  1.24s/it] 69%|██████▉   | 11/16 [00:12<00:05,  1.18s/it] 75%|███████▌  | 12/16 [00:14<00:04,  1.17s/it] 81%|████████▏ | 13/16 [00:15<00:03,  1.15s/it] 88%|████████▊ | 14/16 [00:15<00:02,  1.12s/it] 94%|█████████▍| 15/16 [00:16<00:01,  1.09s/it]100%|██████████| 16/16 [00:16<00:00,  1.02s/it]
INFO:nli-debug-cli.py:Number of examples: 1928
INFO:nli-debug-cli.py:Accuracy: 0.5513
INFO:nli-debug-cli.py:(S1 contradicts S2) XOR (S2 contradicts S1): 1154
INFO:nli-debug-cli.py:(S1 contradicts S2): 985
INFO:nli-debug-cli.py:(S1 contradicts S2) AND NOT(S2 contradicts S1): 577 (0.5858)
INFO:nli-debug-cli.py:(S1 entailment S2): 244
INFO:nli-debug-cli.py:(S1 entailment S2) AND (S2 contradicts S1): 145 (0.5943)
INFO:nli-debug-cli.py:(S1 neutral S2): 985
INFO:nli-debug-cli.py:(S1 neutral S2) AND (S2 contradicts S1): 432 (0.4386)
INFO:nli-debug-cli.py:(True): 3856 [1928 + 1928]
INFO:nli-debug-cli.py:(True) AND NOT(S1 entails S1): 4 [2 + 2] (0.0010)
