INFO:root:discriminator/aggregate/transform_aggregate/fully_connected/biases:0 ((200,)): 200 params
INFO:root:discriminator/aggregate/transform_aggregate/fully_connected_1/weights:0 ((200, 200)): 40000 params
INFO:root:discriminator/aggregate/transform_aggregate/fully_connected_1/biases:0 ((200,)): 200 params
INFO:root:discriminator/aggregate/fully_connected/weights:0 ((200, 3)): 600 params
INFO:root:discriminator/aggregate/fully_connected/biases:0 ((3,)): 3 params
INFO:nli-debug-cli.py:Total Trainable Discriminator Parameters: 6408803
INFO:tensorflow:Restoring parameters from models/snli/dam_1/acl/batch_dsearch_reg_v2_01/dam_1_01_9
INFO:tensorflow:Restoring parameters from models/snli/dam_1/acl/batch_dsearch_reg_v2_01/dam_1_01_9
  0%|          | 0/16 [00:00<?, ?it/s]  6%|▋         | 1/16 [00:02<00:44,  2.98s/it] 12%|█▎        | 2/16 [00:04<00:29,  2.07s/it] 19%|█▉        | 3/16 [00:04<00:20,  1.57s/it] 25%|██▌       | 4/16 [00:05<00:15,  1.32s/it] 31%|███▏      | 5/16 [00:06<00:13,  1.21s/it] 38%|███▊      | 6/16 [00:07<00:11,  1.17s/it] 44%|████▍     | 7/16 [00:08<00:11,  1.23s/it] 50%|█████     | 8/16 [00:09<00:09,  1.22s/it] 56%|█████▋    | 9/16 [00:10<00:08,  1.19s/it] 62%|██████▎   | 10/16 [00:11<00:07,  1.17s/it] 69%|██████▉   | 11/16 [00:12<00:05,  1.13s/it] 75%|███████▌  | 12/16 [00:13<00:04,  1.11s/it] 81%|████████▏ | 13/16 [00:13<00:03,  1.08s/it] 88%|████████▊ | 14/16 [00:14<00:02,  1.05s/it] 94%|█████████▍| 15/16 [00:15<00:01,  1.05s/it]100%|██████████| 16/16 [00:15<00:00,  1.01it/s]
INFO:nli-debug-cli.py:Number of examples: 1930
INFO:nli-debug-cli.py:Accuracy: 0.5575
INFO:nli-debug-cli.py:(S1 contradicts S2) XOR (S2 contradicts S1): 930
INFO:nli-debug-cli.py:(S1 contradicts S2): 1041
INFO:nli-debug-cli.py:(S1 contradicts S2) AND NOT(S2 contradicts S1): 465 (0.4467)
INFO:nli-debug-cli.py:(S1 entailment S2): 245
INFO:nli-debug-cli.py:(S1 entailment S2) AND (S2 contradicts S1): 117 (0.4776)
INFO:nli-debug-cli.py:(S1 neutral S2): 1041
INFO:nli-debug-cli.py:(S1 neutral S2) AND (S2 contradicts S1): 348 (0.3343)
INFO:nli-debug-cli.py:(True): 3860 [1930 + 1930]
INFO:nli-debug-cli.py:(True) AND NOT(S1 entails S1): 12 [6 + 6] (0.0031)
