INFO:root:discriminator/aggregate/transform_aggregate/fully_connected/biases:0 ((200,)): 200 params
INFO:root:discriminator/aggregate/transform_aggregate/fully_connected_1/weights:0 ((200, 200)): 40000 params
INFO:root:discriminator/aggregate/transform_aggregate/fully_connected_1/biases:0 ((200,)): 200 params
INFO:root:discriminator/aggregate/fully_connected/weights:0 ((200, 3)): 600 params
INFO:root:discriminator/aggregate/fully_connected/biases:0 ((3,)): 3 params
INFO:nli-debug-cli.py:Total Trainable Discriminator Parameters: 6408803
INFO:tensorflow:Restoring parameters from models/snli/dam_1/acl/batch_dsearch_reg_v2_01/dam_1_01_12
INFO:tensorflow:Restoring parameters from models/snli/dam_1/acl/batch_dsearch_reg_v2_01/dam_1_01_12
  0%|          | 0/8 [00:00<?, ?it/s] 12%|█▎        | 1/8 [00:02<00:19,  2.74s/it] 25%|██▌       | 2/8 [00:03<00:11,  1.91s/it] 38%|███▊      | 3/8 [00:04<00:07,  1.48s/it] 50%|█████     | 4/8 [00:04<00:04,  1.24s/it] 62%|██████▎   | 5/8 [00:05<00:03,  1.17s/it] 75%|███████▌  | 6/8 [00:06<00:02,  1.06s/it] 88%|████████▊ | 7/8 [00:07<00:01,  1.03s/it]100%|██████████| 8/8 [00:07<00:00,  1.03it/s]
INFO:nli-debug-cli.py:Number of examples: 960
INFO:nli-debug-cli.py:Accuracy: 0.6125
INFO:nli-debug-cli.py:(S1 contradicts S2) XOR (S2 contradicts S1): 438
INFO:nli-debug-cli.py:(S1 contradicts S2): 563
INFO:nli-debug-cli.py:(S1 contradicts S2) AND NOT(S2 contradicts S1): 219 (0.3890)
INFO:nli-debug-cli.py:(S1 entailment S2): 100
INFO:nli-debug-cli.py:(S1 entailment S2) AND (S2 contradicts S1): 55 (0.5500)
INFO:nli-debug-cli.py:(S1 neutral S2): 563
INFO:nli-debug-cli.py:(S1 neutral S2) AND (S2 contradicts S1): 164 (0.2913)
INFO:nli-debug-cli.py:(True): 1920 [960 + 960]
INFO:nli-debug-cli.py:(True) AND NOT(S1 entails S1): 8 [4 + 4] (0.0042)
