INFO:root:discriminator/aggregate/transform_aggregate/fully_connected/biases:0 ((200,)): 200 params
INFO:root:discriminator/aggregate/transform_aggregate/fully_connected_1/weights:0 ((200, 200)): 40000 params
INFO:root:discriminator/aggregate/transform_aggregate/fully_connected_1/biases:0 ((200,)): 200 params
INFO:root:discriminator/aggregate/fully_connected/weights:0 ((200, 3)): 600 params
INFO:root:discriminator/aggregate/fully_connected/biases:0 ((3,)): 3 params
INFO:nli-debug-cli.py:Total Trainable Discriminator Parameters: 6408803
INFO:tensorflow:Restoring parameters from models/snli/dam_1/acl/batch_dsearch_reg_v2_01/dam_1_01_15
INFO:tensorflow:Restoring parameters from models/snli/dam_1/acl/batch_dsearch_reg_v2_01/dam_1_01_15
  0%|          | 0/8 [00:00<?, ?it/s] 12%|█▎        | 1/8 [00:04<00:29,  4.20s/it] 25%|██▌       | 2/8 [00:04<00:14,  2.44s/it] 38%|███▊      | 3/8 [00:05<00:09,  1.91s/it] 50%|█████     | 4/8 [00:06<00:06,  1.65s/it] 62%|██████▎   | 5/8 [00:07<00:04,  1.49s/it] 75%|███████▌  | 6/8 [00:08<00:02,  1.43s/it] 88%|████████▊ | 7/8 [00:09<00:01,  1.39s/it]100%|██████████| 8/8 [00:10<00:00,  1.28s/it]
INFO:nli-debug-cli.py:Number of examples: 964
INFO:nli-debug-cli.py:Accuracy: 0.5602
INFO:nli-debug-cli.py:(S1 contradicts S2) XOR (S2 contradicts S1): 484
INFO:nli-debug-cli.py:(S1 contradicts S2): 434
INFO:nli-debug-cli.py:(S1 contradicts S2) AND NOT(S2 contradicts S1): 242 (0.5576)
INFO:nli-debug-cli.py:(S1 entailment S2): 100
INFO:nli-debug-cli.py:(S1 entailment S2) AND (S2 contradicts S1): 59 (0.5900)
INFO:nli-debug-cli.py:(S1 neutral S2): 434
INFO:nli-debug-cli.py:(S1 neutral S2) AND (S2 contradicts S1): 183 (0.4217)
INFO:nli-debug-cli.py:(True): 1928 [964 + 964]
INFO:nli-debug-cli.py:(True) AND NOT(S1 entails S1): 0 [0 + 0] (0.0000)
