INFO:root:discriminator/aggregate/transform_aggregate/fully_connected/biases:0 ((200,)): 200 params
INFO:root:discriminator/aggregate/transform_aggregate/fully_connected_1/weights:0 ((200, 200)): 40000 params
INFO:root:discriminator/aggregate/transform_aggregate/fully_connected_1/biases:0 ((200,)): 200 params
INFO:root:discriminator/aggregate/fully_connected/weights:0 ((200, 3)): 600 params
INFO:root:discriminator/aggregate/fully_connected/biases:0 ((3,)): 3 params
INFO:nli-debug-cli.py:Total Trainable Discriminator Parameters: 6408803
INFO:tensorflow:Restoring parameters from models/snli/dam_1/acl/batch_dsearch_reg_v2_01/dam_1_01_15
INFO:tensorflow:Restoring parameters from models/snli/dam_1/acl/batch_dsearch_reg_v2_01/dam_1_01_15
  0%|          | 0/8 [00:00<?, ?it/s] 12%|█▎        | 1/8 [00:04<00:32,  4.71s/it] 25%|██▌       | 2/8 [00:05<00:17,  2.96s/it] 38%|███▊      | 3/8 [00:07<00:13,  2.66s/it] 50%|█████     | 4/8 [00:09<00:09,  2.35s/it] 62%|██████▎   | 5/8 [00:11<00:06,  2.28s/it] 75%|███████▌  | 6/8 [00:13<00:04,  2.30s/it] 88%|████████▊ | 7/8 [00:14<00:02,  2.12s/it]100%|██████████| 8/8 [00:15<00:00,  1.94s/it]
INFO:nli-debug-cli.py:Number of examples: 964
INFO:nli-debug-cli.py:Accuracy: 0.5581
INFO:nli-debug-cli.py:(S1 contradicts S2) XOR (S2 contradicts S1): 562
INFO:nli-debug-cli.py:(S1 contradicts S2): 477
INFO:nli-debug-cli.py:(S1 contradicts S2) AND NOT(S2 contradicts S1): 281 (0.5891)
INFO:nli-debug-cli.py:(S1 entailment S2): 124
INFO:nli-debug-cli.py:(S1 entailment S2) AND (S2 contradicts S1): 87 (0.7016)
INFO:nli-debug-cli.py:(S1 neutral S2): 477
INFO:nli-debug-cli.py:(S1 neutral S2) AND (S2 contradicts S1): 194 (0.4067)
INFO:nli-debug-cli.py:(True): 1928 [964 + 964]
INFO:nli-debug-cli.py:(True) AND NOT(S1 entails S1): 2 [1 + 1] (0.0010)
