INFO:root:discriminator/aggregate/transform_aggregate/fully_connected/biases:0 ((200,)): 200 params
INFO:root:discriminator/aggregate/transform_aggregate/fully_connected_1/weights:0 ((200, 200)): 40000 params
INFO:root:discriminator/aggregate/transform_aggregate/fully_connected_1/biases:0 ((200,)): 200 params
INFO:root:discriminator/aggregate/fully_connected/weights:0 ((200, 3)): 600 params
INFO:root:discriminator/aggregate/fully_connected/biases:0 ((3,)): 3 params
INFO:nli-debug-cli.py:Total Trainable Discriminator Parameters: 6408803
INFO:tensorflow:Restoring parameters from models/snli/dam_1/acl/batch_dsearch_reg_v4_01/dam_1_01_0
INFO:tensorflow:Restoring parameters from models/snli/dam_1/acl/batch_dsearch_reg_v4_01/dam_1_01_0
  0%|          | 0/8 [00:00<?, ?it/s] 12%|█▎        | 1/8 [00:05<00:41,  5.93s/it] 25%|██▌       | 2/8 [00:07<00:21,  3.65s/it] 38%|███▊      | 3/8 [00:09<00:15,  3.11s/it] 50%|█████     | 4/8 [00:10<00:10,  2.64s/it] 62%|██████▎   | 5/8 [00:12<00:07,  2.43s/it] 75%|███████▌  | 6/8 [00:14<00:04,  2.42s/it] 88%|████████▊ | 7/8 [00:16<00:02,  2.33s/it]100%|██████████| 8/8 [00:17<00:00,  2.14s/it]
INFO:nli-debug-cli.py:Number of examples: 964
INFO:nli-debug-cli.py:Accuracy: 0.5488
INFO:nli-debug-cli.py:(S1 contradicts S2) XOR (S2 contradicts S1): 644
INFO:nli-debug-cli.py:(S1 contradicts S2): 420
INFO:nli-debug-cli.py:(S1 contradicts S2) AND NOT(S2 contradicts S1): 322 (0.7667)
INFO:nli-debug-cli.py:(S1 entailment S2): 133
INFO:nli-debug-cli.py:(S1 entailment S2) AND (S2 contradicts S1): 68 (0.5113)
INFO:nli-debug-cli.py:(S1 neutral S2): 420
INFO:nli-debug-cli.py:(S1 neutral S2) AND (S2 contradicts S1): 254 (0.6048)
INFO:nli-debug-cli.py:(True): 1928 [964 + 964]
INFO:nli-debug-cli.py:(True) AND NOT(S1 entails S1): 4 [2 + 2] (0.0021)
