INFO:root:discriminator/aggregate/transform_aggregate/fully_connected/biases:0 ((200,)): 200 params
INFO:root:discriminator/aggregate/transform_aggregate/fully_connected_1/weights:0 ((200, 200)): 40000 params
INFO:root:discriminator/aggregate/transform_aggregate/fully_connected_1/biases:0 ((200,)): 200 params
INFO:root:discriminator/aggregate/fully_connected/weights:0 ((200, 3)): 600 params
INFO:root:discriminator/aggregate/fully_connected/biases:0 ((3,)): 3 params
INFO:nli-debug-cli.py:Total Trainable Discriminator Parameters: 6408803
INFO:tensorflow:Restoring parameters from models/snli/dam_1/acl/batch_dsearch_reg_v4_01/dam_1_01_0
INFO:tensorflow:Restoring parameters from models/snli/dam_1/acl/batch_dsearch_reg_v4_01/dam_1_01_0
  0%|          | 0/8 [00:00<?, ?it/s] 12%|█▎        | 1/8 [00:03<00:24,  3.53s/it] 25%|██▌       | 2/8 [00:05<00:15,  2.52s/it] 38%|███▊      | 3/8 [00:06<00:10,  2.09s/it] 50%|█████     | 4/8 [00:07<00:07,  1.85s/it] 62%|██████▎   | 5/8 [00:08<00:05,  1.76s/it] 75%|███████▌  | 6/8 [00:10<00:03,  1.67s/it] 88%|████████▊ | 7/8 [00:11<00:01,  1.71s/it]100%|██████████| 8/8 [00:12<00:00,  1.62s/it]
INFO:nli-debug-cli.py:Number of examples: 960
INFO:nli-debug-cli.py:Accuracy: 0.5708
INFO:nli-debug-cli.py:(S1 contradicts S2) XOR (S2 contradicts S1): 490
INFO:nli-debug-cli.py:(S1 contradicts S2): 415
INFO:nli-debug-cli.py:(S1 contradicts S2) AND NOT(S2 contradicts S1): 245 (0.5904)
INFO:nli-debug-cli.py:(S1 entailment S2): 118
INFO:nli-debug-cli.py:(S1 entailment S2) AND (S2 contradicts S1): 51 (0.4322)
INFO:nli-debug-cli.py:(S1 neutral S2): 415
INFO:nli-debug-cli.py:(S1 neutral S2) AND (S2 contradicts S1): 194 (0.4675)
INFO:nli-debug-cli.py:(True): 1920 [960 + 960]
INFO:nli-debug-cli.py:(True) AND NOT(S1 entails S1): 2 [1 + 1] (0.0010)
