INFO:root:discriminator/aggregate/transform_aggregate/fully_connected/biases:0 ((200,)): 200 params
INFO:root:discriminator/aggregate/transform_aggregate/fully_connected_1/weights:0 ((200, 200)): 40000 params
INFO:root:discriminator/aggregate/transform_aggregate/fully_connected_1/biases:0 ((200,)): 200 params
INFO:root:discriminator/aggregate/fully_connected/weights:0 ((200, 3)): 600 params
INFO:root:discriminator/aggregate/fully_connected/biases:0 ((3,)): 3 params
INFO:nli-debug-cli.py:Total Trainable Discriminator Parameters: 6408803
INFO:tensorflow:Restoring parameters from models/snli/dam_1/acl/batch_dsearch_reg_v4_01/dam_1_01_3
INFO:tensorflow:Restoring parameters from models/snli/dam_1/acl/batch_dsearch_reg_v4_01/dam_1_01_3
  0%|          | 0/8 [00:00<?, ?it/s] 12%|█▎        | 1/8 [00:04<00:28,  4.01s/it] 25%|██▌       | 2/8 [00:05<00:15,  2.65s/it] 38%|███▊      | 3/8 [00:07<00:12,  2.50s/it] 50%|█████     | 4/8 [00:09<00:09,  2.26s/it] 62%|██████▎   | 5/8 [00:10<00:06,  2.20s/it] 75%|███████▌  | 6/8 [00:13<00:04,  2.20s/it] 88%|████████▊ | 7/8 [00:14<00:02,  2.07s/it]100%|██████████| 8/8 [00:14<00:00,  1.87s/it]
INFO:nli-debug-cli.py:Number of examples: 964
INFO:nli-debug-cli.py:Accuracy: 0.5778
INFO:nli-debug-cli.py:(S1 contradicts S2) XOR (S2 contradicts S1): 576
INFO:nli-debug-cli.py:(S1 contradicts S2): 386
INFO:nli-debug-cli.py:(S1 contradicts S2) AND NOT(S2 contradicts S1): 288 (0.7461)
INFO:nli-debug-cli.py:(S1 entailment S2): 134
INFO:nli-debug-cli.py:(S1 entailment S2) AND (S2 contradicts S1): 58 (0.4328)
INFO:nli-debug-cli.py:(S1 neutral S2): 386
INFO:nli-debug-cli.py:(S1 neutral S2) AND (S2 contradicts S1): 230 (0.5959)
INFO:nli-debug-cli.py:(True): 1928 [964 + 964]
INFO:nli-debug-cli.py:(True) AND NOT(S1 entails S1): 2 [1 + 1] (0.0010)
