INFO:root:discriminator/aggregate/transform_aggregate/fully_connected/biases:0 ((200,)): 200 params
INFO:root:discriminator/aggregate/transform_aggregate/fully_connected_1/weights:0 ((200, 200)): 40000 params
INFO:root:discriminator/aggregate/transform_aggregate/fully_connected_1/biases:0 ((200,)): 200 params
INFO:root:discriminator/aggregate/fully_connected/weights:0 ((200, 3)): 600 params
INFO:root:discriminator/aggregate/fully_connected/biases:0 ((3,)): 3 params
INFO:nli-debug-cli.py:Total Trainable Discriminator Parameters: 6408803
INFO:tensorflow:Restoring parameters from models/snli/dam_1/acl/batch_dsearch_reg_v4_01/dam_1_01_3
INFO:tensorflow:Restoring parameters from models/snli/dam_1/acl/batch_dsearch_reg_v4_01/dam_1_01_3
  0%|          | 0/16 [00:00<?, ?it/s]  6%|▋         | 1/16 [00:03<00:51,  3.43s/it] 12%|█▎        | 2/16 [00:05<00:35,  2.55s/it] 19%|█▉        | 3/16 [00:05<00:25,  1.95s/it] 25%|██▌       | 4/16 [00:06<00:19,  1.62s/it] 31%|███▏      | 5/16 [00:07<00:16,  1.52s/it] 38%|███▊      | 6/16 [00:08<00:13,  1.39s/it] 44%|████▍     | 7/16 [00:09<00:12,  1.39s/it] 50%|█████     | 8/16 [00:10<00:10,  1.34s/it] 56%|█████▋    | 9/16 [00:11<00:09,  1.31s/it] 62%|██████▎   | 10/16 [00:12<00:07,  1.24s/it] 69%|██████▉   | 11/16 [00:13<00:05,  1.19s/it] 75%|███████▌  | 12/16 [00:14<00:04,  1.17s/it] 81%|████████▏ | 13/16 [00:14<00:03,  1.15s/it] 88%|████████▊ | 14/16 [00:15<00:02,  1.12s/it] 94%|█████████▍| 15/16 [00:16<00:01,  1.11s/it]100%|██████████| 16/16 [00:16<00:00,  1.04s/it]
INFO:nli-debug-cli.py:Number of examples: 1930
INFO:nli-debug-cli.py:Accuracy: 0.5679
INFO:nli-debug-cli.py:(S1 contradicts S2) XOR (S2 contradicts S1): 790
INFO:nli-debug-cli.py:(S1 contradicts S2): 723
INFO:nli-debug-cli.py:(S1 contradicts S2) AND NOT(S2 contradicts S1): 395 (0.5463)
INFO:nli-debug-cli.py:(S1 entailment S2): 258
INFO:nli-debug-cli.py:(S1 entailment S2) AND (S2 contradicts S1): 66 (0.2558)
INFO:nli-debug-cli.py:(S1 neutral S2): 723
INFO:nli-debug-cli.py:(S1 neutral S2) AND (S2 contradicts S1): 329 (0.4550)
INFO:nli-debug-cli.py:(True): 3860 [1930 + 1930]
INFO:nli-debug-cli.py:(True) AND NOT(S1 entails S1): 8 [4 + 4] (0.0021)
