INFO:root:discriminator/aggregate/transform_aggregate/fully_connected/biases:0 ((200,)): 200 params
INFO:root:discriminator/aggregate/transform_aggregate/fully_connected_1/weights:0 ((200, 200)): 40000 params
INFO:root:discriminator/aggregate/transform_aggregate/fully_connected_1/biases:0 ((200,)): 200 params
INFO:root:discriminator/aggregate/fully_connected/weights:0 ((200, 3)): 600 params
INFO:root:discriminator/aggregate/fully_connected/biases:0 ((3,)): 3 params
INFO:nli-debug-cli.py:Total Trainable Discriminator Parameters: 6408803
INFO:tensorflow:Restoring parameters from models/snli/dam_1/acl/batch_dsearch_reg_v4_01/dam_1_01_6
INFO:tensorflow:Restoring parameters from models/snli/dam_1/acl/batch_dsearch_reg_v4_01/dam_1_01_6
  0%|          | 0/2 [00:00<?, ?it/s] 50%|█████     | 1/2 [00:05<00:05,  5.02s/it]100%|██████████| 2/2 [00:05<00:00,  2.87s/it]
INFO:nli-debug-cli.py:Number of examples: 188
INFO:nli-debug-cli.py:Accuracy: 0.5957
INFO:nli-debug-cli.py:(S1 contradicts S2) XOR (S2 contradicts S1): 102
INFO:nli-debug-cli.py:(S1 contradicts S2): 63
INFO:nli-debug-cli.py:(S1 contradicts S2) AND NOT(S2 contradicts S1): 51 (0.8095)
INFO:nli-debug-cli.py:(S1 entailment S2): 30
INFO:nli-debug-cli.py:(S1 entailment S2) AND (S2 contradicts S1): 17 (0.5667)
INFO:nli-debug-cli.py:(S1 neutral S2): 63
INFO:nli-debug-cli.py:(S1 neutral S2) AND (S2 contradicts S1): 34 (0.5397)
INFO:nli-debug-cli.py:(True): 376 [188 + 188]
INFO:nli-debug-cli.py:(True) AND NOT(S1 entails S1): 0 [0 + 0] (0.0000)
