INFO:root:discriminator/aggregate/transform_aggregate/fully_connected/biases:0 ((200,)): 200 params
INFO:root:discriminator/aggregate/transform_aggregate/fully_connected_1/weights:0 ((200, 200)): 40000 params
INFO:root:discriminator/aggregate/transform_aggregate/fully_connected_1/biases:0 ((200,)): 200 params
INFO:root:discriminator/aggregate/fully_connected/weights:0 ((200, 3)): 600 params
INFO:root:discriminator/aggregate/fully_connected/biases:0 ((3,)): 3 params
INFO:nli-debug-cli.py:Total Trainable Discriminator Parameters: 6408803
INFO:tensorflow:Restoring parameters from models/snli/dam_1/acl/batch_dsearch_reg_v4_01/dam_1_01_6
INFO:tensorflow:Restoring parameters from models/snli/dam_1/acl/batch_dsearch_reg_v4_01/dam_1_01_6
  0%|          | 0/8 [00:00<?, ?it/s] 12%|█▎        | 1/8 [00:02<00:19,  2.72s/it] 25%|██▌       | 2/8 [00:03<00:11,  1.95s/it] 38%|███▊      | 3/8 [00:05<00:08,  1.67s/it] 50%|█████     | 4/8 [00:05<00:05,  1.47s/it] 62%|██████▎   | 5/8 [00:06<00:04,  1.37s/it] 75%|███████▌  | 6/8 [00:07<00:02,  1.32s/it] 88%|████████▊ | 7/8 [00:09<00:01,  1.42s/it]100%|██████████| 8/8 [00:10<00:00,  1.31s/it]
INFO:nli-debug-cli.py:Number of examples: 964
INFO:nli-debug-cli.py:Accuracy: 0.6027
INFO:nli-debug-cli.py:(S1 contradicts S2) XOR (S2 contradicts S1): 442
INFO:nli-debug-cli.py:(S1 contradicts S2): 321
INFO:nli-debug-cli.py:(S1 contradicts S2) AND NOT(S2 contradicts S1): 221 (0.6885)
INFO:nli-debug-cli.py:(S1 entailment S2): 119
INFO:nli-debug-cli.py:(S1 entailment S2) AND (S2 contradicts S1): 44 (0.3697)
INFO:nli-debug-cli.py:(S1 neutral S2): 321
INFO:nli-debug-cli.py:(S1 neutral S2) AND (S2 contradicts S1): 177 (0.5514)
INFO:nli-debug-cli.py:(True): 1928 [964 + 964]
INFO:nli-debug-cli.py:(True) AND NOT(S1 entails S1): 2 [1 + 1] (0.0010)
