INFO:root:discriminator/aggregate/transform_aggregate/fully_connected/biases:0 ((200,)): 200 params
INFO:root:discriminator/aggregate/transform_aggregate/fully_connected_1/weights:0 ((200, 200)): 40000 params
INFO:root:discriminator/aggregate/transform_aggregate/fully_connected_1/biases:0 ((200,)): 200 params
INFO:root:discriminator/aggregate/fully_connected/weights:0 ((200, 3)): 600 params
INFO:root:discriminator/aggregate/fully_connected/biases:0 ((3,)): 3 params
INFO:nli-debug-cli.py:Total Trainable Discriminator Parameters: 6408803
INFO:tensorflow:Restoring parameters from models/snli/dam_1/acl/batch_dsearch_reg_v4_01/dam_1_01_6
INFO:tensorflow:Restoring parameters from models/snli/dam_1/acl/batch_dsearch_reg_v4_01/dam_1_01_6
  0%|          | 0/16 [00:00<?, ?it/s]  6%|▋         | 1/16 [00:03<00:58,  3.89s/it] 12%|█▎        | 2/16 [00:04<00:31,  2.25s/it] 19%|█▉        | 3/16 [00:04<00:21,  1.66s/it] 25%|██▌       | 4/16 [00:05<00:16,  1.35s/it] 31%|███▏      | 5/16 [00:05<00:13,  1.19s/it] 38%|███▊      | 6/16 [00:06<00:10,  1.07s/it] 44%|████▍     | 7/16 [00:07<00:09,  1.00s/it] 50%|█████     | 8/16 [00:07<00:07,  1.04it/s] 56%|█████▋    | 9/16 [00:08<00:06,  1.08it/s] 62%|██████▎   | 10/16 [00:08<00:05,  1.13it/s] 69%|██████▉   | 11/16 [00:09<00:04,  1.19it/s] 75%|███████▌  | 12/16 [00:09<00:03,  1.24it/s] 81%|████████▏ | 13/16 [00:10<00:02,  1.28it/s] 88%|████████▊ | 14/16 [00:10<00:01,  1.28it/s] 94%|█████████▍| 15/16 [00:11<00:00,  1.29it/s]100%|██████████| 16/16 [00:11<00:00,  1.36it/s]
INFO:nli-debug-cli.py:Number of examples: 1930
INFO:nli-debug-cli.py:Accuracy: 0.5953
INFO:nli-debug-cli.py:(S1 contradicts S2) XOR (S2 contradicts S1): 646
INFO:nli-debug-cli.py:(S1 contradicts S2): 603
INFO:nli-debug-cli.py:(S1 contradicts S2) AND NOT(S2 contradicts S1): 323 (0.5357)
INFO:nli-debug-cli.py:(S1 entailment S2): 257
INFO:nli-debug-cli.py:(S1 entailment S2) AND (S2 contradicts S1): 55 (0.2140)
INFO:nli-debug-cli.py:(S1 neutral S2): 603
INFO:nli-debug-cli.py:(S1 neutral S2) AND (S2 contradicts S1): 268 (0.4444)
INFO:nli-debug-cli.py:(True): 3860 [1930 + 1930]
INFO:nli-debug-cli.py:(True) AND NOT(S1 entails S1): 8 [4 + 4] (0.0021)
