INFO:root:discriminator/aggregate/transform_aggregate/fully_connected/biases:0 ((200,)): 200 params
INFO:root:discriminator/aggregate/transform_aggregate/fully_connected_1/weights:0 ((200, 200)): 40000 params
INFO:root:discriminator/aggregate/transform_aggregate/fully_connected_1/biases:0 ((200,)): 200 params
INFO:root:discriminator/aggregate/fully_connected/weights:0 ((200, 3)): 600 params
INFO:root:discriminator/aggregate/fully_connected/biases:0 ((3,)): 3 params
INFO:nli-debug-cli.py:Total Trainable Discriminator Parameters: 6408803
INFO:tensorflow:Restoring parameters from models/snli/dam_1/acl/batch_dsearch_reg_v4_01/dam_1_01_6
INFO:tensorflow:Restoring parameters from models/snli/dam_1/acl/batch_dsearch_reg_v4_01/dam_1_01_6
  0%|          | 0/8 [00:00<?, ?it/s] 12%|█▎        | 1/8 [00:04<00:33,  4.76s/it] 25%|██▌       | 2/8 [00:06<00:20,  3.34s/it] 38%|███▊      | 3/8 [00:08<00:13,  2.70s/it] 50%|█████     | 4/8 [00:09<00:09,  2.34s/it] 62%|██████▎   | 5/8 [00:10<00:06,  2.16s/it] 75%|███████▌  | 6/8 [00:11<00:03,  2.00s/it] 88%|████████▊ | 7/8 [00:14<00:02,  2.01s/it]100%|██████████| 8/8 [00:15<00:00,  1.88s/it]
INFO:nli-debug-cli.py:Number of examples: 960
INFO:nli-debug-cli.py:Accuracy: 0.6083
INFO:nli-debug-cli.py:(S1 contradicts S2) XOR (S2 contradicts S1): 362
INFO:nli-debug-cli.py:(S1 contradicts S2): 327
INFO:nli-debug-cli.py:(S1 contradicts S2) AND NOT(S2 contradicts S1): 181 (0.5535)
INFO:nli-debug-cli.py:(S1 entailment S2): 120
INFO:nli-debug-cli.py:(S1 entailment S2) AND (S2 contradicts S1): 35 (0.2917)
INFO:nli-debug-cli.py:(S1 neutral S2): 327
INFO:nli-debug-cli.py:(S1 neutral S2) AND (S2 contradicts S1): 146 (0.4465)
INFO:nli-debug-cli.py:(True): 1920 [960 + 960]
INFO:nli-debug-cli.py:(True) AND NOT(S1 entails S1): 2 [1 + 1] (0.0010)
