INFO:root:discriminator/aggregate/transform_aggregate/fully_connected/biases:0 ((200,)): 200 params
INFO:root:discriminator/aggregate/transform_aggregate/fully_connected_1/weights:0 ((200, 200)): 40000 params
INFO:root:discriminator/aggregate/transform_aggregate/fully_connected_1/biases:0 ((200,)): 200 params
INFO:root:discriminator/aggregate/fully_connected/weights:0 ((200, 3)): 600 params
INFO:root:discriminator/aggregate/fully_connected/biases:0 ((3,)): 3 params
INFO:nli-debug-cli.py:Total Trainable Discriminator Parameters: 6408803
INFO:tensorflow:Restoring parameters from models/snli/dam_1/acl/batch_dsearch_reg_v4_01/dam_1_01_9
INFO:tensorflow:Restoring parameters from models/snli/dam_1/acl/batch_dsearch_reg_v4_01/dam_1_01_9
  0%|          | 0/16 [00:00<?, ?it/s]  6%|▋         | 1/16 [00:03<00:58,  3.91s/it] 12%|█▎        | 2/16 [00:05<00:36,  2.58s/it] 19%|█▉        | 3/16 [00:06<00:28,  2.20s/it] 25%|██▌       | 4/16 [00:07<00:23,  1.97s/it] 31%|███▏      | 5/16 [00:08<00:19,  1.75s/it] 38%|███▊      | 6/16 [00:10<00:16,  1.68s/it] 44%|████▍     | 7/16 [00:11<00:14,  1.65s/it] 50%|█████     | 8/16 [00:12<00:12,  1.55s/it] 56%|█████▋    | 9/16 [00:13<00:10,  1.48s/it] 62%|██████▎   | 10/16 [00:14<00:08,  1.41s/it] 69%|██████▉   | 11/16 [00:14<00:06,  1.34s/it] 75%|███████▌  | 12/16 [00:15<00:05,  1.27s/it] 81%|████████▏ | 13/16 [00:16<00:03,  1.24s/it] 88%|████████▊ | 14/16 [00:17<00:02,  1.21s/it] 94%|█████████▍| 15/16 [00:17<00:01,  1.19s/it]100%|██████████| 16/16 [00:17<00:00,  1.12s/it]
INFO:nli-debug-cli.py:Number of examples: 1924
INFO:nli-debug-cli.py:Accuracy: 0.6913
INFO:nli-debug-cli.py:(S1 contradicts S2) XOR (S2 contradicts S1): 630
INFO:nli-debug-cli.py:(S1 contradicts S2): 483
INFO:nli-debug-cli.py:(S1 contradicts S2) AND NOT(S2 contradicts S1): 315 (0.6522)
INFO:nli-debug-cli.py:(S1 entailment S2): 255
INFO:nli-debug-cli.py:(S1 entailment S2) AND (S2 contradicts S1): 45 (0.1765)
INFO:nli-debug-cli.py:(S1 neutral S2): 483
INFO:nli-debug-cli.py:(S1 neutral S2) AND (S2 contradicts S1): 270 (0.5590)
INFO:nli-debug-cli.py:(True): 3848 [1924 + 1924]
INFO:nli-debug-cli.py:(True) AND NOT(S1 entails S1): 2 [1 + 1] (0.0005)
