INFO:root:discriminator/aggregate/transform_aggregate/fully_connected/biases:0 ((200,)): 200 params
INFO:root:discriminator/aggregate/transform_aggregate/fully_connected_1/weights:0 ((200, 200)): 40000 params
INFO:root:discriminator/aggregate/transform_aggregate/fully_connected_1/biases:0 ((200,)): 200 params
INFO:root:discriminator/aggregate/fully_connected/weights:0 ((200, 3)): 600 params
INFO:root:discriminator/aggregate/fully_connected/biases:0 ((3,)): 3 params
INFO:nli-debug-cli.py:Total Trainable Discriminator Parameters: 6408803
INFO:tensorflow:Restoring parameters from models/snli/dam_1/acl/batch_dsearch_reg_v4_01/dam_1_01_9
INFO:tensorflow:Restoring parameters from models/snli/dam_1/acl/batch_dsearch_reg_v4_01/dam_1_01_9
  0%|          | 0/8 [00:00<?, ?it/s] 12%|█▎        | 1/8 [00:04<00:29,  4.25s/it] 25%|██▌       | 2/8 [00:05<00:16,  2.74s/it] 38%|███▊      | 3/8 [00:07<00:12,  2.44s/it] 50%|█████     | 4/8 [00:08<00:08,  2.20s/it] 62%|██████▎   | 5/8 [00:10<00:06,  2.08s/it] 75%|███████▌  | 6/8 [00:12<00:04,  2.03s/it] 88%|████████▊ | 7/8 [00:14<00:02,  2.05s/it]100%|██████████| 8/8 [00:14<00:00,  1.86s/it]
INFO:nli-debug-cli.py:Number of examples: 964
INFO:nli-debug-cli.py:Accuracy: 0.6981
INFO:nli-debug-cli.py:(S1 contradicts S2) XOR (S2 contradicts S1): 334
INFO:nli-debug-cli.py:(S1 contradicts S2): 217
INFO:nli-debug-cli.py:(S1 contradicts S2) AND NOT(S2 contradicts S1): 167 (0.7696)
INFO:nli-debug-cli.py:(S1 entailment S2): 132
INFO:nli-debug-cli.py:(S1 entailment S2) AND (S2 contradicts S1): 27 (0.2045)
INFO:nli-debug-cli.py:(S1 neutral S2): 217
INFO:nli-debug-cli.py:(S1 neutral S2) AND (S2 contradicts S1): 140 (0.6452)
INFO:nli-debug-cli.py:(True): 1928 [964 + 964]
INFO:nli-debug-cli.py:(True) AND NOT(S1 entails S1): 2 [1 + 1] (0.0010)
