INFO:root:discriminator/aggregate/transform_aggregate/fully_connected/biases:0 ((200,)): 200 params
INFO:root:discriminator/aggregate/transform_aggregate/fully_connected_1/weights:0 ((200, 200)): 40000 params
INFO:root:discriminator/aggregate/transform_aggregate/fully_connected_1/biases:0 ((200,)): 200 params
INFO:root:discriminator/aggregate/fully_connected/weights:0 ((200, 3)): 600 params
INFO:root:discriminator/aggregate/fully_connected/biases:0 ((3,)): 3 params
INFO:nli-debug-cli.py:Total Trainable Discriminator Parameters: 6408803
INFO:tensorflow:Restoring parameters from models/snli/dam_1/acl/batch_dsearch_reg_v4_01/dam_1_01_9
INFO:tensorflow:Restoring parameters from models/snli/dam_1/acl/batch_dsearch_reg_v4_01/dam_1_01_9
  0%|          | 0/16 [00:00<?, ?it/s]  6%|▋         | 1/16 [00:01<00:24,  1.66s/it] 12%|█▎        | 2/16 [00:02<00:18,  1.35s/it] 19%|█▉        | 3/16 [00:03<00:14,  1.10s/it] 25%|██▌       | 4/16 [00:03<00:11,  1.04it/s] 31%|███▏      | 5/16 [00:04<00:09,  1.14it/s] 38%|███▊      | 6/16 [00:04<00:08,  1.24it/s] 44%|████▍     | 7/16 [00:05<00:07,  1.25it/s] 50%|█████     | 8/16 [00:06<00:06,  1.28it/s] 56%|█████▋    | 9/16 [00:06<00:05,  1.29it/s] 62%|██████▎   | 10/16 [00:07<00:04,  1.33it/s] 69%|██████▉   | 11/16 [00:08<00:03,  1.37it/s] 75%|███████▌  | 12/16 [00:08<00:02,  1.39it/s] 81%|████████▏ | 13/16 [00:09<00:02,  1.43it/s] 88%|████████▊ | 14/16 [00:09<00:01,  1.42it/s] 94%|█████████▍| 15/16 [00:10<00:00,  1.41it/s]100%|██████████| 16/16 [00:10<00:00,  1.49it/s]
INFO:nli-debug-cli.py:Number of examples: 1930
INFO:nli-debug-cli.py:Accuracy: 0.6171
INFO:nli-debug-cli.py:(S1 contradicts S2) XOR (S2 contradicts S1): 568
INFO:nli-debug-cli.py:(S1 contradicts S2): 480
INFO:nli-debug-cli.py:(S1 contradicts S2) AND NOT(S2 contradicts S1): 284 (0.5917)
INFO:nli-debug-cli.py:(S1 entailment S2): 263
INFO:nli-debug-cli.py:(S1 entailment S2) AND (S2 contradicts S1): 49 (0.1863)
INFO:nli-debug-cli.py:(S1 neutral S2): 480
INFO:nli-debug-cli.py:(S1 neutral S2) AND (S2 contradicts S1): 235 (0.4896)
INFO:nli-debug-cli.py:(True): 3860 [1930 + 1930]
INFO:nli-debug-cli.py:(True) AND NOT(S1 entails S1): 12 [6 + 6] (0.0031)
