INFO:root:discriminator/aggregate/transform_aggregate/fully_connected/biases:0 ((200,)): 200 params
INFO:root:discriminator/aggregate/transform_aggregate/fully_connected_1/weights:0 ((200, 200)): 40000 params
INFO:root:discriminator/aggregate/transform_aggregate/fully_connected_1/biases:0 ((200,)): 200 params
INFO:root:discriminator/aggregate/fully_connected/weights:0 ((200, 3)): 600 params
INFO:root:discriminator/aggregate/fully_connected/biases:0 ((3,)): 3 params
INFO:nli-debug-cli.py:Total Trainable Discriminator Parameters: 6408803
INFO:tensorflow:Restoring parameters from models/snli/dam_1/acl/batch_dsearch_reg_v4_01/dam_1_01_9
INFO:tensorflow:Restoring parameters from models/snli/dam_1/acl/batch_dsearch_reg_v4_01/dam_1_01_9
  0%|          | 0/8 [00:00<?, ?it/s] 12%|█▎        | 1/8 [00:04<00:33,  4.81s/it] 25%|██▌       | 2/8 [00:06<00:19,  3.19s/it] 38%|███▊      | 3/8 [00:07<00:12,  2.48s/it] 50%|█████     | 4/8 [00:08<00:08,  2.15s/it] 62%|██████▎   | 5/8 [00:09<00:05,  1.99s/it] 75%|███████▌  | 6/8 [00:11<00:03,  1.85s/it] 88%|████████▊ | 7/8 [00:13<00:01,  1.90s/it]100%|██████████| 8/8 [00:14<00:00,  1.78s/it]
INFO:nli-debug-cli.py:Number of examples: 960
INFO:nli-debug-cli.py:Accuracy: 0.6312
INFO:nli-debug-cli.py:(S1 contradicts S2) XOR (S2 contradicts S1): 328
INFO:nli-debug-cli.py:(S1 contradicts S2): 276
INFO:nli-debug-cli.py:(S1 contradicts S2) AND NOT(S2 contradicts S1): 164 (0.5942)
INFO:nli-debug-cli.py:(S1 entailment S2): 121
INFO:nli-debug-cli.py:(S1 entailment S2) AND (S2 contradicts S1): 35 (0.2893)
INFO:nli-debug-cli.py:(S1 neutral S2): 276
INFO:nli-debug-cli.py:(S1 neutral S2) AND (S2 contradicts S1): 129 (0.4674)
INFO:nli-debug-cli.py:(True): 1920 [960 + 960]
INFO:nli-debug-cli.py:(True) AND NOT(S1 entails S1): 6 [3 + 3] (0.0031)
