INFO:root:discriminator/aggregate/transform_aggregate/fully_connected/biases:0 ((200,)): 200 params
INFO:root:discriminator/aggregate/transform_aggregate/fully_connected_1/weights:0 ((200, 200)): 40000 params
INFO:root:discriminator/aggregate/transform_aggregate/fully_connected_1/biases:0 ((200,)): 200 params
INFO:root:discriminator/aggregate/fully_connected/weights:0 ((200, 3)): 600 params
INFO:root:discriminator/aggregate/fully_connected/biases:0 ((3,)): 3 params
INFO:nli-debug-cli.py:Total Trainable Discriminator Parameters: 6408803
INFO:tensorflow:Restoring parameters from models/snli/dam_1/acl/batch_dsearch_reg_v4_01/dam_1_01_12
INFO:tensorflow:Restoring parameters from models/snli/dam_1/acl/batch_dsearch_reg_v4_01/dam_1_01_12
  0%|          | 0/16 [00:00<?, ?it/s]  6%|▋         | 1/16 [00:02<00:40,  2.68s/it] 12%|█▎        | 2/16 [00:03<00:23,  1.69s/it] 19%|█▉        | 3/16 [00:04<00:18,  1.39s/it] 25%|██▌       | 4/16 [00:04<00:14,  1.19s/it] 31%|███▏      | 5/16 [00:05<00:11,  1.08s/it] 38%|███▊      | 6/16 [00:06<00:10,  1.02s/it] 44%|████▍     | 7/16 [00:07<00:09,  1.01s/it] 50%|█████     | 8/16 [00:07<00:07,  1.06it/s] 56%|█████▋    | 9/16 [00:08<00:06,  1.08it/s] 62%|██████▎   | 10/16 [00:09<00:05,  1.11it/s] 69%|██████▉   | 11/16 [00:09<00:04,  1.15it/s] 75%|███████▌  | 12/16 [00:10<00:03,  1.14it/s] 81%|████████▏ | 13/16 [00:11<00:02,  1.16it/s] 88%|████████▊ | 14/16 [00:11<00:01,  1.17it/s] 94%|█████████▍| 15/16 [00:12<00:00,  1.18it/s]100%|██████████| 16/16 [00:12<00:00,  1.25it/s]
INFO:nli-debug-cli.py:Number of examples: 1928
INFO:nli-debug-cli.py:Accuracy: 0.5970
INFO:nli-debug-cli.py:(S1 contradicts S2) XOR (S2 contradicts S1): 620
INFO:nli-debug-cli.py:(S1 contradicts S2): 428
INFO:nli-debug-cli.py:(S1 contradicts S2) AND NOT(S2 contradicts S1): 310 (0.7243)
INFO:nli-debug-cli.py:(S1 entailment S2): 496
INFO:nli-debug-cli.py:(S1 entailment S2) AND (S2 contradicts S1): 184 (0.3710)
INFO:nli-debug-cli.py:(S1 neutral S2): 428
INFO:nli-debug-cli.py:(S1 neutral S2) AND (S2 contradicts S1): 126 (0.2944)
INFO:nli-debug-cli.py:(True): 3856 [1928 + 1928]
INFO:nli-debug-cli.py:(True) AND NOT(S1 entails S1): 6 [3 + 3] (0.0016)
