INFO:root:discriminator/aggregate/transform_aggregate/fully_connected/biases:0 ((200,)): 200 params
INFO:root:discriminator/aggregate/transform_aggregate/fully_connected_1/weights:0 ((200, 200)): 40000 params
INFO:root:discriminator/aggregate/transform_aggregate/fully_connected_1/biases:0 ((200,)): 200 params
INFO:root:discriminator/aggregate/fully_connected/weights:0 ((200, 3)): 600 params
INFO:root:discriminator/aggregate/fully_connected/biases:0 ((3,)): 3 params
INFO:nli-debug-cli.py:Total Trainable Discriminator Parameters: 6408803
INFO:tensorflow:Restoring parameters from models/snli/dam_1/acl/batch_dsearch_reg_v4_01/dam_1_01_12
INFO:tensorflow:Restoring parameters from models/snli/dam_1/acl/batch_dsearch_reg_v4_01/dam_1_01_12
  0%|          | 0/2 [00:00<?, ?it/s] 50%|█████     | 1/2 [00:05<00:05,  5.61s/it]100%|██████████| 2/2 [00:06<00:00,  3.14s/it]
INFO:nli-debug-cli.py:Number of examples: 188
INFO:nli-debug-cli.py:Accuracy: 0.6277
INFO:nli-debug-cli.py:(S1 contradicts S2) XOR (S2 contradicts S1): 54
INFO:nli-debug-cli.py:(S1 contradicts S2): 49
INFO:nli-debug-cli.py:(S1 contradicts S2) AND NOT(S2 contradicts S1): 27 (0.5510)
INFO:nli-debug-cli.py:(S1 entailment S2): 43
INFO:nli-debug-cli.py:(S1 entailment S2) AND (S2 contradicts S1): 13 (0.3023)
INFO:nli-debug-cli.py:(S1 neutral S2): 49
INFO:nli-debug-cli.py:(S1 neutral S2) AND (S2 contradicts S1): 14 (0.2857)
INFO:nli-debug-cli.py:(True): 376 [188 + 188]
INFO:nli-debug-cli.py:(True) AND NOT(S1 entails S1): 0 [0 + 0] (0.0000)
