INFO:root:discriminator/aggregate/transform_aggregate/fully_connected/biases:0 ((200,)): 200 params
INFO:root:discriminator/aggregate/transform_aggregate/fully_connected_1/weights:0 ((200, 200)): 40000 params
INFO:root:discriminator/aggregate/transform_aggregate/fully_connected_1/biases:0 ((200,)): 200 params
INFO:root:discriminator/aggregate/fully_connected/weights:0 ((200, 3)): 600 params
INFO:root:discriminator/aggregate/fully_connected/biases:0 ((3,)): 3 params
INFO:nli-debug-cli.py:Total Trainable Discriminator Parameters: 6408803
INFO:tensorflow:Restoring parameters from models/snli/dam_1/acl/batch_dsearch_reg_v4_01/dam_1_01_12
INFO:tensorflow:Restoring parameters from models/snli/dam_1/acl/batch_dsearch_reg_v4_01/dam_1_01_12
  0%|          | 0/8 [00:00<?, ?it/s] 12%|█▎        | 1/8 [00:03<00:24,  3.49s/it] 25%|██▌       | 2/8 [00:04<00:14,  2.47s/it] 38%|███▊      | 3/8 [00:06<00:10,  2.03s/it] 50%|█████     | 4/8 [00:07<00:07,  1.76s/it] 62%|██████▎   | 5/8 [00:07<00:04,  1.60s/it] 75%|███████▌  | 6/8 [00:08<00:02,  1.46s/it] 88%|████████▊ | 7/8 [00:10<00:01,  1.44s/it]100%|██████████| 8/8 [00:10<00:00,  1.31s/it]
INFO:nli-debug-cli.py:Number of examples: 964
INFO:nli-debug-cli.py:Accuracy: 0.5913
INFO:nli-debug-cli.py:(S1 contradicts S2) XOR (S2 contradicts S1): 308
INFO:nli-debug-cli.py:(S1 contradicts S2): 208
INFO:nli-debug-cli.py:(S1 contradicts S2) AND NOT(S2 contradicts S1): 154 (0.7404)
INFO:nli-debug-cli.py:(S1 entailment S2): 233
INFO:nli-debug-cli.py:(S1 entailment S2) AND (S2 contradicts S1): 84 (0.3605)
INFO:nli-debug-cli.py:(S1 neutral S2): 208
INFO:nli-debug-cli.py:(S1 neutral S2) AND (S2 contradicts S1): 70 (0.3365)
INFO:nli-debug-cli.py:(True): 1928 [964 + 964]
INFO:nli-debug-cli.py:(True) AND NOT(S1 entails S1): 4 [2 + 2] (0.0021)
