INFO:root:discriminator/aggregate/transform_aggregate/fully_connected/biases:0 ((200,)): 200 params
INFO:root:discriminator/aggregate/transform_aggregate/fully_connected_1/weights:0 ((200, 200)): 40000 params
INFO:root:discriminator/aggregate/transform_aggregate/fully_connected_1/biases:0 ((200,)): 200 params
INFO:root:discriminator/aggregate/fully_connected/weights:0 ((200, 3)): 600 params
INFO:root:discriminator/aggregate/fully_connected/biases:0 ((3,)): 3 params
INFO:nli-debug-cli.py:Total Trainable Discriminator Parameters: 6408803
INFO:tensorflow:Restoring parameters from models/snli/dam_1/acl/batch_dsearch_reg_v4_01/dam_1_01_15
INFO:tensorflow:Restoring parameters from models/snli/dam_1/acl/batch_dsearch_reg_v4_01/dam_1_01_15
  0%|          | 0/16 [00:00<?, ?it/s]  6%|▋         | 1/16 [00:02<00:42,  2.86s/it] 12%|█▎        | 2/16 [00:03<00:25,  1.80s/it] 19%|█▉        | 3/16 [00:04<00:18,  1.45s/it] 25%|██▌       | 4/16 [00:05<00:15,  1.27s/it] 31%|███▏      | 5/16 [00:05<00:12,  1.15s/it] 38%|███▊      | 6/16 [00:06<00:10,  1.08s/it] 44%|████▍     | 7/16 [00:07<00:09,  1.10s/it] 50%|█████     | 8/16 [00:08<00:08,  1.06s/it] 56%|█████▋    | 9/16 [00:09<00:07,  1.03s/it] 62%|██████▎   | 10/16 [00:09<00:05,  1.02it/s] 69%|██████▉   | 11/16 [00:10<00:04,  1.05it/s] 75%|███████▌  | 12/16 [00:11<00:03,  1.01it/s] 81%|████████▏ | 13/16 [00:12<00:02,  1.04it/s] 88%|████████▊ | 14/16 [00:12<00:01,  1.08it/s] 94%|█████████▍| 15/16 [00:13<00:00,  1.11it/s]100%|██████████| 16/16 [00:13<00:00,  1.18it/s]
INFO:nli-debug-cli.py:Number of examples: 1928
INFO:nli-debug-cli.py:Accuracy: 0.4668
INFO:nli-debug-cli.py:(S1 contradicts S2) XOR (S2 contradicts S1): 662
INFO:nli-debug-cli.py:(S1 contradicts S2): 365
INFO:nli-debug-cli.py:(S1 contradicts S2) AND NOT(S2 contradicts S1): 331 (0.9068)
INFO:nli-debug-cli.py:(S1 entailment S2): 894
INFO:nli-debug-cli.py:(S1 entailment S2) AND (S2 contradicts S1): 322 (0.3602)
INFO:nli-debug-cli.py:(S1 neutral S2): 365
INFO:nli-debug-cli.py:(S1 neutral S2) AND (S2 contradicts S1): 9 (0.0247)
INFO:nli-debug-cli.py:(True): 3856 [1928 + 1928]
INFO:nli-debug-cli.py:(True) AND NOT(S1 entails S1): 12 [6 + 6] (0.0031)
