INFO:root:discriminator/aggregate/transform_aggregate/fully_connected/biases:0 ((200,)): 200 params
INFO:root:discriminator/aggregate/transform_aggregate/fully_connected_1/weights:0 ((200, 200)): 40000 params
INFO:root:discriminator/aggregate/transform_aggregate/fully_connected_1/biases:0 ((200,)): 200 params
INFO:root:discriminator/aggregate/fully_connected/weights:0 ((200, 3)): 600 params
INFO:root:discriminator/aggregate/fully_connected/biases:0 ((3,)): 3 params
INFO:nli-debug-cli.py:Total Trainable Discriminator Parameters: 6408803
INFO:tensorflow:Restoring parameters from models/snli/dam_1/acl/batch_dsearch_reg_v4_01/dam_1_01_15
INFO:tensorflow:Restoring parameters from models/snli/dam_1/acl/batch_dsearch_reg_v4_01/dam_1_01_15
  0%|          | 0/16 [00:00<?, ?it/s]  6%|▋         | 1/16 [00:03<00:53,  3.55s/it] 12%|█▎        | 2/16 [00:04<00:30,  2.19s/it] 19%|█▉        | 3/16 [00:05<00:25,  1.93s/it] 25%|██▌       | 4/16 [00:06<00:20,  1.71s/it] 31%|███▏      | 5/16 [00:07<00:16,  1.52s/it] 38%|███▊      | 6/16 [00:08<00:14,  1.48s/it] 44%|████▍     | 7/16 [00:09<00:12,  1.42s/it] 50%|█████     | 8/16 [00:10<00:10,  1.35s/it] 56%|█████▋    | 9/16 [00:11<00:08,  1.27s/it] 62%|██████▎   | 10/16 [00:12<00:07,  1.21s/it] 69%|██████▉   | 11/16 [00:12<00:05,  1.15s/it] 75%|███████▌  | 12/16 [00:13<00:04,  1.10s/it] 81%|████████▏ | 13/16 [00:13<00:03,  1.07s/it] 88%|████████▊ | 14/16 [00:14<00:02,  1.07s/it] 94%|█████████▍| 15/16 [00:15<00:01,  1.06s/it]100%|██████████| 16/16 [00:16<00:00,  1.00s/it]
INFO:nli-debug-cli.py:Number of examples: 1924
INFO:nli-debug-cli.py:Accuracy: 0.4990
INFO:nli-debug-cli.py:(S1 contradicts S2) XOR (S2 contradicts S1): 670
INFO:nli-debug-cli.py:(S1 contradicts S2): 369
INFO:nli-debug-cli.py:(S1 contradicts S2) AND NOT(S2 contradicts S1): 335 (0.9079)
INFO:nli-debug-cli.py:(S1 entailment S2): 894
INFO:nli-debug-cli.py:(S1 entailment S2) AND (S2 contradicts S1): 330 (0.3691)
INFO:nli-debug-cli.py:(S1 neutral S2): 369
INFO:nli-debug-cli.py:(S1 neutral S2) AND (S2 contradicts S1): 5 (0.0136)
INFO:nli-debug-cli.py:(True): 3848 [1924 + 1924]
INFO:nli-debug-cli.py:(True) AND NOT(S1 entails S1): 10 [5 + 5] (0.0026)
