INFO:root:discriminator/aggregate/transform_aggregate/fully_connected/biases:0 ((200,)): 200 params
INFO:root:discriminator/aggregate/transform_aggregate/fully_connected_1/weights:0 ((200, 200)): 40000 params
INFO:root:discriminator/aggregate/transform_aggregate/fully_connected_1/biases:0 ((200,)): 200 params
INFO:root:discriminator/aggregate/fully_connected/weights:0 ((200, 3)): 600 params
INFO:root:discriminator/aggregate/fully_connected/biases:0 ((3,)): 3 params
INFO:nli-debug-cli.py:Total Trainable Discriminator Parameters: 6408803
INFO:tensorflow:Restoring parameters from models/snli/dam_1/acl/batch_dsearch_reg_v4_01/dam_1_01_15
INFO:tensorflow:Restoring parameters from models/snli/dam_1/acl/batch_dsearch_reg_v4_01/dam_1_01_15
  0%|          | 0/8 [00:00<?, ?it/s] 12%|█▎        | 1/8 [00:05<00:35,  5.06s/it] 25%|██▌       | 2/8 [00:06<00:19,  3.29s/it] 38%|███▊      | 3/8 [00:08<00:14,  3.00s/it] 50%|█████     | 4/8 [00:10<00:10,  2.71s/it] 62%|██████▎   | 5/8 [00:12<00:07,  2.50s/it] 75%|███████▌  | 6/8 [00:15<00:05,  2.54s/it] 88%|████████▊ | 7/8 [00:16<00:02,  2.40s/it]100%|██████████| 8/8 [00:17<00:00,  2.20s/it]
INFO:nli-debug-cli.py:Number of examples: 964
INFO:nli-debug-cli.py:Accuracy: 0.4948
INFO:nli-debug-cli.py:(S1 contradicts S2) XOR (S2 contradicts S1): 310
INFO:nli-debug-cli.py:(S1 contradicts S2): 169
INFO:nli-debug-cli.py:(S1 contradicts S2) AND NOT(S2 contradicts S1): 155 (0.9172)
INFO:nli-debug-cli.py:(S1 entailment S2): 468
INFO:nli-debug-cli.py:(S1 entailment S2) AND (S2 contradicts S1): 153 (0.3269)
INFO:nli-debug-cli.py:(S1 neutral S2): 169
INFO:nli-debug-cli.py:(S1 neutral S2) AND (S2 contradicts S1): 2 (0.0118)
INFO:nli-debug-cli.py:(True): 1928 [964 + 964]
INFO:nli-debug-cli.py:(True) AND NOT(S1 entails S1): 6 [3 + 3] (0.0031)
