INFO:root:discriminator/aggregate/transform_aggregate/fully_connected/biases:0 ((200,)): 200 params
INFO:root:discriminator/aggregate/transform_aggregate/fully_connected_1/weights:0 ((200, 200)): 40000 params
INFO:root:discriminator/aggregate/transform_aggregate/fully_connected_1/biases:0 ((200,)): 200 params
INFO:root:discriminator/aggregate/fully_connected/weights:0 ((200, 3)): 600 params
INFO:root:discriminator/aggregate/fully_connected/biases:0 ((3,)): 3 params
INFO:nli-debug-cli.py:Total Trainable Discriminator Parameters: 6408803
INFO:tensorflow:Restoring parameters from models/snli/dam_1/acl/batch_dsearch_reg_v3_01/dam_1_01_0
INFO:tensorflow:Restoring parameters from models/snli/dam_1/acl/batch_dsearch_reg_v3_01/dam_1_01_0
  0%|          | 0/8 [00:00<?, ?it/s] 12%|█▎        | 1/8 [00:02<00:20,  2.96s/it] 25%|██▌       | 2/8 [00:04<00:12,  2.00s/it] 38%|███▊      | 3/8 [00:04<00:08,  1.63s/it] 50%|█████     | 4/8 [00:05<00:05,  1.38s/it] 62%|██████▎   | 5/8 [00:06<00:03,  1.29s/it] 75%|███████▌  | 6/8 [00:07<00:02,  1.23s/it] 88%|████████▊ | 7/8 [00:08<00:01,  1.26s/it]100%|██████████| 8/8 [00:09<00:00,  1.20s/it]
INFO:nli-debug-cli.py:Number of examples: 960
INFO:nli-debug-cli.py:Accuracy: 0.5656
INFO:nli-debug-cli.py:(S1 contradicts S2) XOR (S2 contradicts S1): 490
INFO:nli-debug-cli.py:(S1 contradicts S2): 409
INFO:nli-debug-cli.py:(S1 contradicts S2) AND NOT(S2 contradicts S1): 245 (0.5990)
INFO:nli-debug-cli.py:(S1 entailment S2): 118
INFO:nli-debug-cli.py:(S1 entailment S2) AND (S2 contradicts S1): 48 (0.4068)
INFO:nli-debug-cli.py:(S1 neutral S2): 409
INFO:nli-debug-cli.py:(S1 neutral S2) AND (S2 contradicts S1): 197 (0.4817)
INFO:nli-debug-cli.py:(True): 1920 [960 + 960]
INFO:nli-debug-cli.py:(True) AND NOT(S1 entails S1): 2 [1 + 1] (0.0010)
