INFO:root:discriminator/aggregate/transform_aggregate/fully_connected/biases:0 ((200,)): 200 params
INFO:root:discriminator/aggregate/transform_aggregate/fully_connected_1/weights:0 ((200, 200)): 40000 params
INFO:root:discriminator/aggregate/transform_aggregate/fully_connected_1/biases:0 ((200,)): 200 params
INFO:root:discriminator/aggregate/fully_connected/weights:0 ((200, 3)): 600 params
INFO:root:discriminator/aggregate/fully_connected/biases:0 ((3,)): 3 params
INFO:nli-debug-cli.py:Total Trainable Discriminator Parameters: 6408803
INFO:tensorflow:Restoring parameters from models/snli/dam_1/acl/batch_dsearch_reg_v3_01/dam_1_01_3
INFO:tensorflow:Restoring parameters from models/snli/dam_1/acl/batch_dsearch_reg_v3_01/dam_1_01_3
  0%|          | 0/16 [00:00<?, ?it/s]  6%|▋         | 1/16 [00:03<00:48,  3.24s/it] 12%|█▎        | 2/16 [00:03<00:26,  1.86s/it] 19%|█▉        | 3/16 [00:04<00:19,  1.47s/it] 25%|██▌       | 4/16 [00:04<00:14,  1.22s/it] 31%|███▏      | 5/16 [00:05<00:11,  1.08s/it] 38%|███▊      | 6/16 [00:07<00:12,  1.20s/it] 44%|████▍     | 7/16 [00:08<00:10,  1.16s/it] 50%|█████     | 8/16 [00:08<00:08,  1.08s/it] 56%|█████▋    | 9/16 [00:09<00:07,  1.04s/it] 62%|██████▎   | 10/16 [00:09<00:05,  1.01it/s] 69%|██████▉   | 11/16 [00:10<00:04,  1.05it/s] 75%|███████▌  | 12/16 [00:11<00:03,  1.05it/s] 81%|████████▏ | 13/16 [00:12<00:02,  1.05it/s] 88%|████████▊ | 14/16 [00:12<00:01,  1.08it/s] 94%|█████████▍| 15/16 [00:13<00:00,  1.11it/s]100%|██████████| 16/16 [00:13<00:00,  1.17it/s]
INFO:nli-debug-cli.py:Number of examples: 1928
INFO:nli-debug-cli.py:Accuracy: 0.5654
INFO:nli-debug-cli.py:(S1 contradicts S2) XOR (S2 contradicts S1): 1044
INFO:nli-debug-cli.py:(S1 contradicts S2): 776
INFO:nli-debug-cli.py:(S1 contradicts S2) AND NOT(S2 contradicts S1): 522 (0.6727)
INFO:nli-debug-cli.py:(S1 entailment S2): 247
INFO:nli-debug-cli.py:(S1 entailment S2) AND (S2 contradicts S1): 83 (0.3360)
INFO:nli-debug-cli.py:(S1 neutral S2): 776
INFO:nli-debug-cli.py:(S1 neutral S2) AND (S2 contradicts S1): 439 (0.5657)
INFO:nli-debug-cli.py:(True): 3856 [1928 + 1928]
INFO:nli-debug-cli.py:(True) AND NOT(S1 entails S1): 6 [3 + 3] (0.0016)
