INFO:root:discriminator/aggregate/transform_aggregate/fully_connected/biases:0 ((200,)): 200 params
INFO:root:discriminator/aggregate/transform_aggregate/fully_connected_1/weights:0 ((200, 200)): 40000 params
INFO:root:discriminator/aggregate/transform_aggregate/fully_connected_1/biases:0 ((200,)): 200 params
INFO:root:discriminator/aggregate/fully_connected/weights:0 ((200, 3)): 600 params
INFO:root:discriminator/aggregate/fully_connected/biases:0 ((3,)): 3 params
INFO:nli-debug-cli.py:Total Trainable Discriminator Parameters: 6408803
INFO:tensorflow:Restoring parameters from models/snli/dam_1/acl/batch_dsearch_reg_v3_01/dam_1_01_3
INFO:tensorflow:Restoring parameters from models/snli/dam_1/acl/batch_dsearch_reg_v3_01/dam_1_01_3
  0%|          | 0/16 [00:00<?, ?it/s]  6%|▋         | 1/16 [00:02<00:37,  2.47s/it] 12%|█▎        | 2/16 [00:03<00:22,  1.62s/it] 19%|█▉        | 3/16 [00:03<00:16,  1.24s/it] 25%|██▌       | 4/16 [00:04<00:12,  1.02s/it] 31%|███▏      | 5/16 [00:04<00:10,  1.10it/s] 38%|███▊      | 6/16 [00:05<00:08,  1.19it/s] 44%|████▍     | 7/16 [00:05<00:07,  1.24it/s] 50%|█████     | 8/16 [00:06<00:06,  1.29it/s] 56%|█████▋    | 9/16 [00:06<00:05,  1.32it/s] 62%|██████▎   | 10/16 [00:07<00:04,  1.34it/s] 69%|██████▉   | 11/16 [00:07<00:03,  1.39it/s] 75%|███████▌  | 12/16 [00:08<00:02,  1.43it/s] 81%|████████▏ | 13/16 [00:08<00:02,  1.47it/s] 88%|████████▊ | 14/16 [00:09<00:01,  1.48it/s] 94%|█████████▍| 15/16 [00:10<00:00,  1.47it/s]100%|██████████| 16/16 [00:10<00:00,  1.55it/s]
INFO:nli-debug-cli.py:Number of examples: 1930
INFO:nli-debug-cli.py:Accuracy: 0.5627
INFO:nli-debug-cli.py:(S1 contradicts S2) XOR (S2 contradicts S1): 804
INFO:nli-debug-cli.py:(S1 contradicts S2): 732
INFO:nli-debug-cli.py:(S1 contradicts S2) AND NOT(S2 contradicts S1): 402 (0.5492)
INFO:nli-debug-cli.py:(S1 entailment S2): 255
INFO:nli-debug-cli.py:(S1 entailment S2) AND (S2 contradicts S1): 62 (0.2431)
INFO:nli-debug-cli.py:(S1 neutral S2): 732
INFO:nli-debug-cli.py:(S1 neutral S2) AND (S2 contradicts S1): 340 (0.4645)
INFO:nli-debug-cli.py:(True): 3860 [1930 + 1930]
INFO:nli-debug-cli.py:(True) AND NOT(S1 entails S1): 10 [5 + 5] (0.0026)
