INFO:root:discriminator/aggregate/transform_aggregate/fully_connected/biases:0 ((200,)): 200 params
INFO:root:discriminator/aggregate/transform_aggregate/fully_connected_1/weights:0 ((200, 200)): 40000 params
INFO:root:discriminator/aggregate/transform_aggregate/fully_connected_1/biases:0 ((200,)): 200 params
INFO:root:discriminator/aggregate/fully_connected/weights:0 ((200, 3)): 600 params
INFO:root:discriminator/aggregate/fully_connected/biases:0 ((3,)): 3 params
INFO:nli-debug-cli.py:Total Trainable Discriminator Parameters: 6408803
INFO:tensorflow:Restoring parameters from models/snli/dam_1/acl/batch_dsearch_reg_v3_01/dam_1_01_6
INFO:tensorflow:Restoring parameters from models/snli/dam_1/acl/batch_dsearch_reg_v3_01/dam_1_01_6
  0%|          | 0/16 [00:00<?, ?it/s]  6%|▋         | 1/16 [00:03<00:46,  3.10s/it] 12%|█▎        | 2/16 [00:04<00:29,  2.09s/it] 19%|█▉        | 3/16 [00:04<00:21,  1.64s/it] 25%|██▌       | 4/16 [00:05<00:16,  1.37s/it] 31%|███▏      | 5/16 [00:06<00:14,  1.29s/it] 38%|███▊      | 6/16 [00:07<00:11,  1.17s/it] 44%|████▍     | 7/16 [00:08<00:10,  1.21s/it] 50%|█████     | 8/16 [00:09<00:09,  1.13s/it] 56%|█████▋    | 9/16 [00:09<00:07,  1.07s/it] 62%|██████▎   | 10/16 [00:10<00:06,  1.04s/it] 69%|██████▉   | 11/16 [00:11<00:05,  1.01s/it] 75%|███████▌  | 12/16 [00:11<00:03,  1.02it/s] 81%|████████▏ | 13/16 [00:12<00:02,  1.05it/s] 88%|████████▊ | 14/16 [00:13<00:01,  1.04it/s] 94%|█████████▍| 15/16 [00:14<00:00,  1.04it/s]100%|██████████| 16/16 [00:14<00:00,  1.10it/s]
INFO:nli-debug-cli.py:Number of examples: 1930
INFO:nli-debug-cli.py:Accuracy: 0.5813
INFO:nli-debug-cli.py:(S1 contradicts S2) XOR (S2 contradicts S1): 720
INFO:nli-debug-cli.py:(S1 contradicts S2): 668
INFO:nli-debug-cli.py:(S1 contradicts S2) AND NOT(S2 contradicts S1): 360 (0.5389)
INFO:nli-debug-cli.py:(S1 entailment S2): 253
INFO:nli-debug-cli.py:(S1 entailment S2) AND (S2 contradicts S1): 39 (0.1542)
INFO:nli-debug-cli.py:(S1 neutral S2): 668
INFO:nli-debug-cli.py:(S1 neutral S2) AND (S2 contradicts S1): 321 (0.4805)
INFO:nli-debug-cli.py:(True): 3860 [1930 + 1930]
INFO:nli-debug-cli.py:(True) AND NOT(S1 entails S1): 10 [5 + 5] (0.0026)
