INFO:root:discriminator/aggregate/transform_aggregate/fully_connected/biases:0 ((200,)): 200 params
INFO:root:discriminator/aggregate/transform_aggregate/fully_connected_1/weights:0 ((200, 200)): 40000 params
INFO:root:discriminator/aggregate/transform_aggregate/fully_connected_1/biases:0 ((200,)): 200 params
INFO:root:discriminator/aggregate/fully_connected/weights:0 ((200, 3)): 600 params
INFO:root:discriminator/aggregate/fully_connected/biases:0 ((3,)): 3 params
INFO:nli-debug-cli.py:Total Trainable Discriminator Parameters: 6408803
INFO:tensorflow:Restoring parameters from models/snli/dam_1/acl/batch_dsearch_reg_v3_01/dam_1_01_12
INFO:tensorflow:Restoring parameters from models/snli/dam_1/acl/batch_dsearch_reg_v3_01/dam_1_01_12
  0%|          | 0/16 [00:00<?, ?it/s]  6%|▋         | 1/16 [00:03<00:47,  3.15s/it] 12%|█▎        | 2/16 [00:03<00:27,  1.94s/it] 19%|█▉        | 3/16 [00:04<00:20,  1.59s/it] 25%|██▌       | 4/16 [00:05<00:16,  1.35s/it] 31%|███▏      | 5/16 [00:06<00:13,  1.24s/it] 38%|███▊      | 6/16 [00:07<00:12,  1.27s/it] 44%|████▍     | 7/16 [00:08<00:11,  1.23s/it] 50%|█████     | 8/16 [00:09<00:09,  1.16s/it] 56%|█████▋    | 9/16 [00:10<00:08,  1.16s/it] 62%|██████▎   | 10/16 [00:11<00:06,  1.13s/it] 69%|██████▉   | 11/16 [00:12<00:05,  1.10s/it] 75%|███████▌  | 12/16 [00:13<00:04,  1.14s/it] 81%|████████▏ | 13/16 [00:14<00:03,  1.15s/it] 88%|████████▊ | 14/16 [00:15<00:02,  1.14s/it] 94%|█████████▍| 15/16 [00:16<00:01,  1.13s/it]100%|██████████| 16/16 [00:17<00:00,  1.06s/it]
INFO:nli-debug-cli.py:Number of examples: 1928
INFO:nli-debug-cli.py:Accuracy: 0.6400
INFO:nli-debug-cli.py:(S1 contradicts S2) XOR (S2 contradicts S1): 760
INFO:nli-debug-cli.py:(S1 contradicts S2): 526
INFO:nli-debug-cli.py:(S1 contradicts S2) AND NOT(S2 contradicts S1): 380 (0.7224)
INFO:nli-debug-cli.py:(S1 entailment S2): 232
INFO:nli-debug-cli.py:(S1 entailment S2) AND (S2 contradicts S1): 18 (0.0776)
INFO:nli-debug-cli.py:(S1 neutral S2): 526
INFO:nli-debug-cli.py:(S1 neutral S2) AND (S2 contradicts S1): 362 (0.6882)
INFO:nli-debug-cli.py:(True): 3856 [1928 + 1928]
INFO:nli-debug-cli.py:(True) AND NOT(S1 entails S1): 6 [3 + 3] (0.0016)
