INFO:root:discriminator/aggregate/transform_aggregate/fully_connected/biases:0 ((200,)): 200 params
INFO:root:discriminator/aggregate/transform_aggregate/fully_connected_1/weights:0 ((200, 200)): 40000 params
INFO:root:discriminator/aggregate/transform_aggregate/fully_connected_1/biases:0 ((200,)): 200 params
INFO:root:discriminator/aggregate/fully_connected/weights:0 ((200, 3)): 600 params
INFO:root:discriminator/aggregate/fully_connected/biases:0 ((3,)): 3 params
INFO:nli-debug-cli.py:Total Trainable Discriminator Parameters: 6408803
INFO:tensorflow:Restoring parameters from models/snli/dam_1/acl/batch_dsearch_reg_v3_01/dam_1_01_12
INFO:tensorflow:Restoring parameters from models/snli/dam_1/acl/batch_dsearch_reg_v3_01/dam_1_01_12
  0%|          | 0/8 [00:00<?, ?it/s] 12%|█▎        | 1/8 [00:02<00:20,  2.89s/it] 25%|██▌       | 2/8 [00:03<00:11,  1.89s/it] 38%|███▊      | 3/8 [00:05<00:08,  1.74s/it] 50%|█████     | 4/8 [00:06<00:06,  1.64s/it] 62%|██████▎   | 5/8 [00:08<00:04,  1.61s/it] 75%|███████▌  | 6/8 [00:10<00:03,  1.71s/it] 88%|████████▊ | 7/8 [00:11<00:01,  1.69s/it]100%|██████████| 8/8 [00:12<00:00,  1.57s/it]
INFO:nli-debug-cli.py:Number of examples: 964
INFO:nli-debug-cli.py:Accuracy: 0.6701
INFO:nli-debug-cli.py:(S1 contradicts S2) XOR (S2 contradicts S1): 394
INFO:nli-debug-cli.py:(S1 contradicts S2): 239
INFO:nli-debug-cli.py:(S1 contradicts S2) AND NOT(S2 contradicts S1): 197 (0.8243)
INFO:nli-debug-cli.py:(S1 entailment S2): 124
INFO:nli-debug-cli.py:(S1 entailment S2) AND (S2 contradicts S1): 8 (0.0645)
INFO:nli-debug-cli.py:(S1 neutral S2): 239
INFO:nli-debug-cli.py:(S1 neutral S2) AND (S2 contradicts S1): 189 (0.7908)
INFO:nli-debug-cli.py:(True): 1928 [964 + 964]
INFO:nli-debug-cli.py:(True) AND NOT(S1 entails S1): 2 [1 + 1] (0.0010)
