INFO:root:discriminator/aggregate/transform_aggregate/fully_connected/biases:0 ((200,)): 200 params
INFO:root:discriminator/aggregate/transform_aggregate/fully_connected_1/weights:0 ((200, 200)): 40000 params
INFO:root:discriminator/aggregate/transform_aggregate/fully_connected_1/biases:0 ((200,)): 200 params
INFO:root:discriminator/aggregate/fully_connected/weights:0 ((200, 3)): 600 params
INFO:root:discriminator/aggregate/fully_connected/biases:0 ((3,)): 3 params
INFO:nli-debug-cli.py:Total Trainable Discriminator Parameters: 6408803
INFO:tensorflow:Restoring parameters from models/snli/dam_1/acl/batch_dsearch_reg_v3_01/dam_1_01_12
INFO:tensorflow:Restoring parameters from models/snli/dam_1/acl/batch_dsearch_reg_v3_01/dam_1_01_12
  0%|          | 0/16 [00:00<?, ?it/s]  6%|▋         | 1/16 [00:07<01:58,  7.93s/it] 12%|█▎        | 2/16 [00:08<01:00,  4.33s/it] 19%|█▉        | 3/16 [00:09<00:41,  3.16s/it] 25%|██▌       | 4/16 [00:09<00:29,  2.49s/it] 31%|███▏      | 5/16 [00:10<00:23,  2.12s/it] 38%|███▊      | 6/16 [00:11<00:18,  1.87s/it] 44%|████▍     | 7/16 [00:12<00:15,  1.76s/it] 50%|█████     | 8/16 [00:13<00:13,  1.68s/it] 56%|█████▋    | 9/16 [00:14<00:11,  1.62s/it] 62%|██████▎   | 10/16 [00:15<00:09,  1.56s/it] 69%|██████▉   | 11/16 [00:16<00:07,  1.52s/it] 75%|███████▌  | 12/16 [00:17<00:05,  1.46s/it] 81%|████████▏ | 13/16 [00:18<00:04,  1.42s/it] 88%|████████▊ | 14/16 [00:19<00:02,  1.39s/it] 94%|█████████▍| 15/16 [00:20<00:01,  1.36s/it]100%|██████████| 16/16 [00:20<00:00,  1.28s/it]
INFO:nli-debug-cli.py:Number of examples: 1930
INFO:nli-debug-cli.py:Accuracy: 0.6088
INFO:nli-debug-cli.py:(S1 contradicts S2) XOR (S2 contradicts S1): 632
INFO:nli-debug-cli.py:(S1 contradicts S2): 524
INFO:nli-debug-cli.py:(S1 contradicts S2) AND NOT(S2 contradicts S1): 316 (0.6031)
INFO:nli-debug-cli.py:(S1 entailment S2): 236
INFO:nli-debug-cli.py:(S1 entailment S2) AND (S2 contradicts S1): 18 (0.0763)
INFO:nli-debug-cli.py:(S1 neutral S2): 524
INFO:nli-debug-cli.py:(S1 neutral S2) AND (S2 contradicts S1): 298 (0.5687)
INFO:nli-debug-cli.py:(True): 3860 [1930 + 1930]
INFO:nli-debug-cli.py:(True) AND NOT(S1 entails S1): 10 [5 + 5] (0.0026)
