INFO:root:discriminator/aggregate/transform_aggregate/fully_connected/biases:0 ((200,)): 200 params
INFO:root:discriminator/aggregate/transform_aggregate/fully_connected_1/weights:0 ((200, 200)): 40000 params
INFO:root:discriminator/aggregate/transform_aggregate/fully_connected_1/biases:0 ((200,)): 200 params
INFO:root:discriminator/aggregate/fully_connected/weights:0 ((200, 3)): 600 params
INFO:root:discriminator/aggregate/fully_connected/biases:0 ((3,)): 3 params
INFO:nli-debug-cli.py:Total Trainable Discriminator Parameters: 12075203
INFO:tensorflow:Restoring parameters from models/snli/dam_1/acl/batch_dsearch_reg_v1/dam_1_0
INFO:tensorflow:Restoring parameters from models/snli/dam_1/acl/batch_dsearch_reg_v1/dam_1_0
  0%|          | 0/16 [00:00<?, ?it/s]  6%|▋         | 1/16 [00:04<01:00,  4.03s/it] 12%|█▎        | 2/16 [00:04<00:34,  2.44s/it] 19%|█▉        | 3/16 [00:06<00:26,  2.00s/it] 25%|██▌       | 4/16 [00:06<00:20,  1.71s/it] 31%|███▏      | 5/16 [00:07<00:17,  1.56s/it] 38%|███▊      | 6/16 [00:08<00:14,  1.48s/it] 44%|████▍     | 7/16 [00:10<00:13,  1.53s/it] 50%|█████     | 8/16 [00:11<00:11,  1.47s/it] 56%|█████▋    | 9/16 [00:13<00:10,  1.46s/it] 62%|██████▎   | 10/16 [00:14<00:08,  1.42s/it] 69%|██████▉   | 11/16 [00:14<00:06,  1.34s/it] 75%|███████▌  | 12/16 [00:16<00:05,  1.39s/it] 81%|████████▏ | 13/16 [00:17<00:04,  1.36s/it] 88%|████████▊ | 14/16 [00:18<00:02,  1.29s/it] 94%|█████████▍| 15/16 [00:18<00:01,  1.25s/it]100%|██████████| 16/16 [00:18<00:00,  1.18s/it]
INFO:nli-debug-cli.py:Number of examples: 1928
INFO:nli-debug-cli.py:Accuracy: 0.5394
INFO:nli-debug-cli.py:(S1 contradicts S2) XOR (S2 contradicts S1): 1484
INFO:nli-debug-cli.py:(S1 contradicts S2): 898
INFO:nli-debug-cli.py:(S1 contradicts S2) AND NOT(S2 contradicts S1): 742 (0.8263)
INFO:nli-debug-cli.py:(S1 entailment S2): 229
INFO:nli-debug-cli.py:(S1 entailment S2) AND (S2 contradicts S1): 170 (0.7424)
INFO:nli-debug-cli.py:(S1 neutral S2): 898
INFO:nli-debug-cli.py:(S1 neutral S2) AND (S2 contradicts S1): 572 (0.6370)
INFO:nli-debug-cli.py:(True): 3856 [1928 + 1928]
INFO:nli-debug-cli.py:(True) AND NOT(S1 entails S1): 8 [4 + 4] (0.0021)
