INFO:root:discriminator/aggregate/transform_aggregate/fully_connected/biases:0 ((200,)): 200 params
INFO:root:discriminator/aggregate/transform_aggregate/fully_connected_1/weights:0 ((200, 200)): 40000 params
INFO:root:discriminator/aggregate/transform_aggregate/fully_connected_1/biases:0 ((200,)): 200 params
INFO:root:discriminator/aggregate/fully_connected/weights:0 ((200, 3)): 600 params
INFO:root:discriminator/aggregate/fully_connected/biases:0 ((3,)): 3 params
INFO:nli-debug-cli.py:Total Trainable Discriminator Parameters: 12075203
INFO:tensorflow:Restoring parameters from models/snli/dam_1/acl/batch_dsearch_reg_v1/dam_1_0
INFO:tensorflow:Restoring parameters from models/snli/dam_1/acl/batch_dsearch_reg_v1/dam_1_0
  0%|          | 0/8 [00:00<?, ?it/s] 12%|█▎        | 1/8 [00:01<00:08,  1.25s/it] 25%|██▌       | 2/8 [00:01<00:04,  1.26it/s] 38%|███▊      | 3/8 [00:02<00:03,  1.35it/s] 50%|█████     | 4/8 [00:02<00:02,  1.44it/s] 62%|██████▎   | 5/8 [00:04<00:02,  1.23it/s] 75%|███████▌  | 6/8 [00:05<00:01,  1.16it/s] 88%|████████▊ | 7/8 [00:07<00:01,  1.02s/it]100%|██████████| 8/8 [00:07<00:00,  1.06it/s]
INFO:nli-debug-cli.py:Number of examples: 964
INFO:nli-debug-cli.py:Accuracy: 0.5176
INFO:nli-debug-cli.py:(S1 contradicts S2) XOR (S2 contradicts S1): 808
INFO:nli-debug-cli.py:(S1 contradicts S2): 456
INFO:nli-debug-cli.py:(S1 contradicts S2) AND NOT(S2 contradicts S1): 404 (0.8860)
INFO:nli-debug-cli.py:(S1 entailment S2): 106
INFO:nli-debug-cli.py:(S1 entailment S2) AND (S2 contradicts S1): 85 (0.8019)
INFO:nli-debug-cli.py:(S1 neutral S2): 456
INFO:nli-debug-cli.py:(S1 neutral S2) AND (S2 contradicts S1): 319 (0.6996)
INFO:nli-debug-cli.py:(True): 1928 [964 + 964]
INFO:nli-debug-cli.py:(True) AND NOT(S1 entails S1): 4 [2 + 2] (0.0021)
