INFO:root:discriminator/aggregate/transform_aggregate/fully_connected/biases:0 ((200,)): 200 params
INFO:root:discriminator/aggregate/transform_aggregate/fully_connected_1/weights:0 ((200, 200)): 40000 params
INFO:root:discriminator/aggregate/transform_aggregate/fully_connected_1/biases:0 ((200,)): 200 params
INFO:root:discriminator/aggregate/fully_connected/weights:0 ((200, 3)): 600 params
INFO:root:discriminator/aggregate/fully_connected/biases:0 ((3,)): 3 params
INFO:nli-debug-cli.py:Total Trainable Discriminator Parameters: 12075203
INFO:tensorflow:Restoring parameters from models/snli/dam_1/acl/batch_dsearch_reg_v1/dam_1_3
INFO:tensorflow:Restoring parameters from models/snli/dam_1/acl/batch_dsearch_reg_v1/dam_1_3
  0%|          | 0/16 [00:00<?, ?it/s]  6%|▋         | 1/16 [00:05<01:18,  5.25s/it] 12%|█▎        | 2/16 [00:06<00:43,  3.10s/it] 19%|█▉        | 3/16 [00:07<00:30,  2.34s/it] 25%|██▌       | 4/16 [00:07<00:23,  1.93s/it] 31%|███▏      | 5/16 [00:08<00:19,  1.75s/it] 38%|███▊      | 6/16 [00:10<00:16,  1.69s/it] 44%|████▍     | 7/16 [00:11<00:14,  1.66s/it] 50%|█████     | 8/16 [00:12<00:12,  1.62s/it] 56%|█████▋    | 9/16 [00:14<00:11,  1.61s/it] 62%|██████▎   | 10/16 [00:15<00:09,  1.53s/it] 69%|██████▉   | 11/16 [00:16<00:07,  1.47s/it] 75%|███████▌  | 12/16 [00:16<00:05,  1.40s/it] 81%|████████▏ | 13/16 [00:17<00:04,  1.36s/it] 88%|████████▊ | 14/16 [00:18<00:02,  1.33s/it] 94%|█████████▍| 15/16 [00:19<00:01,  1.30s/it]100%|██████████| 16/16 [00:19<00:00,  1.23s/it]
INFO:nli-debug-cli.py:Number of examples: 1930
INFO:nli-debug-cli.py:Accuracy: 0.6031
INFO:nli-debug-cli.py:(S1 contradicts S2) XOR (S2 contradicts S1): 910
INFO:nli-debug-cli.py:(S1 contradicts S2): 803
INFO:nli-debug-cli.py:(S1 contradicts S2) AND NOT(S2 contradicts S1): 455 (0.5666)
INFO:nli-debug-cli.py:(S1 entailment S2): 224
INFO:nli-debug-cli.py:(S1 entailment S2) AND (S2 contradicts S1): 86 (0.3839)
INFO:nli-debug-cli.py:(S1 neutral S2): 803
INFO:nli-debug-cli.py:(S1 neutral S2) AND (S2 contradicts S1): 369 (0.4595)
INFO:nli-debug-cli.py:(True): 3860 [1930 + 1930]
INFO:nli-debug-cli.py:(True) AND NOT(S1 entails S1): 6 [3 + 3] (0.0016)
