INFO:root:discriminator/aggregate/transform_aggregate/fully_connected/biases:0 ((200,)): 200 params
INFO:root:discriminator/aggregate/transform_aggregate/fully_connected_1/weights:0 ((200, 200)): 40000 params
INFO:root:discriminator/aggregate/transform_aggregate/fully_connected_1/biases:0 ((200,)): 200 params
INFO:root:discriminator/aggregate/fully_connected/weights:0 ((200, 3)): 600 params
INFO:root:discriminator/aggregate/fully_connected/biases:0 ((3,)): 3 params
INFO:nli-debug-cli.py:Total Trainable Discriminator Parameters: 12075203
INFO:tensorflow:Restoring parameters from models/snli/dam_1/acl/batch_dsearch_reg_v1/dam_1_6
INFO:tensorflow:Restoring parameters from models/snli/dam_1/acl/batch_dsearch_reg_v1/dam_1_6
  0%|          | 0/16 [00:00<?, ?it/s]  6%|▋         | 1/16 [00:03<00:59,  3.95s/it] 12%|█▎        | 2/16 [00:05<00:35,  2.55s/it] 19%|█▉        | 3/16 [00:06<00:27,  2.08s/it] 25%|██▌       | 4/16 [00:07<00:23,  2.00s/it] 31%|███▏      | 5/16 [00:09<00:20,  1.87s/it] 38%|███▊      | 6/16 [00:11<00:18,  1.89s/it] 44%|████▍     | 7/16 [00:12<00:16,  1.79s/it] 50%|█████     | 8/16 [00:13<00:13,  1.70s/it] 56%|█████▋    | 9/16 [00:14<00:11,  1.64s/it] 62%|██████▎   | 10/16 [00:16<00:09,  1.64s/it] 69%|██████▉   | 11/16 [00:17<00:07,  1.59s/it] 75%|███████▌  | 12/16 [00:18<00:06,  1.51s/it] 81%|████████▏ | 13/16 [00:19<00:04,  1.49s/it] 88%|████████▊ | 14/16 [00:20<00:02,  1.49s/it] 94%|█████████▍| 15/16 [00:21<00:01,  1.44s/it]100%|██████████| 16/16 [00:21<00:00,  1.36s/it]
INFO:nli-debug-cli.py:Number of examples: 1924
INFO:nli-debug-cli.py:Accuracy: 0.5369
INFO:nli-debug-cli.py:(S1 contradicts S2) XOR (S2 contradicts S1): 1622
INFO:nli-debug-cli.py:(S1 contradicts S2): 1099
INFO:nli-debug-cli.py:(S1 contradicts S2) AND NOT(S2 contradicts S1): 811 (0.7379)
INFO:nli-debug-cli.py:(S1 entailment S2): 235
INFO:nli-debug-cli.py:(S1 entailment S2) AND (S2 contradicts S1): 230 (0.9787)
INFO:nli-debug-cli.py:(S1 neutral S2): 1099
INFO:nli-debug-cli.py:(S1 neutral S2) AND (S2 contradicts S1): 581 (0.5287)
INFO:nli-debug-cli.py:(True): 3848 [1924 + 1924]
INFO:nli-debug-cli.py:(True) AND NOT(S1 entails S1): 6 [3 + 3] (0.0016)
