INFO:root:discriminator/aggregate/transform_aggregate/fully_connected/biases:0 ((200,)): 200 params
INFO:root:discriminator/aggregate/transform_aggregate/fully_connected_1/weights:0 ((200, 200)): 40000 params
INFO:root:discriminator/aggregate/transform_aggregate/fully_connected_1/biases:0 ((200,)): 200 params
INFO:root:discriminator/aggregate/fully_connected/weights:0 ((200, 3)): 600 params
INFO:root:discriminator/aggregate/fully_connected/biases:0 ((3,)): 3 params
INFO:nli-debug-cli.py:Total Trainable Discriminator Parameters: 12075203
INFO:tensorflow:Restoring parameters from models/snli/dam_1/acl/batch_dsearch_reg_v1/dam_1_6
INFO:tensorflow:Restoring parameters from models/snli/dam_1/acl/batch_dsearch_reg_v1/dam_1_6
  0%|          | 0/16 [00:00<?, ?it/s]  6%|▋         | 1/16 [00:05<01:18,  5.25s/it] 12%|█▎        | 2/16 [00:06<00:44,  3.15s/it] 19%|█▉        | 3/16 [00:07<00:30,  2.36s/it] 25%|██▌       | 4/16 [00:07<00:23,  1.98s/it] 31%|███▏      | 5/16 [00:09<00:19,  1.82s/it] 38%|███▊      | 6/16 [00:10<00:16,  1.67s/it] 44%|████▍     | 7/16 [00:11<00:14,  1.66s/it] 50%|█████     | 8/16 [00:13<00:13,  1.63s/it] 56%|█████▋    | 9/16 [00:14<00:11,  1.60s/it] 62%|██████▎   | 10/16 [00:15<00:09,  1.60s/it] 69%|██████▉   | 11/16 [00:16<00:07,  1.53s/it] 75%|███████▌  | 12/16 [00:17<00:05,  1.47s/it] 81%|████████▏ | 13/16 [00:18<00:04,  1.42s/it] 88%|████████▊ | 14/16 [00:19<00:02,  1.38s/it] 94%|█████████▍| 15/16 [00:20<00:01,  1.36s/it]100%|██████████| 16/16 [00:20<00:00,  1.28s/it]
INFO:nli-debug-cli.py:Number of examples: 1930
INFO:nli-debug-cli.py:Accuracy: 0.5938
INFO:nli-debug-cli.py:(S1 contradicts S2) XOR (S2 contradicts S1): 968
INFO:nli-debug-cli.py:(S1 contradicts S2): 906
INFO:nli-debug-cli.py:(S1 contradicts S2) AND NOT(S2 contradicts S1): 484 (0.5342)
INFO:nli-debug-cli.py:(S1 entailment S2): 220
INFO:nli-debug-cli.py:(S1 entailment S2) AND (S2 contradicts S1): 104 (0.4727)
INFO:nli-debug-cli.py:(S1 neutral S2): 906
INFO:nli-debug-cli.py:(S1 neutral S2) AND (S2 contradicts S1): 380 (0.4194)
INFO:nli-debug-cli.py:(True): 3860 [1930 + 1930]
INFO:nli-debug-cli.py:(True) AND NOT(S1 entails S1): 6 [3 + 3] (0.0016)
