INFO:root:discriminator/aggregate/transform_aggregate/fully_connected/biases:0 ((200,)): 200 params
INFO:root:discriminator/aggregate/transform_aggregate/fully_connected_1/weights:0 ((200, 200)): 40000 params
INFO:root:discriminator/aggregate/transform_aggregate/fully_connected_1/biases:0 ((200,)): 200 params
INFO:root:discriminator/aggregate/fully_connected/weights:0 ((200, 3)): 600 params
INFO:root:discriminator/aggregate/fully_connected/biases:0 ((3,)): 3 params
INFO:nli-debug-cli.py:Total Trainable Discriminator Parameters: 12075203
INFO:tensorflow:Restoring parameters from models/snli/dam_1/acl/batch_dsearch_reg_v1/dam_1_6
INFO:tensorflow:Restoring parameters from models/snli/dam_1/acl/batch_dsearch_reg_v1/dam_1_6
  0%|          | 0/8 [00:00<?, ?it/s] 12%|█▎        | 1/8 [00:01<00:12,  1.80s/it] 25%|██▌       | 2/8 [00:02<00:06,  1.10s/it] 38%|███▊      | 3/8 [00:02<00:04,  1.22it/s] 50%|█████     | 4/8 [00:02<00:02,  1.48it/s] 62%|██████▎   | 5/8 [00:02<00:01,  1.68it/s] 75%|███████▌  | 6/8 [00:03<00:01,  1.92it/s] 88%|████████▊ | 7/8 [00:03<00:00,  2.04it/s]100%|██████████| 8/8 [00:03<00:00,  2.23it/s]
INFO:nli-debug-cli.py:Number of examples: 960
INFO:nli-debug-cli.py:Accuracy: 0.5990
INFO:nli-debug-cli.py:(S1 contradicts S2) XOR (S2 contradicts S1): 538
INFO:nli-debug-cli.py:(S1 contradicts S2): 473
INFO:nli-debug-cli.py:(S1 contradicts S2) AND NOT(S2 contradicts S1): 269 (0.5687)
INFO:nli-debug-cli.py:(S1 entailment S2): 103
INFO:nli-debug-cli.py:(S1 entailment S2) AND (S2 contradicts S1): 59 (0.5728)
INFO:nli-debug-cli.py:(S1 neutral S2): 473
INFO:nli-debug-cli.py:(S1 neutral S2) AND (S2 contradicts S1): 210 (0.4440)
INFO:nli-debug-cli.py:(True): 1920 [960 + 960]
INFO:nli-debug-cli.py:(True) AND NOT(S1 entails S1): 2 [1 + 1] (0.0010)
