INFO:root:discriminator/aggregate/transform_aggregate/fully_connected/biases:0 ((200,)): 200 params
INFO:root:discriminator/aggregate/transform_aggregate/fully_connected_1/weights:0 ((200, 200)): 40000 params
INFO:root:discriminator/aggregate/transform_aggregate/fully_connected_1/biases:0 ((200,)): 200 params
INFO:root:discriminator/aggregate/fully_connected/weights:0 ((200, 3)): 600 params
INFO:root:discriminator/aggregate/fully_connected/biases:0 ((3,)): 3 params
INFO:nli-debug-cli.py:Total Trainable Discriminator Parameters: 12075203
INFO:tensorflow:Restoring parameters from models/snli/dam_1/acl/batch_dsearch_reg_v1/dam_1_9
INFO:tensorflow:Restoring parameters from models/snli/dam_1/acl/batch_dsearch_reg_v1/dam_1_9
  0%|          | 0/8 [00:00<?, ?it/s] 12%|█▎        | 1/8 [00:02<00:14,  2.06s/it] 25%|██▌       | 2/8 [00:02<00:07,  1.29s/it] 38%|███▊      | 3/8 [00:03<00:06,  1.31s/it] 50%|█████     | 4/8 [00:04<00:04,  1.23s/it] 62%|██████▎   | 5/8 [00:05<00:03,  1.16s/it] 75%|███████▌  | 6/8 [00:06<00:02,  1.16s/it] 88%|████████▊ | 7/8 [00:07<00:01,  1.10s/it]100%|██████████| 8/8 [00:07<00:00,  1.00it/s]
INFO:nli-debug-cli.py:Number of examples: 964
INFO:nli-debug-cli.py:Accuracy: 0.5602
INFO:nli-debug-cli.py:(S1 contradicts S2) XOR (S2 contradicts S1): 766
INFO:nli-debug-cli.py:(S1 contradicts S2): 581
INFO:nli-debug-cli.py:(S1 contradicts S2) AND NOT(S2 contradicts S1): 383 (0.6592)
INFO:nli-debug-cli.py:(S1 entailment S2): 122
INFO:nli-debug-cli.py:(S1 entailment S2) AND (S2 contradicts S1): 122 (1.0000)
INFO:nli-debug-cli.py:(S1 neutral S2): 581
INFO:nli-debug-cli.py:(S1 neutral S2) AND (S2 contradicts S1): 261 (0.4492)
INFO:nli-debug-cli.py:(True): 1928 [964 + 964]
INFO:nli-debug-cli.py:(True) AND NOT(S1 entails S1): 0 [0 + 0] (0.0000)
