INFO:root:discriminator/aggregate/transform_aggregate/fully_connected/biases:0 ((200,)): 200 params
INFO:root:discriminator/aggregate/transform_aggregate/fully_connected_1/weights:0 ((200, 200)): 40000 params
INFO:root:discriminator/aggregate/transform_aggregate/fully_connected_1/biases:0 ((200,)): 200 params
INFO:root:discriminator/aggregate/fully_connected/weights:0 ((200, 3)): 600 params
INFO:root:discriminator/aggregate/fully_connected/biases:0 ((3,)): 3 params
INFO:nli-debug-cli.py:Total Trainable Discriminator Parameters: 12075203
INFO:tensorflow:Restoring parameters from models/snli/dam_1/acl/batch_dsearch_reg_v1/dam_1_9
INFO:tensorflow:Restoring parameters from models/snli/dam_1/acl/batch_dsearch_reg_v1/dam_1_9
  0%|          | 0/16 [00:00<?, ?it/s]  6%|▋         | 1/16 [00:04<01:10,  4.69s/it] 12%|█▎        | 2/16 [00:05<00:37,  2.71s/it] 19%|█▉        | 3/16 [00:06<00:30,  2.31s/it] 25%|██▌       | 4/16 [00:08<00:25,  2.12s/it] 31%|███▏      | 5/16 [00:09<00:21,  1.98s/it] 38%|███▊      | 6/16 [00:11<00:19,  2.00s/it] 44%|████▍     | 7/16 [00:13<00:17,  1.91s/it] 50%|█████     | 8/16 [00:13<00:13,  1.75s/it] 56%|█████▋    | 9/16 [00:15<00:11,  1.68s/it] 62%|██████▎   | 10/16 [00:16<00:09,  1.62s/it] 69%|██████▉   | 11/16 [00:17<00:07,  1.58s/it] 75%|███████▌  | 12/16 [00:18<00:06,  1.51s/it] 81%|████████▏ | 13/16 [00:18<00:04,  1.46s/it] 88%|████████▊ | 14/16 [00:20<00:02,  1.45s/it] 94%|█████████▍| 15/16 [00:20<00:01,  1.40s/it]100%|██████████| 16/16 [00:21<00:00,  1.32s/it]
INFO:nli-debug-cli.py:Number of examples: 1924
INFO:nli-debug-cli.py:Accuracy: 0.5785
INFO:nli-debug-cli.py:(S1 contradicts S2) XOR (S2 contradicts S1): 1422
INFO:nli-debug-cli.py:(S1 contradicts S2): 1197
INFO:nli-debug-cli.py:(S1 contradicts S2) AND NOT(S2 contradicts S1): 711 (0.5940)
INFO:nli-debug-cli.py:(S1 entailment S2): 227
INFO:nli-debug-cli.py:(S1 entailment S2) AND (S2 contradicts S1): 224 (0.9868)
INFO:nli-debug-cli.py:(S1 neutral S2): 1197
INFO:nli-debug-cli.py:(S1 neutral S2) AND (S2 contradicts S1): 487 (0.4069)
INFO:nli-debug-cli.py:(True): 3848 [1924 + 1924]
INFO:nli-debug-cli.py:(True) AND NOT(S1 entails S1): 6 [3 + 3] (0.0016)
